<!DOCTYPE html>
<html>
<head>

<meta http-equiv="Content-Type" content="text/html; charset=UTF-8" />

<script src="js/jquery.min.js"></script>
<script src="js/jquery.tablesorter.min.js"></script>
<script src="js/Chart.min.js"></script>
<script src="js/moment.min.js"></script>
<script src="js/bootstrap.min.js"></script>

<link rel="stylesheet" href="css/bootstrap.min.css" type="text/css"/>
<link rel="stylesheet" href="css/cucumber.css" type="text/css"/>
<link rel="stylesheet" href="css/font-awesome.min.css"/>
<link rel="shortcut icon" href="images/favicon.png"/>

<script>
$(document).ready(function() {
    // this will tell tablesorter to try looking for the data-value attribute
    // if present, it'll sort by that instead
    // otherwise, it'll sort by the text content of the table cell
    $("#tablesorter").tablesorter({
        textAttribute: 'data-value',
        // ignores the first row of the header, the 'scenario', 'steps', since
        // sorting those doesn't make sense
        selectorHeaders: '> thead tr:not(.dont-sort) th',
        // use a stable sort
        sortStable: true
    });
});
</script>











<title>Cucumber Reports  - Tag: @Departments</title>

</head>
<body>

<nav class="navbar navbar-default navbar-fixed-top" id="navigation">
  <div class="container-fluid">
    <div class="collapse navbar-collapse">
      <p class="navbar-text navbar-left">Cucumber Report</p>
      <ul class="nav navbar-nav navbar-right">
        <li role="presentation" ><a href="overview-features.html">Features</a></li>
        <li role="presentation" ><a href="overview-tags.html">Tags</a></li>
        <li role="presentation" ><a href="overview-steps.html">Steps</a></li>
        <li role="presentation" ><a href="overview-failures.html">Failures</a></li>
      </ul>
    </div>
  </div>
</nav>


<div class="container-fluid">
  <div class="col-md-5 col-md-offset-1">

<table class="table table-bordered" id="build-info">
  <thead>
    <tr>
      <th>Project</th>
      <th>Date</th>
    </tr>
  </thead>
  <tbody>
    <tr class="info">
      <td>No Name (add projectName to cucumber-reporting.properties)</td>
      <td>18 Apr 2024, 14:33</td>
    </tr>
  </tbody>
</table>

  </div>
  <div class="col-md-3 col-md-offset-2">
  </div>
</div>


<div id="report-lead" class="container-fluid">
  <div class="col-md-10 col-md-offset-1">
    <h2>Tag Report</h2>
  </div>
</div>


<div class="container-fluid" id="report">
  <div class="row">
    <div class="col-md-10 col-md-offset-1">
      <table class="stats-table">


<thead>
  <tr class="header dont-sort">
      <th></th>
    <th colspan="6">Steps</th>
    <th colspan="3">Scenarios</th>
    <th colspan="2">Features</th>
  </tr>
  <tr>
    <th>Tag</th>
    <th class="passed">Passed</th>
    <th class="failed">Failed</th>
    <th class="skipped">Skipped</th>
    <th class="pending">Pending</th>
    <th class="undefined">Undefined</th>
    <th class="total">Total</th>

    <th class="passed">Passed</th>
    <th class="failed">Failed</th>
    <th class="total">Total</th>

    <th>Duration</th>
    <th>Status</th>
  </tr>
</thead>


        <tbody>
        <tr>
          <td class="tagname">@Departments</td>
          <td      class="passed"    >31</td>
          <td      class="failed"    >13</td>
          <td     class="skipped"   >30</td>
          <td >0</td>
          <td >0</td>
          <td class="total">74</td>

          <td  class="passed"    >12</td>
          <td  class="failed"    >13</td>
          <td class="total">25</td>

          <td class="duration" data-value="3347060743500">55:47.060</td>
          <td class="failed">Failed</td>
        </tr>
        </tbody>

      </table>
    </div>
  </div>
</div>



<div class="container-fluid">
  <div class="row">
    <div class="col-md-1 col-md-offset-10">
      <i class="fa fa-chevron-circle-down fa-2x collapsable-control"
        onClick="javascript:$('#report .collapsable-details').collapse('show')"></i>
      <i class="fa fa-chevron-circle-up fa-2x collapsable-control"
        onClick="javascript:$('#report .collapsable-details').collapse('hide')"></i>
    </div>
  </div>
</div>


<div class="container-fluid" id="report">
  <div class="row">
    <div class="col-md-10 col-md-offset-1">
      <div class="elements">


<div class="element">
    <div class="indention">
      <b>Feature:</b>
      <a href="report-feature_2_1383655195.html">Product and Items - Departments</a>
    </div>


<div class="tags indention">
    <b>Tags:</b>
       <a href="report-tag_628519455.html">@Product/Items</a>
       <a href="report-tag_4010616576.html">@Departments</a>
       <a href="report-tag_2711777312.html">@Product/Items01</a>
       <a href="report-tag_4070029663.html">@DepartmentsA</a>
</div>


  <span class="lead-duration duration">8.191</span>


  <span data-toggle="collapse" class=" collapsed  collapsable-control" data-target="#element-1">

<div class="brief passed">
  <span class="keyword indention">Scenario</span>
  <span class="name">Verify whether the Department Header is Displayed</span>


     <i class="chevron fa fa-fw"></i>
</div>

  </span>
  <div class="description indention"></div>

  <div id="element-1" class="collapse collapsable-details ">


  <div class="inner-level hooks-element-before">
    <div data-toggle="collapse" class=" collapsed  collapsable-control" data-target="#before-2">

<div class="brief passed">
  <span class="keyword indention">Hooks</span>
  <span class="name"></span>


     <i class="chevron fa fa-fw"></i>
</div>

    </div>

    <div id="before-2" class="inner-level collapse collapsable-details ">
        <div class="hook">
          <div class="brief passed">
            <span class="keyword indention">Before</span>
              <span class="location name">StepDefinition.Hooks.Start_Scenario(io.cucumber.java.Scenario)</span>

  <span class="lead-duration duration">30.419</span>

          </div>







        </div>
    </div>
  </div>



<div class="steps inner-level">
  <div data-toggle="collapse" class=" collapsed  collapsable-control" data-target="#steps-3">

<div class="brief passed">
  <span class="keyword indention">Steps</span>
  <span class="name"></span>


     <i class="chevron fa fa-fw"></i>
</div>

  </div>

  <div id="steps-3" class="inner-level collapse collapsable-details ">
      <div class="step">


<div class="brief step-name-Given passed">
  <span class="keyword indention">Given</span>
  <span class="name">Verifying the Department Header Page</span>

  <span class="lead-duration duration">8.191</span>

</div>
















      </div>
  </div>
</div>




  <div class="inner-level hooks-element-after">
    <div data-toggle="collapse" class=" collapsed  collapsable-control" data-target="#after-4">

<div class="brief passed">
  <span class="keyword indention">Hooks</span>
  <span class="name"></span>


     <i class="chevron fa fa-fw"></i>
</div>

    </div>

    <div id="after-4" class="inner-level collapse collapsable-details ">
        <div class="hook">
          <div class="brief passed">
            <span class="keyword indention">After</span>
              <span class="location name">StepDefinition.Hooks.TestFail(io.cucumber.java.Scenario)</span>

  <span class="lead-duration duration">0.000</span>

          </div>







        </div>
    </div>
  </div>

  </div>
</div>


<div class="element">
    <div class="indention">
      <b>Feature:</b>
      <a href="report-feature_2_1383655195.html">Product and Items - Departments</a>
    </div>


<div class="tags indention">
    <b>Tags:</b>
       <a href="report-tag_628519455.html">@Product/Items</a>
       <a href="report-tag_4010616576.html">@Departments</a>
       <a href="report-tag_2711777312.html">@Product/Items01</a>
       <a href="report-tag_4070029663.html">@DepartmentsA</a>
</div>


  <span class="lead-duration duration">16.695</span>


  <span data-toggle="collapse" class=" collapsed  collapsable-control" data-target="#element-5">

<div class="brief passed">
  <span class="keyword indention">Scenario</span>
  <span class="name">Verify whether we can able to do Pagination</span>


     <i class="chevron fa fa-fw"></i>
</div>

  </span>
  <div class="description indention"></div>

  <div id="element-5" class="collapse collapsable-details ">


  <div class="inner-level hooks-element-before">
    <div data-toggle="collapse" class=" collapsed  collapsable-control" data-target="#before-6">

<div class="brief passed">
  <span class="keyword indention">Hooks</span>
  <span class="name"></span>


     <i class="chevron fa fa-fw"></i>
</div>

    </div>

    <div id="before-6" class="inner-level collapse collapsable-details ">
        <div class="hook">
          <div class="brief passed">
            <span class="keyword indention">Before</span>
              <span class="location name">StepDefinition.Hooks.Start_Scenario(io.cucumber.java.Scenario)</span>

  <span class="lead-duration duration">30.383</span>

          </div>







        </div>
    </div>
  </div>



<div class="steps inner-level">
  <div data-toggle="collapse" class=" collapsed  collapsable-control" data-target="#steps-7">

<div class="brief passed">
  <span class="keyword indention">Steps</span>
  <span class="name"></span>


     <i class="chevron fa fa-fw"></i>
</div>

  </div>

  <div id="steps-7" class="inner-level collapse collapsable-details ">
      <div class="step">


<div class="brief step-name-Given passed">
  <span class="keyword indention">Given</span>
  <span class="name">I can do the Pagination</span>

  <span class="lead-duration duration">16.695</span>

</div>
















      </div>
  </div>
</div>




  <div class="inner-level hooks-element-after">
    <div data-toggle="collapse" class=" collapsed  collapsable-control" data-target="#after-8">

<div class="brief passed">
  <span class="keyword indention">Hooks</span>
  <span class="name"></span>


     <i class="chevron fa fa-fw"></i>
</div>

    </div>

    <div id="after-8" class="inner-level collapse collapsable-details ">
        <div class="hook">
          <div class="brief passed">
            <span class="keyword indention">After</span>
              <span class="location name">StepDefinition.Hooks.TestFail(io.cucumber.java.Scenario)</span>

  <span class="lead-duration duration">0.000</span>

          </div>







        </div>
    </div>
  </div>

  </div>
</div>


<div class="element">
    <div class="indention">
      <b>Feature:</b>
      <a href="report-feature_2_1383655195.html">Product and Items - Departments</a>
    </div>


<div class="tags indention">
    <b>Tags:</b>
       <a href="report-tag_628519455.html">@Product/Items</a>
       <a href="report-tag_4010616576.html">@Departments</a>
       <a href="report-tag_2711777312.html">@Product/Items01</a>
</div>


  <span class="lead-duration duration">40.410</span>


  <span data-toggle="collapse" class=" collapsed  collapsable-control" data-target="#element-9">

<div class="brief passed">
  <span class="keyword indention">Scenario</span>
  <span class="name">Verify the Filter &amp; Ascending and Descending Order</span>


     <i class="chevron fa fa-fw"></i>
</div>

  </span>
  <div class="description indention"></div>

  <div id="element-9" class="collapse collapsable-details ">


  <div class="inner-level hooks-element-before">
    <div data-toggle="collapse" class=" collapsed  collapsable-control" data-target="#before-10">

<div class="brief passed">
  <span class="keyword indention">Hooks</span>
  <span class="name"></span>


     <i class="chevron fa fa-fw"></i>
</div>

    </div>

    <div id="before-10" class="inner-level collapse collapsable-details ">
        <div class="hook">
          <div class="brief passed">
            <span class="keyword indention">Before</span>
              <span class="location name">StepDefinition.Hooks.Start_Scenario(io.cucumber.java.Scenario)</span>

  <span class="lead-duration duration">30.401</span>

          </div>







        </div>
    </div>
  </div>



<div class="steps inner-level">
  <div data-toggle="collapse" class=" collapsed  collapsable-control" data-target="#steps-11">

<div class="brief passed">
  <span class="keyword indention">Steps</span>
  <span class="name"></span>


     <i class="chevron fa fa-fw"></i>
</div>

  </div>

  <div id="steps-11" class="inner-level collapse collapsable-details ">
      <div class="step">


<div class="brief step-name-When passed">
  <span class="keyword indention">When</span>
  <span class="name">User Select the Filter option with Columns</span>

  <span class="lead-duration duration">10.364</span>

</div>
















      </div>
      <div class="step">


<div class="brief step-name-And passed">
  <span class="keyword indention">And</span>
  <span class="name">Verify the Ascending and Descending Order</span>

  <span class="lead-duration duration">30.046</span>

</div>
















      </div>
  </div>
</div>




  <div class="inner-level hooks-element-after">
    <div data-toggle="collapse" class=" collapsed  collapsable-control" data-target="#after-12">

<div class="brief passed">
  <span class="keyword indention">Hooks</span>
  <span class="name"></span>


     <i class="chevron fa fa-fw"></i>
</div>

    </div>

    <div id="after-12" class="inner-level collapse collapsable-details ">
        <div class="hook">
          <div class="brief passed">
            <span class="keyword indention">After</span>
              <span class="location name">StepDefinition.Hooks.TestFail(io.cucumber.java.Scenario)</span>

  <span class="lead-duration duration">0.000</span>

          </div>







        </div>
    </div>
  </div>

  </div>
</div>


<div class="element">
    <div class="indention">
      <b>Feature:</b>
      <a href="report-feature_2_1383655195.html">Product and Items - Departments</a>
    </div>


<div class="tags indention">
    <b>Tags:</b>
       <a href="report-tag_628519455.html">@Product/Items</a>
       <a href="report-tag_4010616576.html">@Departments</a>
       <a href="report-tag_2711777312.html">@Product/Items01</a>
       <a href="report-tag_4070029663.html">@DepartmentsA</a>
</div>


  <span class="lead-duration duration">4.435</span>


  <span data-toggle="collapse" class=" collapsed  collapsable-control" data-target="#element-13">

<div class="brief passed">
  <span class="keyword indention">Scenario</span>
  <span class="name">Verify the New Department Page header</span>


     <i class="chevron fa fa-fw"></i>
</div>

  </span>
  <div class="description indention"></div>

  <div id="element-13" class="collapse collapsable-details ">


  <div class="inner-level hooks-element-before">
    <div data-toggle="collapse" class=" collapsed  collapsable-control" data-target="#before-14">

<div class="brief passed">
  <span class="keyword indention">Hooks</span>
  <span class="name"></span>


     <i class="chevron fa fa-fw"></i>
</div>

    </div>

    <div id="before-14" class="inner-level collapse collapsable-details ">
        <div class="hook">
          <div class="brief passed">
            <span class="keyword indention">Before</span>
              <span class="location name">StepDefinition.Hooks.Start_Scenario(io.cucumber.java.Scenario)</span>

  <span class="lead-duration duration">30.511</span>

          </div>







        </div>
    </div>
  </div>



<div class="steps inner-level">
  <div data-toggle="collapse" class=" collapsed  collapsable-control" data-target="#steps-15">

<div class="brief passed">
  <span class="keyword indention">Steps</span>
  <span class="name"></span>


     <i class="chevron fa fa-fw"></i>
</div>

  </div>

  <div id="steps-15" class="inner-level collapse collapsable-details ">
      <div class="step">


<div class="brief step-name-Given passed">
  <span class="keyword indention">Given</span>
  <span class="name">Click the New Department button</span>

  <span class="lead-duration duration">2.190</span>

</div>
















      </div>
      <div class="step">


<div class="brief step-name-When passed">
  <span class="keyword indention">When</span>
  <span class="name">Verify the New Department Header</span>

  <span class="lead-duration duration">2.244</span>

</div>
















      </div>
  </div>
</div>




  <div class="inner-level hooks-element-after">
    <div data-toggle="collapse" class=" collapsed  collapsable-control" data-target="#after-16">

<div class="brief passed">
  <span class="keyword indention">Hooks</span>
  <span class="name"></span>


     <i class="chevron fa fa-fw"></i>
</div>

    </div>

    <div id="after-16" class="inner-level collapse collapsable-details ">
        <div class="hook">
          <div class="brief passed">
            <span class="keyword indention">After</span>
              <span class="location name">StepDefinition.Hooks.TestFail(io.cucumber.java.Scenario)</span>

  <span class="lead-duration duration">0.000</span>

          </div>







        </div>
    </div>
  </div>

  </div>
</div>


<div class="element">
    <div class="indention">
      <b>Feature:</b>
      <a href="report-feature_2_1383655195.html">Product and Items - Departments</a>
    </div>


<div class="tags indention">
    <b>Tags:</b>
       <a href="report-tag_628519455.html">@Product/Items</a>
       <a href="report-tag_4010616576.html">@Departments</a>
       <a href="report-tag_2711777312.html">@Product/Items01</a>
       <a href="report-tag_4070029663.html">@DepartmentsA</a>
</div>


  <span class="lead-duration duration">4.257</span>


  <span data-toggle="collapse" class=" collapsed  collapsable-control" data-target="#element-17">

<div class="brief passed">
  <span class="keyword indention">Scenario</span>
  <span class="name">Verify whether we able to create the New Department without Entering Name/Mandatory Fields</span>


     <i class="chevron fa fa-fw"></i>
</div>

  </span>
  <div class="description indention"></div>

  <div id="element-17" class="collapse collapsable-details ">


  <div class="inner-level hooks-element-before">
    <div data-toggle="collapse" class=" collapsed  collapsable-control" data-target="#before-18">

<div class="brief passed">
  <span class="keyword indention">Hooks</span>
  <span class="name"></span>


     <i class="chevron fa fa-fw"></i>
</div>

    </div>

    <div id="before-18" class="inner-level collapse collapsable-details ">
        <div class="hook">
          <div class="brief passed">
            <span class="keyword indention">Before</span>
              <span class="location name">StepDefinition.Hooks.Start_Scenario(io.cucumber.java.Scenario)</span>

  <span class="lead-duration duration">2:20.087</span>

          </div>







        </div>
    </div>
  </div>



<div class="steps inner-level">
  <div data-toggle="collapse" class=" collapsed  collapsable-control" data-target="#steps-19">

<div class="brief passed">
  <span class="keyword indention">Steps</span>
  <span class="name"></span>


     <i class="chevron fa fa-fw"></i>
</div>

  </div>

  <div id="steps-19" class="inner-level collapse collapsable-details ">
      <div class="step">


<div class="brief step-name-Given passed">
  <span class="keyword indention">Given</span>
  <span class="name">Click the New Department button</span>

  <span class="lead-duration duration">2.117</span>

</div>
















      </div>
      <div class="step">


<div class="brief step-name-And passed">
  <span class="keyword indention">And</span>
  <span class="name">I Click the Save button without Entering Department Name</span>

  <span class="lead-duration duration">2.140</span>

</div>
















      </div>
  </div>
</div>




  <div class="inner-level hooks-element-after">
    <div data-toggle="collapse" class=" collapsed  collapsable-control" data-target="#after-20">

<div class="brief passed">
  <span class="keyword indention">Hooks</span>
  <span class="name"></span>


     <i class="chevron fa fa-fw"></i>
</div>

    </div>

    <div id="after-20" class="inner-level collapse collapsable-details ">
        <div class="hook">
          <div class="brief passed">
            <span class="keyword indention">After</span>
              <span class="location name">StepDefinition.Hooks.TestFail(io.cucumber.java.Scenario)</span>

  <span class="lead-duration duration">0.000</span>

          </div>







        </div>
    </div>
  </div>

  </div>
</div>


<div class="element">
    <div class="indention">
      <b>Feature:</b>
      <a href="report-feature_2_1383655195.html">Product and Items - Departments</a>
    </div>


<div class="tags indention">
    <b>Tags:</b>
       <a href="report-tag_628519455.html">@Product/Items</a>
       <a href="report-tag_4010616576.html">@Departments</a>
       <a href="report-tag_2711777312.html">@Product/Items01</a>
       <a href="report-tag_4070029663.html">@DepartmentsA</a>
</div>


  <span class="lead-duration duration">2:6.513</span>


  <span data-toggle="collapse" class=" collapsed  collapsable-control" data-target="#element-21">

<div class="brief passed">
  <span class="keyword indention">Scenario</span>
  <span class="name">Verify whether we able to Save the Department with Single letter</span>


     <i class="chevron fa fa-fw"></i>
</div>

  </span>
  <div class="description indention"></div>

  <div id="element-21" class="collapse collapsable-details ">


  <div class="inner-level hooks-element-before">
    <div data-toggle="collapse" class=" collapsed  collapsable-control" data-target="#before-22">

<div class="brief passed">
  <span class="keyword indention">Hooks</span>
  <span class="name"></span>


     <i class="chevron fa fa-fw"></i>
</div>

    </div>

    <div id="before-22" class="inner-level collapse collapsable-details ">
        <div class="hook">
          <div class="brief passed">
            <span class="keyword indention">Before</span>
              <span class="location name">StepDefinition.Hooks.Start_Scenario(io.cucumber.java.Scenario)</span>

  <span class="lead-duration duration">50.995</span>

          </div>







        </div>
    </div>
  </div>



<div class="steps inner-level">
  <div data-toggle="collapse" class=" collapsed  collapsable-control" data-target="#steps-23">

<div class="brief passed">
  <span class="keyword indention">Steps</span>
  <span class="name"></span>


     <i class="chevron fa fa-fw"></i>
</div>

  </div>

  <div id="steps-23" class="inner-level collapse collapsable-details ">
      <div class="step">


<div class="brief step-name-Given passed">
  <span class="keyword indention">Given</span>
  <span class="name">Click the New Department button</span>

  <span class="lead-duration duration">32.575</span>

</div>
















      </div>
      <div class="step">


<div class="brief step-name-And passed">
  <span class="keyword indention">And</span>
  <span class="name">I Enter the Single letter in Department Name and Click the Save button</span>

  <span class="lead-duration duration">1:33.938</span>

</div>
















      </div>
  </div>
</div>




  <div class="inner-level hooks-element-after">
    <div data-toggle="collapse" class=" collapsed  collapsable-control" data-target="#after-24">

<div class="brief passed">
  <span class="keyword indention">Hooks</span>
  <span class="name"></span>


     <i class="chevron fa fa-fw"></i>
</div>

    </div>

    <div id="after-24" class="inner-level collapse collapsable-details ">
        <div class="hook">
          <div class="brief passed">
            <span class="keyword indention">After</span>
              <span class="location name">StepDefinition.Hooks.TestFail(io.cucumber.java.Scenario)</span>

  <span class="lead-duration duration">0.000</span>

          </div>







        </div>
    </div>
  </div>

  </div>
</div>


<div class="element">
    <div class="indention">
      <b>Feature:</b>
      <a href="report-feature_2_1383655195.html">Product and Items - Departments</a>
    </div>


<div class="tags indention">
    <b>Tags:</b>
       <a href="report-tag_628519455.html">@Product/Items</a>
       <a href="report-tag_4010616576.html">@Departments</a>
       <a href="report-tag_2711777312.html">@Product/Items01</a>
       <a href="report-tag_4070029663.html">@DepartmentsA</a>
</div>


  <span class="lead-duration duration">2:38.742</span>


  <span data-toggle="collapse" class=" collapsed  collapsable-control" data-target="#element-25">

<div class="brief passed">
  <span class="keyword indention">Scenario</span>
  <span class="name">Verify whether we can able to Save the Department only by Entering Department code</span>


     <i class="chevron fa fa-fw"></i>
</div>

  </span>
  <div class="description indention"></div>

  <div id="element-25" class="collapse collapsable-details ">


  <div class="inner-level hooks-element-before">
    <div data-toggle="collapse" class=" collapsed  collapsable-control" data-target="#before-26">

<div class="brief passed">
  <span class="keyword indention">Hooks</span>
  <span class="name"></span>


     <i class="chevron fa fa-fw"></i>
</div>

    </div>

    <div id="before-26" class="inner-level collapse collapsable-details ">
        <div class="hook">
          <div class="brief passed">
            <span class="keyword indention">Before</span>
              <span class="location name">StepDefinition.Hooks.Start_Scenario(io.cucumber.java.Scenario)</span>

  <span class="lead-duration duration">19.890</span>

          </div>







        </div>
    </div>
  </div>



<div class="steps inner-level">
  <div data-toggle="collapse" class=" collapsed  collapsable-control" data-target="#steps-27">

<div class="brief passed">
  <span class="keyword indention">Steps</span>
  <span class="name"></span>


     <i class="chevron fa fa-fw"></i>
</div>

  </div>

  <div id="steps-27" class="inner-level collapse collapsable-details ">
      <div class="step">


<div class="brief step-name-Given passed">
  <span class="keyword indention">Given</span>
  <span class="name">Click the New Department button</span>

  <span class="lead-duration duration">32.624</span>

</div>
















      </div>
      <div class="step">


<div class="brief step-name-And passed">
  <span class="keyword indention">And</span>
  <span class="name">I Enter the Only Department code and Click the Save button</span>

  <span class="lead-duration duration">2:6.118</span>

</div>
















      </div>
  </div>
</div>




  <div class="inner-level hooks-element-after">
    <div data-toggle="collapse" class=" collapsed  collapsable-control" data-target="#after-28">

<div class="brief passed">
  <span class="keyword indention">Hooks</span>
  <span class="name"></span>


     <i class="chevron fa fa-fw"></i>
</div>

    </div>

    <div id="after-28" class="inner-level collapse collapsable-details ">
        <div class="hook">
          <div class="brief passed">
            <span class="keyword indention">After</span>
              <span class="location name">StepDefinition.Hooks.TestFail(io.cucumber.java.Scenario)</span>

  <span class="lead-duration duration">0.000</span>

          </div>







        </div>
    </div>
  </div>

  </div>
</div>


<div class="element">
    <div class="indention">
      <b>Feature:</b>
      <a href="report-feature_2_1383655195.html">Product and Items - Departments</a>
    </div>


<div class="tags indention">
    <b>Tags:</b>
       <a href="report-tag_628519455.html">@Product/Items</a>
       <a href="report-tag_4010616576.html">@Departments</a>
       <a href="report-tag_2711777312.html">@Product/Items01</a>
       <a href="report-tag_4070029663.html">@DepartmentsA</a>
</div>


  <span class="lead-duration duration">2:7.541</span>


  <span data-toggle="collapse" class=" collapsed  collapsable-control" data-target="#element-29">

<div class="brief passed">
  <span class="keyword indention">Scenario</span>
  <span class="name">Verify whether we can able to Save the Department only by Entering Department Description</span>


     <i class="chevron fa fa-fw"></i>
</div>

  </span>
  <div class="description indention"></div>

  <div id="element-29" class="collapse collapsable-details ">


  <div class="inner-level hooks-element-before">
    <div data-toggle="collapse" class=" collapsed  collapsable-control" data-target="#before-30">

<div class="brief passed">
  <span class="keyword indention">Hooks</span>
  <span class="name"></span>


     <i class="chevron fa fa-fw"></i>
</div>

    </div>

    <div id="before-30" class="inner-level collapse collapsable-details ">
        <div class="hook">
          <div class="brief passed">
            <span class="keyword indention">Before</span>
              <span class="location name">StepDefinition.Hooks.Start_Scenario(io.cucumber.java.Scenario)</span>

  <span class="lead-duration duration">20.614</span>

          </div>







        </div>
    </div>
  </div>



<div class="steps inner-level">
  <div data-toggle="collapse" class=" collapsed  collapsable-control" data-target="#steps-31">

<div class="brief passed">
  <span class="keyword indention">Steps</span>
  <span class="name"></span>


     <i class="chevron fa fa-fw"></i>
</div>

  </div>

  <div id="steps-31" class="inner-level collapse collapsable-details ">
      <div class="step">


<div class="brief step-name-Given passed">
  <span class="keyword indention">Given</span>
  <span class="name">Click the New Department button</span>

  <span class="lead-duration duration">32.650</span>

</div>
















      </div>
      <div class="step">


<div class="brief step-name-And passed">
  <span class="keyword indention">And</span>
  <span class="name">I Enter the Only Description and Click the Save button</span>

  <span class="lead-duration duration">1:34.890</span>

</div>
















      </div>
  </div>
</div>




  <div class="inner-level hooks-element-after">
    <div data-toggle="collapse" class=" collapsed  collapsable-control" data-target="#after-32">

<div class="brief passed">
  <span class="keyword indention">Hooks</span>
  <span class="name"></span>


     <i class="chevron fa fa-fw"></i>
</div>

    </div>

    <div id="after-32" class="inner-level collapse collapsable-details ">
        <div class="hook">
          <div class="brief passed">
            <span class="keyword indention">After</span>
              <span class="location name">StepDefinition.Hooks.TestFail(io.cucumber.java.Scenario)</span>

  <span class="lead-duration duration">0.000</span>

          </div>







        </div>
    </div>
  </div>

  </div>
</div>


<div class="element">
    <div class="indention">
      <b>Feature:</b>
      <a href="report-feature_2_1383655195.html">Product and Items - Departments</a>
    </div>


<div class="tags indention">
    <b>Tags:</b>
       <a href="report-tag_628519455.html">@Product/Items</a>
       <a href="report-tag_4010616576.html">@Departments</a>
       <a href="report-tag_2711777312.html">@Product/Items01</a>
       <a href="report-tag_4070029663.html">@DepartmentsA</a>
</div>


  <span class="lead-duration duration">2:38.901</span>


  <span data-toggle="collapse" class=" collapsed  collapsable-control" data-target="#element-33">

<div class="brief passed">
  <span class="keyword indention">Scenario</span>
  <span class="name">Verify whether the user can able to Enter the Department Name above the limit</span>


     <i class="chevron fa fa-fw"></i>
</div>

  </span>
  <div class="description indention"></div>

  <div id="element-33" class="collapse collapsable-details ">


  <div class="inner-level hooks-element-before">
    <div data-toggle="collapse" class=" collapsed  collapsable-control" data-target="#before-34">

<div class="brief passed">
  <span class="keyword indention">Hooks</span>
  <span class="name"></span>


     <i class="chevron fa fa-fw"></i>
</div>

    </div>

    <div id="before-34" class="inner-level collapse collapsable-details ">
        <div class="hook">
          <div class="brief passed">
            <span class="keyword indention">Before</span>
              <span class="location name">StepDefinition.Hooks.Start_Scenario(io.cucumber.java.Scenario)</span>

  <span class="lead-duration duration">19.965</span>

          </div>







        </div>
    </div>
  </div>



<div class="steps inner-level">
  <div data-toggle="collapse" class=" collapsed  collapsable-control" data-target="#steps-35">

<div class="brief passed">
  <span class="keyword indention">Steps</span>
  <span class="name"></span>


     <i class="chevron fa fa-fw"></i>
</div>

  </div>

  <div id="steps-35" class="inner-level collapse collapsable-details ">
      <div class="step">


<div class="brief step-name-Given passed">
  <span class="keyword indention">Given</span>
  <span class="name">Click the New Department button</span>

  <span class="lead-duration duration">32.639</span>

</div>
















      </div>
      <div class="step">


<div class="brief step-name-And passed">
  <span class="keyword indention">And</span>
  <span class="name">I Enter the Department Name Exceeding the limit</span>

  <span class="lead-duration duration">2:6.262</span>

</div>
















      </div>
  </div>
</div>




  <div class="inner-level hooks-element-after">
    <div data-toggle="collapse" class=" collapsed  collapsable-control" data-target="#after-36">

<div class="brief passed">
  <span class="keyword indention">Hooks</span>
  <span class="name"></span>


     <i class="chevron fa fa-fw"></i>
</div>

    </div>

    <div id="after-36" class="inner-level collapse collapsable-details ">
        <div class="hook">
          <div class="brief passed">
            <span class="keyword indention">After</span>
              <span class="location name">StepDefinition.Hooks.TestFail(io.cucumber.java.Scenario)</span>

  <span class="lead-duration duration">0.000</span>

          </div>







        </div>
    </div>
  </div>

  </div>
</div>


<div class="element">
    <div class="indention">
      <b>Feature:</b>
      <a href="report-feature_2_1383655195.html">Product and Items - Departments</a>
    </div>


<div class="tags indention">
    <b>Tags:</b>
       <a href="report-tag_628519455.html">@Product/Items</a>
       <a href="report-tag_4010616576.html">@Departments</a>
       <a href="report-tag_2711777312.html">@Product/Items01</a>
       <a href="report-tag_4070029663.html">@DepartmentsA</a>
</div>


  <span class="lead-duration duration">5:12.862</span>


  <span data-toggle="collapse" class=" collapsable-control" data-target="#element-37">

<div class="brief failed">
  <span class="keyword indention">Scenario</span>
  <span class="name">Verify whether user can able to create a New Department with Enabling Membership</span>


     <i class="chevron fa fa-fw"></i>
</div>

  </span>
  <div class="description indention"></div>

  <div id="element-37" class="collapse collapsable-details  in ">


  <div class="inner-level hooks-element-before">
    <div data-toggle="collapse" class=" collapsed  collapsable-control" data-target="#before-38">

<div class="brief passed">
  <span class="keyword indention">Hooks</span>
  <span class="name"></span>


     <i class="chevron fa fa-fw"></i>
</div>

    </div>

    <div id="before-38" class="inner-level collapse collapsable-details ">
        <div class="hook">
          <div class="brief passed">
            <span class="keyword indention">Before</span>
              <span class="location name">StepDefinition.Hooks.Start_Scenario(io.cucumber.java.Scenario)</span>

  <span class="lead-duration duration">19.755</span>

          </div>







        </div>
    </div>
  </div>



<div class="steps inner-level">
  <div data-toggle="collapse" class=" collapsable-control" data-target="#steps-39">

<div class="brief failed">
  <span class="keyword indention">Steps</span>
  <span class="name"></span>


     <i class="chevron fa fa-fw"></i>
</div>

  </div>

  <div id="steps-39" class="inner-level collapse collapsable-details  in ">
      <div class="step">


<div class="brief step-name-Given passed">
  <span class="keyword indention">Given</span>
  <span class="name">Click the New Department button</span>

  <span class="lead-duration duration">32.650</span>

</div>
















      </div>
      <div class="step">


<div class="brief step-name-When passed">
  <span class="keyword indention">When</span>
  <span class="name">I Enter the New Department Name</span>

  <span class="lead-duration duration">1:3.831</span>

</div>
















      </div>
      <div class="step">


<div class="brief step-name-And passed">
  <span class="keyword indention">And</span>
  <span class="name">I Enter the Department Code</span>

  <span class="lead-duration duration">1:2.714</span>

</div>
















      </div>
      <div class="step">


<div class="brief step-name-And passed">
  <span class="keyword indention">And</span>
  <span class="name">I Enter the Department Description</span>

  <span class="lead-duration duration">1:2.207</span>

</div>
















      </div>
      <div class="step">


<div class="brief step-name-And failed">
  <span class="keyword indention">And</span>
  <span class="name">I Enable the Include Membership</span>

  <span class="lead-duration duration">1:31.458</span>

</div>






  <div class="inner-level">
    <div class="message indention">
      <div data-toggle="collapse" class=" collapsable-control" data-target="#msg-40">
          <a>org.openqa.selenium.NoSuchElementException:</a>
      </div>
      <div id="msg-40" class="collapse collapsable-details  in ">
        <pre>org.openqa.selenium.NoSuchElementException: Timed out after 5 seconds. Unable to locate the element
	at org.openqa.selenium.support.pagefactory.AjaxElementLocator.findElement(AjaxElementLocator.java:90)
	at org.openqa.selenium.support.pagefactory.internal.LocatingElementHandler.invoke(LocatingElementHandler.java:38)
	at jdk.proxy2/jdk.proxy2.$Proxy25.click(Unknown Source)
	at com.Pages.Common_XPaths.Click_Yes_Toggle(Common_XPaths.java:437)
	at StepDefinition.Product_and_Items_Departments.i_Enable_the_Include_Membership(Product_and_Items_Departments.java:414)
	at &#10045;.I Enable the Include Membership(classpath:Product_and_Items_Features/Product_Items_Departments.feature:67)
Caused by: org.openqa.selenium.NoSuchElementException: no such element: Unable to locate element: {&quot;method&quot;:&quot;xpath&quot;,&quot;selector&quot;:&quot;//mat-button-toggle[.='Yes']&quot;}
  (Session info: chrome=123.0.6312.123)
For documentation on this error, please visit: https://www.selenium.dev/documentation/webdriver/troubleshooting/errors#no-such-element-exception
Build info: version: '4.12.1', revision: '8e34639b11'
System info: os.name: 'Windows 10', os.arch: 'amd64', os.version: '10.0', java.version: '17.0.8'
Driver info: org.openqa.selenium.chrome.ChromeDriver
Command: [f2ab30331e5ed78c1ac1753fc0f58f19, findElement {using=xpath, value=//mat-button-toggle[.='Yes']}]
Capabilities {acceptInsecureCerts: false, browserName: chrome, browserVersion: 123.0.6312.123, chrome: {chromedriverVersion: 123.0.6312.122 (31f8248cdd9..., userDataDir: C:\Users\raja.s\AppData\Loc...}, fedcm:accounts: true, goog:chromeOptions: {debuggerAddress: localhost:56806}, networkConnectionEnabled: false, pageLoadStrategy: normal, platformName: windows, proxy: Proxy(), se:cdp: ws://localhost:56806/devtoo..., se:cdpVersion: 123.0.6312.123, setWindowRect: true, strictFileInteractability: false, timeouts: {implicit: 0, pageLoad: 300000, script: 30000}, unhandledPromptBehavior: dismiss and notify, webauthn:extension:credBlob: true, webauthn:extension:largeBlob: true, webauthn:extension:minPinLength: true, webauthn:extension:prf: true, webauthn:virtualAuthenticators: true}
Session ID: f2ab30331e5ed78c1ac1753fc0f58f19
	at jdk.internal.reflect.GeneratedConstructorAccessor29.newInstance(Unknown Source)
	at java.base/jdk.internal.reflect.DelegatingConstructorAccessorImpl.newInstance(DelegatingConstructorAccessorImpl.java:45)
	at java.base/java.lang.reflect.Constructor.newInstanceWithCaller(Constructor.java:499)
	at java.base/java.lang.reflect.Constructor.newInstance(Constructor.java:480)
	at org.openqa.selenium.remote.codec.w3c.W3CHttpResponseCodec.createException(W3CHttpResponseCodec.java:200)
	at org.openqa.selenium.remote.codec.w3c.W3CHttpResponseCodec.decode(W3CHttpResponseCodec.java:133)
	at org.openqa.selenium.remote.codec.w3c.W3CHttpResponseCodec.decode(W3CHttpResponseCodec.java:52)
	at org.openqa.selenium.remote.HttpCommandExecutor.execute(HttpCommandExecutor.java:191)
	at org.openqa.selenium.remote.service.DriverCommandExecutor.invokeExecute(DriverCommandExecutor.java:196)
	at org.openqa.selenium.remote.service.DriverCommandExecutor.execute(DriverCommandExecutor.java:171)
	at org.openqa.selenium.remote.RemoteWebDriver.execute(RemoteWebDriver.java:602)
	at org.openqa.selenium.remote.ElementLocation$ElementFinder$2.findElement(ElementLocation.java:165)
	at org.openqa.selenium.remote.ElementLocation.findElement(ElementLocation.java:59)
	at org.openqa.selenium.remote.RemoteWebDriver.findElement(RemoteWebDriver.java:359)
	at org.openqa.selenium.remote.RemoteWebDriver.findElement(RemoteWebDriver.java:353)
	at com.epam.healenium.processor.FindElementProcessor.execute(FindElementProcessor.java:23)
	at com.epam.healenium.processor.BaseProcessor.process(BaseProcessor.java:42)
	at com.epam.healenium.handlers.proxy.BaseHandler.findElement(BaseHandler.java:63)
	at com.epam.healenium.handlers.proxy.SelfHealingProxyInvocationHandler.invoke(SelfHealingProxyInvocationHandler.java:39)
	at jdk.proxy2/jdk.proxy2.$Proxy29.findElement(Unknown Source)
	at org.openqa.selenium.support.pagefactory.DefaultElementLocator.findElement(DefaultElementLocator.java:68)
	at org.openqa.selenium.support.pagefactory.AjaxElementLocator.access$001(AjaxElementLocator.java:38)
	at org.openqa.selenium.support.pagefactory.AjaxElementLocator$SlowLoadingElement.isLoaded(AjaxElementLocator.java:156)
	at org.openqa.selenium.support.ui.SlowLoadableComponent.get(SlowLoadableComponent.java:71)
	at org.openqa.selenium.support.pagefactory.AjaxElementLocator.findElement(AjaxElementLocator.java:86)
	at org.openqa.selenium.support.pagefactory.internal.LocatingElementHandler.invoke(LocatingElementHandler.java:38)
	at jdk.proxy2/jdk.proxy2.$Proxy25.click(Unknown Source)
	at com.Pages.Common_XPaths.Click_Yes_Toggle(Common_XPaths.java:437)
	at StepDefinition.Product_and_Items_Departments.i_Enable_the_Include_Membership(Product_and_Items_Departments.java:414)
	at java.base/jdk.internal.reflect.NativeMethodAccessorImpl.invoke0(Native Method)
	at java.base/jdk.internal.reflect.NativeMethodAccessorImpl.invoke(NativeMethodAccessorImpl.java:77)
	at java.base/jdk.internal.reflect.DelegatingMethodAccessorImpl.invoke(DelegatingMethodAccessorImpl.java:43)
	at java.base/java.lang.reflect.Method.invoke(Method.java:568)
	at io.cucumber.java.Invoker.doInvoke(Invoker.java:66)
	at io.cucumber.java.Invoker.invoke(Invoker.java:24)
	at io.cucumber.java.AbstractGlueDefinition.invokeMethod(AbstractGlueDefinition.java:47)
	at io.cucumber.java.JavaStepDefinition.execute(JavaStepDefinition.java:29)
	at io.cucumber.core.runner.CoreStepDefinition.execute(CoreStepDefinition.java:66)
	at io.cucumber.core.runner.PickleStepDefinitionMatch.runStep(PickleStepDefinitionMatch.java:63)
	at io.cucumber.core.runner.ExecutionMode$1.execute(ExecutionMode.java:10)
	at io.cucumber.core.runner.TestStep.executeStep(TestStep.java:85)
	at io.cucumber.core.runner.TestStep.run(TestStep.java:57)
	at io.cucumber.core.runner.PickleStepTestStep.run(PickleStepTestStep.java:51)
	at io.cucumber.core.runner.TestCase.run(TestCase.java:84)
	at io.cucumber.core.runner.Runner.runPickle(Runner.java:75)
	at io.cucumber.junit.PickleRunners$NoStepDescriptions.lambda$run$0(PickleRunners.java:151)
	at io.cucumber.core.runtime.CucumberExecutionContext.lambda$runTestCase$5(CucumberExecutionContext.java:129)
	at io.cucumber.core.runtime.RethrowingThrowableCollector.executeAndThrow(RethrowingThrowableCollector.java:23)
	at io.cucumber.core.runtime.CucumberExecutionContext.runTestCase(CucumberExecutionContext.java:129)
	at io.cucumber.junit.PickleRunners$NoStepDescriptions.run(PickleRunners.java:148)
	at io.cucumber.junit.FeatureRunner.runChild(FeatureRunner.java:144)
	at io.cucumber.junit.FeatureRunner.runChild(FeatureRunner.java:28)
	at org.junit.runners.ParentRunner$4.run(ParentRunner.java:331)
	at org.junit.runners.ParentRunner$1.schedule(ParentRunner.java:79)
	at org.junit.runners.ParentRunner.runChildren(ParentRunner.java:329)
	at org.junit.runners.ParentRunner.access$100(ParentRunner.java:66)
	at org.junit.runners.ParentRunner$2.evaluate(ParentRunner.java:293)
	at org.junit.runners.ParentRunner$3.evaluate(ParentRunner.java:306)
	at org.junit.runners.ParentRunner.run(ParentRunner.java:413)
	at io.cucumber.junit.FeatureRunner.run(FeatureRunner.java:137)
	at io.cucumber.junit.Cucumber.runChild(Cucumber.java:196)
	at io.cucumber.junit.Cucumber.runChild(Cucumber.java:89)
	at org.junit.runners.ParentRunner$4.run(ParentRunner.java:331)
	at org.junit.runners.ParentRunner$1.schedule(ParentRunner.java:79)
	at org.junit.runners.ParentRunner.runChildren(ParentRunner.java:329)
	at org.junit.runners.ParentRunner.access$100(ParentRunner.java:66)
	at org.junit.runners.ParentRunner$2.evaluate(ParentRunner.java:293)
	at io.cucumber.junit.Cucumber$RunBeforeAllHooks.evaluate(Cucumber.java:266)
	at io.cucumber.junit.Cucumber$RunAfterAllHooks.evaluate(Cucumber.java:281)
	at io.cucumber.junit.Cucumber$StartTestRun.evaluate(Cucumber.java:233)
	at io.cucumber.junit.Cucumber$FinishTestRun.evaluate(Cucumber.java:248)
	at org.junit.runners.ParentRunner$3.evaluate(ParentRunner.java:306)
	at org.junit.runners.ParentRunner.run(ParentRunner.java:413)
	at org.junit.runner.JUnitCore.run(JUnitCore.java:137)
	at org.junit.runner.JUnitCore.run(JUnitCore.java:115)
	at org.junit.vintage.engine.execution.RunnerExecutor.execute(RunnerExecutor.java:42)
	at org.junit.vintage.engine.VintageTestEngine.executeAllChildren(VintageTestEngine.java:80)
	at org.junit.vintage.engine.VintageTestEngine.execute(VintageTestEngine.java:72)
	at org.junit.platform.launcher.core.EngineExecutionOrchestrator.execute(EngineExecutionOrchestrator.java:198)
	at org.junit.platform.launcher.core.EngineExecutionOrchestrator.execute(EngineExecutionOrchestrator.java:169)
	at org.junit.platform.launcher.core.EngineExecutionOrchestrator.execute(EngineExecutionOrchestrator.java:93)
	at org.junit.platform.launcher.core.EngineExecutionOrchestrator.lambda$execute$0(EngineExecutionOrchestrator.java:58)
	at org.junit.platform.launcher.core.EngineExecutionOrchestrator.withInterceptedStreams(EngineExecutionOrchestrator.java:141)
	at org.junit.platform.launcher.core.EngineExecutionOrchestrator.execute(EngineExecutionOrchestrator.java:57)
	at org.junit.platform.launcher.core.DefaultLauncher.execute(DefaultLauncher.java:103)
	at org.junit.platform.launcher.core.DefaultLauncher.execute(DefaultLauncher.java:94)
	at org.junit.platform.launcher.core.DelegatingLauncher.execute(DelegatingLauncher.java:52)
	at org.junit.platform.launcher.core.SessionPerRequestLauncher.execute(SessionPerRequestLauncher.java:70)
	at org.eclipse.jdt.internal.junit5.runner.JUnit5TestReference.run(JUnit5TestReference.java:98)
	at org.eclipse.jdt.internal.junit.runner.TestExecution.run(TestExecution.java:40)
	at org.eclipse.jdt.internal.junit.runner.RemoteTestRunner.runTests(RemoteTestRunner.java:529)
	at org.eclipse.jdt.internal.junit.runner.RemoteTestRunner.runTests(RemoteTestRunner.java:756)
	at org.eclipse.jdt.internal.junit.runner.RemoteTestRunner.run(RemoteTestRunner.java:452)
	at org.eclipse.jdt.internal.junit.runner.RemoteTestRunner.main(RemoteTestRunner.java:210)
</pre>
      </div>
    </div>
  </div>











      </div>
      <div class="step">


<div class="brief step-name-And skipped">
  <span class="keyword indention">And</span>
  <span class="name">I Click the Save button</span>

  <span class="lead-duration duration">0.000</span>

</div>
















      </div>
      <div class="step">


<div class="brief step-name-Then skipped">
  <span class="keyword indention">Then</span>
  <span class="name">Verify whether the Department is Saved or not</span>

  <span class="lead-duration duration">0.000</span>

</div>
















      </div>
  </div>
</div>




  <div class="inner-level hooks-element-after">
    <div data-toggle="collapse" class=" collapsed  collapsable-control" data-target="#after-41">

<div class="brief passed">
  <span class="keyword indention">Hooks</span>
  <span class="name"></span>


     <i class="chevron fa fa-fw"></i>
</div>

    </div>

    <div id="after-41" class="inner-level collapse collapsable-details ">
        <div class="hook">
          <div class="brief passed">
            <span class="keyword indention">After</span>
              <span class="location name">StepDefinition.Hooks.TestFail(io.cucumber.java.Scenario)</span>

  <span class="lead-duration duration">2.960</span>

          </div>






  <div class="embeddings inner-level">
  <div class="embedding indention">
    <div data-toggle="collapse" data-target="#embedding-42" class="collapsable-control">
      <a>Verify whether user can able to create a New Department with Enabling Membership</a>
      <a href="embeddings/embedding_1061990466.png" download target="_blank">
        <span class="download-button glyphicon glyphicon-download-alt"></span>
      </a>
    </div>
    <div id="embedding-42" class="collapse collapsable-details ">
      <div class="embedding-content">
        <img src="embeddings/embedding_1061990466.png">
      </div>
    </div>
  </div>
  </div>

        </div>
    </div>
  </div>

  </div>
</div>


<div class="element">
    <div class="indention">
      <b>Feature:</b>
      <a href="report-feature_2_1383655195.html">Product and Items - Departments</a>
    </div>


<div class="tags indention">
    <b>Tags:</b>
       <a href="report-tag_628519455.html">@Product/Items</a>
       <a href="report-tag_4010616576.html">@Departments</a>
       <a href="report-tag_2711777312.html">@Product/Items01</a>
       <a href="report-tag_4070029663.html">@DepartmentsA</a>
</div>


  <span class="lead-duration duration">2:7.389</span>


  <span data-toggle="collapse" class=" collapsable-control" data-target="#element-43">

<div class="brief failed">
  <span class="keyword indention">Scenario</span>
  <span class="name">Verify the Update header by Editing Saved Department</span>


     <i class="chevron fa fa-fw"></i>
</div>

  </span>
  <div class="description indention"></div>

  <div id="element-43" class="collapse collapsable-details  in ">


  <div class="inner-level hooks-element-before">
    <div data-toggle="collapse" class=" collapsed  collapsable-control" data-target="#before-44">

<div class="brief passed">
  <span class="keyword indention">Hooks</span>
  <span class="name"></span>


     <i class="chevron fa fa-fw"></i>
</div>

    </div>

    <div id="before-44" class="inner-level collapse collapsable-details ">
        <div class="hook">
          <div class="brief passed">
            <span class="keyword indention">Before</span>
              <span class="location name">StepDefinition.Hooks.Start_Scenario(io.cucumber.java.Scenario)</span>

  <span class="lead-duration duration">20.889</span>

          </div>







        </div>
    </div>
  </div>



<div class="steps inner-level">
  <div data-toggle="collapse" class=" collapsable-control" data-target="#steps-45">

<div class="brief failed">
  <span class="keyword indention">Steps</span>
  <span class="name"></span>


     <i class="chevron fa fa-fw"></i>
</div>

  </div>

  <div id="steps-45" class="inner-level collapse collapsable-details  in ">
      <div class="step">


<div class="brief step-name-Given failed">
  <span class="keyword indention">Given</span>
  <span class="name">I Search and Edit the Department</span>

  <span class="lead-duration duration">2:7.389</span>

</div>






  <div class="inner-level">
    <div class="message indention">
      <div data-toggle="collapse" class=" collapsable-control" data-target="#msg-46">
          <a>org.openqa.selenium.NoSuchElementException:</a>
      </div>
      <div id="msg-46" class="collapse collapsable-details  in ">
        <pre>org.openqa.selenium.NoSuchElementException: Failed to find element using By.xpath: //span[.='New_Dept_Name_076')]/../../div//div[1]/button
	at com.epam.healenium.handlers.proxy.BaseHandler.findElement(BaseHandler.java:75)
	at com.epam.healenium.handlers.proxy.SelfHealingProxyInvocationHandler.invoke(SelfHealingProxyInvocationHandler.java:39)
	at jdk.proxy2/jdk.proxy2.$Proxy29.findElement(Unknown Source)
	at com.Pages.Common_XPaths.SearchAndClickEdit(Common_XPaths.java:966)
	at StepDefinition.Product_and_Items_Departments.search_and_Edit_the_Department(Product_and_Items_Departments.java:464)
	at &#10045;.I Search and Edit the Department(classpath:Product_and_Items_Features/Product_Items_Departments.feature:73)
Caused by: org.openqa.selenium.JavascriptException: javascript error: {&quot;status&quot;:32,&quot;value&quot;:&quot;Unable to locate an element with the xpath expression //span[.='New_Dept_Name_076')]/../../div//div[1]/button because of the following error:\nSyntaxError: Failed to execute 'evaluate' on 'Document': The string '//span[.='New_Dept_Name_076')]/../../div//div[1]/button' is not a valid XPath expression.&quot;}
  (Session info: chrome=123.0.6312.123)
Build info: version: '4.12.1', revision: '8e34639b11'
System info: os.name: 'Windows 10', os.arch: 'amd64', os.version: '10.0', java.version: '17.0.8'
Driver info: org.openqa.selenium.chrome.ChromeDriver
Command: [f2ab30331e5ed78c1ac1753fc0f58f19, findElement {using=xpath, value=//span[.='New_Dept_Name_076')]/../../div//div[1]/button}]
Capabilities {acceptInsecureCerts: false, browserName: chrome, browserVersion: 123.0.6312.123, chrome: {chromedriverVersion: 123.0.6312.122 (31f8248cdd9..., userDataDir: C:\Users\raja.s\AppData\Loc...}, fedcm:accounts: true, goog:chromeOptions: {debuggerAddress: localhost:56806}, networkConnectionEnabled: false, pageLoadStrategy: normal, platformName: windows, proxy: Proxy(), se:cdp: ws://localhost:56806/devtoo..., se:cdpVersion: 123.0.6312.123, setWindowRect: true, strictFileInteractability: false, timeouts: {implicit: 0, pageLoad: 300000, script: 30000}, unhandledPromptBehavior: dismiss and notify, webauthn:extension:credBlob: true, webauthn:extension:largeBlob: true, webauthn:extension:minPinLength: true, webauthn:extension:prf: true, webauthn:virtualAuthenticators: true}
Session ID: f2ab30331e5ed78c1ac1753fc0f58f19
	at java.base/jdk.internal.reflect.NativeConstructorAccessorImpl.newInstance0(Native Method)
	at java.base/jdk.internal.reflect.NativeConstructorAccessorImpl.newInstance(NativeConstructorAccessorImpl.java:77)
	at java.base/jdk.internal.reflect.DelegatingConstructorAccessorImpl.newInstance(DelegatingConstructorAccessorImpl.java:45)
	at java.base/java.lang.reflect.Constructor.newInstanceWithCaller(Constructor.java:499)
	at java.base/java.lang.reflect.Constructor.newInstance(Constructor.java:480)
	at org.openqa.selenium.remote.codec.w3c.W3CHttpResponseCodec.createException(W3CHttpResponseCodec.java:200)
	at org.openqa.selenium.remote.codec.w3c.W3CHttpResponseCodec.decode(W3CHttpResponseCodec.java:133)
	at org.openqa.selenium.remote.codec.w3c.W3CHttpResponseCodec.decode(W3CHttpResponseCodec.java:52)
	at org.openqa.selenium.remote.HttpCommandExecutor.execute(HttpCommandExecutor.java:191)
	at org.openqa.selenium.remote.service.DriverCommandExecutor.invokeExecute(DriverCommandExecutor.java:196)
	at org.openqa.selenium.remote.service.DriverCommandExecutor.execute(DriverCommandExecutor.java:171)
	at org.openqa.selenium.remote.RemoteWebDriver.execute(RemoteWebDriver.java:602)
	at org.openqa.selenium.remote.ElementLocation$ElementFinder$2.findElement(ElementLocation.java:165)
	at org.openqa.selenium.remote.ElementLocation.findElement(ElementLocation.java:59)
	at org.openqa.selenium.remote.RemoteWebDriver.findElement(RemoteWebDriver.java:359)
	at org.openqa.selenium.remote.RemoteWebDriver.findElement(RemoteWebDriver.java:353)
	at com.epam.healenium.processor.FindElementProcessor.execute(FindElementProcessor.java:23)
	at com.epam.healenium.processor.BaseProcessor.process(BaseProcessor.java:42)
	at com.epam.healenium.handlers.proxy.BaseHandler.findElement(BaseHandler.java:63)
	at com.epam.healenium.handlers.proxy.SelfHealingProxyInvocationHandler.invoke(SelfHealingProxyInvocationHandler.java:39)
	at jdk.proxy2/jdk.proxy2.$Proxy29.findElement(Unknown Source)
	at com.Pages.Common_XPaths.SearchAndClickEdit(Common_XPaths.java:966)
	at StepDefinition.Product_and_Items_Departments.search_and_Edit_the_Department(Product_and_Items_Departments.java:464)
	at java.base/jdk.internal.reflect.NativeMethodAccessorImpl.invoke0(Native Method)
	at java.base/jdk.internal.reflect.NativeMethodAccessorImpl.invoke(NativeMethodAccessorImpl.java:77)
	at java.base/jdk.internal.reflect.DelegatingMethodAccessorImpl.invoke(DelegatingMethodAccessorImpl.java:43)
	at java.base/java.lang.reflect.Method.invoke(Method.java:568)
	at io.cucumber.java.Invoker.doInvoke(Invoker.java:66)
	at io.cucumber.java.Invoker.invoke(Invoker.java:24)
	at io.cucumber.java.AbstractGlueDefinition.invokeMethod(AbstractGlueDefinition.java:47)
	at io.cucumber.java.JavaStepDefinition.execute(JavaStepDefinition.java:29)
	at io.cucumber.core.runner.CoreStepDefinition.execute(CoreStepDefinition.java:66)
	at io.cucumber.core.runner.PickleStepDefinitionMatch.runStep(PickleStepDefinitionMatch.java:63)
	at io.cucumber.core.runner.ExecutionMode$1.execute(ExecutionMode.java:10)
	at io.cucumber.core.runner.TestStep.executeStep(TestStep.java:85)
	at io.cucumber.core.runner.TestStep.run(TestStep.java:57)
	at io.cucumber.core.runner.PickleStepTestStep.run(PickleStepTestStep.java:51)
	at io.cucumber.core.runner.TestCase.run(TestCase.java:84)
	at io.cucumber.core.runner.Runner.runPickle(Runner.java:75)
	at io.cucumber.junit.PickleRunners$NoStepDescriptions.lambda$run$0(PickleRunners.java:151)
	at io.cucumber.core.runtime.CucumberExecutionContext.lambda$runTestCase$5(CucumberExecutionContext.java:129)
	at io.cucumber.core.runtime.RethrowingThrowableCollector.executeAndThrow(RethrowingThrowableCollector.java:23)
	at io.cucumber.core.runtime.CucumberExecutionContext.runTestCase(CucumberExecutionContext.java:129)
	at io.cucumber.junit.PickleRunners$NoStepDescriptions.run(PickleRunners.java:148)
	at io.cucumber.junit.FeatureRunner.runChild(FeatureRunner.java:144)
	at io.cucumber.junit.FeatureRunner.runChild(FeatureRunner.java:28)
	at org.junit.runners.ParentRunner$4.run(ParentRunner.java:331)
	at org.junit.runners.ParentRunner$1.schedule(ParentRunner.java:79)
	at org.junit.runners.ParentRunner.runChildren(ParentRunner.java:329)
	at org.junit.runners.ParentRunner.access$100(ParentRunner.java:66)
	at org.junit.runners.ParentRunner$2.evaluate(ParentRunner.java:293)
	at org.junit.runners.ParentRunner$3.evaluate(ParentRunner.java:306)
	at org.junit.runners.ParentRunner.run(ParentRunner.java:413)
	at io.cucumber.junit.FeatureRunner.run(FeatureRunner.java:137)
	at io.cucumber.junit.Cucumber.runChild(Cucumber.java:196)
	at io.cucumber.junit.Cucumber.runChild(Cucumber.java:89)
	at org.junit.runners.ParentRunner$4.run(ParentRunner.java:331)
	at org.junit.runners.ParentRunner$1.schedule(ParentRunner.java:79)
	at org.junit.runners.ParentRunner.runChildren(ParentRunner.java:329)
	at org.junit.runners.ParentRunner.access$100(ParentRunner.java:66)
	at org.junit.runners.ParentRunner$2.evaluate(ParentRunner.java:293)
	at io.cucumber.junit.Cucumber$RunBeforeAllHooks.evaluate(Cucumber.java:266)
	at io.cucumber.junit.Cucumber$RunAfterAllHooks.evaluate(Cucumber.java:281)
	at io.cucumber.junit.Cucumber$StartTestRun.evaluate(Cucumber.java:233)
	at io.cucumber.junit.Cucumber$FinishTestRun.evaluate(Cucumber.java:248)
	at org.junit.runners.ParentRunner$3.evaluate(ParentRunner.java:306)
	at org.junit.runners.ParentRunner.run(ParentRunner.java:413)
	at org.junit.runner.JUnitCore.run(JUnitCore.java:137)
	at org.junit.runner.JUnitCore.run(JUnitCore.java:115)
	at org.junit.vintage.engine.execution.RunnerExecutor.execute(RunnerExecutor.java:42)
	at org.junit.vintage.engine.VintageTestEngine.executeAllChildren(VintageTestEngine.java:80)
	at org.junit.vintage.engine.VintageTestEngine.execute(VintageTestEngine.java:72)
	at org.junit.platform.launcher.core.EngineExecutionOrchestrator.execute(EngineExecutionOrchestrator.java:198)
	at org.junit.platform.launcher.core.EngineExecutionOrchestrator.execute(EngineExecutionOrchestrator.java:169)
	at org.junit.platform.launcher.core.EngineExecutionOrchestrator.execute(EngineExecutionOrchestrator.java:93)
	at org.junit.platform.launcher.core.EngineExecutionOrchestrator.lambda$execute$0(EngineExecutionOrchestrator.java:58)
	at org.junit.platform.launcher.core.EngineExecutionOrchestrator.withInterceptedStreams(EngineExecutionOrchestrator.java:141)
	at org.junit.platform.launcher.core.EngineExecutionOrchestrator.execute(EngineExecutionOrchestrator.java:57)
	at org.junit.platform.launcher.core.DefaultLauncher.execute(DefaultLauncher.java:103)
	at org.junit.platform.launcher.core.DefaultLauncher.execute(DefaultLauncher.java:94)
	at org.junit.platform.launcher.core.DelegatingLauncher.execute(DelegatingLauncher.java:52)
	at org.junit.platform.launcher.core.SessionPerRequestLauncher.execute(SessionPerRequestLauncher.java:70)
	at org.eclipse.jdt.internal.junit5.runner.JUnit5TestReference.run(JUnit5TestReference.java:98)
	at org.eclipse.jdt.internal.junit.runner.TestExecution.run(TestExecution.java:40)
	at org.eclipse.jdt.internal.junit.runner.RemoteTestRunner.runTests(RemoteTestRunner.java:529)
	at org.eclipse.jdt.internal.junit.runner.RemoteTestRunner.runTests(RemoteTestRunner.java:756)
	at org.eclipse.jdt.internal.junit.runner.RemoteTestRunner.run(RemoteTestRunner.java:452)
	at org.eclipse.jdt.internal.junit.runner.RemoteTestRunner.main(RemoteTestRunner.java:210)
</pre>
      </div>
    </div>
  </div>











      </div>
      <div class="step">


<div class="brief step-name-When skipped">
  <span class="keyword indention">When</span>
  <span class="name">Verify the Update Department Header</span>

  <span class="lead-duration duration">0.000</span>

</div>
















      </div>
  </div>
</div>




  <div class="inner-level hooks-element-after">
    <div data-toggle="collapse" class=" collapsed  collapsable-control" data-target="#after-47">

<div class="brief passed">
  <span class="keyword indention">Hooks</span>
  <span class="name"></span>


     <i class="chevron fa fa-fw"></i>
</div>

    </div>

    <div id="after-47" class="inner-level collapse collapsable-details ">
        <div class="hook">
          <div class="brief passed">
            <span class="keyword indention">After</span>
              <span class="location name">StepDefinition.Hooks.TestFail(io.cucumber.java.Scenario)</span>

  <span class="lead-duration duration">2.766</span>

          </div>






  <div class="embeddings inner-level">
  <div class="embedding indention">
    <div data-toggle="collapse" data-target="#embedding-48" class="collapsable-control">
      <a>Verify the Update header by Editing Saved Department</a>
      <a href="embeddings/embedding_-686273813.png" download target="_blank">
        <span class="download-button glyphicon glyphicon-download-alt"></span>
      </a>
    </div>
    <div id="embedding-48" class="collapse collapsable-details ">
      <div class="embedding-content">
        <img src="embeddings/embedding_-686273813.png">
      </div>
    </div>
  </div>
  </div>

        </div>
    </div>
  </div>

  </div>
</div>


<div class="element">
    <div class="indention">
      <b>Feature:</b>
      <a href="report-feature_2_1383655195.html">Product and Items - Departments</a>
    </div>


<div class="tags indention">
    <b>Tags:</b>
       <a href="report-tag_628519455.html">@Product/Items</a>
       <a href="report-tag_4010616576.html">@Departments</a>
       <a href="report-tag_2711777312.html">@Product/Items01</a>
</div>


  <span class="lead-duration duration">2:7.536</span>


  <span data-toggle="collapse" class=" collapsable-control" data-target="#element-49">

<div class="brief failed">
  <span class="keyword indention">Scenario</span>
  <span class="name">Verify whether we can able to Cancel/Close the Department Update screen</span>


     <i class="chevron fa fa-fw"></i>
</div>

  </span>
  <div class="description indention"></div>

  <div id="element-49" class="collapse collapsable-details  in ">


  <div class="inner-level hooks-element-before">
    <div data-toggle="collapse" class=" collapsed  collapsable-control" data-target="#before-50">

<div class="brief passed">
  <span class="keyword indention">Hooks</span>
  <span class="name"></span>


     <i class="chevron fa fa-fw"></i>
</div>

    </div>

    <div id="before-50" class="inner-level collapse collapsable-details ">
        <div class="hook">
          <div class="brief passed">
            <span class="keyword indention">Before</span>
              <span class="location name">StepDefinition.Hooks.Start_Scenario(io.cucumber.java.Scenario)</span>

  <span class="lead-duration duration">19.772</span>

          </div>







        </div>
    </div>
  </div>



<div class="steps inner-level">
  <div data-toggle="collapse" class=" collapsable-control" data-target="#steps-51">

<div class="brief failed">
  <span class="keyword indention">Steps</span>
  <span class="name"></span>


     <i class="chevron fa fa-fw"></i>
</div>

  </div>

  <div id="steps-51" class="inner-level collapse collapsable-details  in ">
      <div class="step">


<div class="brief step-name-Given failed">
  <span class="keyword indention">Given</span>
  <span class="name">I Search and Edit the Department</span>

  <span class="lead-duration duration">2:7.536</span>

</div>






  <div class="inner-level">
    <div class="message indention">
      <div data-toggle="collapse" class=" collapsable-control" data-target="#msg-52">
          <a>org.openqa.selenium.NoSuchElementException:</a>
      </div>
      <div id="msg-52" class="collapse collapsable-details  in ">
        <pre>org.openqa.selenium.NoSuchElementException: Failed to find element using By.xpath: //span[.='New_Dept_Name_076')]/../../div//div[1]/button
	at com.epam.healenium.handlers.proxy.BaseHandler.findElement(BaseHandler.java:75)
	at com.epam.healenium.handlers.proxy.SelfHealingProxyInvocationHandler.invoke(SelfHealingProxyInvocationHandler.java:39)
	at jdk.proxy2/jdk.proxy2.$Proxy29.findElement(Unknown Source)
	at com.Pages.Common_XPaths.SearchAndClickEdit(Common_XPaths.java:966)
	at StepDefinition.Product_and_Items_Departments.search_and_Edit_the_Department(Product_and_Items_Departments.java:464)
	at &#10045;.I Search and Edit the Department(classpath:Product_and_Items_Features/Product_Items_Departments.feature:77)
Caused by: org.openqa.selenium.JavascriptException: javascript error: {&quot;status&quot;:32,&quot;value&quot;:&quot;Unable to locate an element with the xpath expression //span[.='New_Dept_Name_076')]/../../div//div[1]/button because of the following error:\nSyntaxError: Failed to execute 'evaluate' on 'Document': The string '//span[.='New_Dept_Name_076')]/../../div//div[1]/button' is not a valid XPath expression.&quot;}
  (Session info: chrome=123.0.6312.123)
Build info: version: '4.12.1', revision: '8e34639b11'
System info: os.name: 'Windows 10', os.arch: 'amd64', os.version: '10.0', java.version: '17.0.8'
Driver info: org.openqa.selenium.chrome.ChromeDriver
Command: [f2ab30331e5ed78c1ac1753fc0f58f19, findElement {using=xpath, value=//span[.='New_Dept_Name_076')]/../../div//div[1]/button}]
Capabilities {acceptInsecureCerts: false, browserName: chrome, browserVersion: 123.0.6312.123, chrome: {chromedriverVersion: 123.0.6312.122 (31f8248cdd9..., userDataDir: C:\Users\raja.s\AppData\Loc...}, fedcm:accounts: true, goog:chromeOptions: {debuggerAddress: localhost:56806}, networkConnectionEnabled: false, pageLoadStrategy: normal, platformName: windows, proxy: Proxy(), se:cdp: ws://localhost:56806/devtoo..., se:cdpVersion: 123.0.6312.123, setWindowRect: true, strictFileInteractability: false, timeouts: {implicit: 0, pageLoad: 300000, script: 30000}, unhandledPromptBehavior: dismiss and notify, webauthn:extension:credBlob: true, webauthn:extension:largeBlob: true, webauthn:extension:minPinLength: true, webauthn:extension:prf: true, webauthn:virtualAuthenticators: true}
Session ID: f2ab30331e5ed78c1ac1753fc0f58f19
	at java.base/jdk.internal.reflect.NativeConstructorAccessorImpl.newInstance0(Native Method)
	at java.base/jdk.internal.reflect.NativeConstructorAccessorImpl.newInstance(NativeConstructorAccessorImpl.java:77)
	at java.base/jdk.internal.reflect.DelegatingConstructorAccessorImpl.newInstance(DelegatingConstructorAccessorImpl.java:45)
	at java.base/java.lang.reflect.Constructor.newInstanceWithCaller(Constructor.java:499)
	at java.base/java.lang.reflect.Constructor.newInstance(Constructor.java:480)
	at org.openqa.selenium.remote.codec.w3c.W3CHttpResponseCodec.createException(W3CHttpResponseCodec.java:200)
	at org.openqa.selenium.remote.codec.w3c.W3CHttpResponseCodec.decode(W3CHttpResponseCodec.java:133)
	at org.openqa.selenium.remote.codec.w3c.W3CHttpResponseCodec.decode(W3CHttpResponseCodec.java:52)
	at org.openqa.selenium.remote.HttpCommandExecutor.execute(HttpCommandExecutor.java:191)
	at org.openqa.selenium.remote.service.DriverCommandExecutor.invokeExecute(DriverCommandExecutor.java:196)
	at org.openqa.selenium.remote.service.DriverCommandExecutor.execute(DriverCommandExecutor.java:171)
	at org.openqa.selenium.remote.RemoteWebDriver.execute(RemoteWebDriver.java:602)
	at org.openqa.selenium.remote.ElementLocation$ElementFinder$2.findElement(ElementLocation.java:165)
	at org.openqa.selenium.remote.ElementLocation.findElement(ElementLocation.java:59)
	at org.openqa.selenium.remote.RemoteWebDriver.findElement(RemoteWebDriver.java:359)
	at org.openqa.selenium.remote.RemoteWebDriver.findElement(RemoteWebDriver.java:353)
	at com.epam.healenium.processor.FindElementProcessor.execute(FindElementProcessor.java:23)
	at com.epam.healenium.processor.BaseProcessor.process(BaseProcessor.java:42)
	at com.epam.healenium.handlers.proxy.BaseHandler.findElement(BaseHandler.java:63)
	at com.epam.healenium.handlers.proxy.SelfHealingProxyInvocationHandler.invoke(SelfHealingProxyInvocationHandler.java:39)
	at jdk.proxy2/jdk.proxy2.$Proxy29.findElement(Unknown Source)
	at com.Pages.Common_XPaths.SearchAndClickEdit(Common_XPaths.java:966)
	at StepDefinition.Product_and_Items_Departments.search_and_Edit_the_Department(Product_and_Items_Departments.java:464)
	at java.base/jdk.internal.reflect.NativeMethodAccessorImpl.invoke0(Native Method)
	at java.base/jdk.internal.reflect.NativeMethodAccessorImpl.invoke(NativeMethodAccessorImpl.java:77)
	at java.base/jdk.internal.reflect.DelegatingMethodAccessorImpl.invoke(DelegatingMethodAccessorImpl.java:43)
	at java.base/java.lang.reflect.Method.invoke(Method.java:568)
	at io.cucumber.java.Invoker.doInvoke(Invoker.java:66)
	at io.cucumber.java.Invoker.invoke(Invoker.java:24)
	at io.cucumber.java.AbstractGlueDefinition.invokeMethod(AbstractGlueDefinition.java:47)
	at io.cucumber.java.JavaStepDefinition.execute(JavaStepDefinition.java:29)
	at io.cucumber.core.runner.CoreStepDefinition.execute(CoreStepDefinition.java:66)
	at io.cucumber.core.runner.PickleStepDefinitionMatch.runStep(PickleStepDefinitionMatch.java:63)
	at io.cucumber.core.runner.ExecutionMode$1.execute(ExecutionMode.java:10)
	at io.cucumber.core.runner.TestStep.executeStep(TestStep.java:85)
	at io.cucumber.core.runner.TestStep.run(TestStep.java:57)
	at io.cucumber.core.runner.PickleStepTestStep.run(PickleStepTestStep.java:51)
	at io.cucumber.core.runner.TestCase.run(TestCase.java:84)
	at io.cucumber.core.runner.Runner.runPickle(Runner.java:75)
	at io.cucumber.junit.PickleRunners$NoStepDescriptions.lambda$run$0(PickleRunners.java:151)
	at io.cucumber.core.runtime.CucumberExecutionContext.lambda$runTestCase$5(CucumberExecutionContext.java:129)
	at io.cucumber.core.runtime.RethrowingThrowableCollector.executeAndThrow(RethrowingThrowableCollector.java:23)
	at io.cucumber.core.runtime.CucumberExecutionContext.runTestCase(CucumberExecutionContext.java:129)
	at io.cucumber.junit.PickleRunners$NoStepDescriptions.run(PickleRunners.java:148)
	at io.cucumber.junit.FeatureRunner.runChild(FeatureRunner.java:144)
	at io.cucumber.junit.FeatureRunner.runChild(FeatureRunner.java:28)
	at org.junit.runners.ParentRunner$4.run(ParentRunner.java:331)
	at org.junit.runners.ParentRunner$1.schedule(ParentRunner.java:79)
	at org.junit.runners.ParentRunner.runChildren(ParentRunner.java:329)
	at org.junit.runners.ParentRunner.access$100(ParentRunner.java:66)
	at org.junit.runners.ParentRunner$2.evaluate(ParentRunner.java:293)
	at org.junit.runners.ParentRunner$3.evaluate(ParentRunner.java:306)
	at org.junit.runners.ParentRunner.run(ParentRunner.java:413)
	at io.cucumber.junit.FeatureRunner.run(FeatureRunner.java:137)
	at io.cucumber.junit.Cucumber.runChild(Cucumber.java:196)
	at io.cucumber.junit.Cucumber.runChild(Cucumber.java:89)
	at org.junit.runners.ParentRunner$4.run(ParentRunner.java:331)
	at org.junit.runners.ParentRunner$1.schedule(ParentRunner.java:79)
	at org.junit.runners.ParentRunner.runChildren(ParentRunner.java:329)
	at org.junit.runners.ParentRunner.access$100(ParentRunner.java:66)
	at org.junit.runners.ParentRunner$2.evaluate(ParentRunner.java:293)
	at io.cucumber.junit.Cucumber$RunBeforeAllHooks.evaluate(Cucumber.java:266)
	at io.cucumber.junit.Cucumber$RunAfterAllHooks.evaluate(Cucumber.java:281)
	at io.cucumber.junit.Cucumber$StartTestRun.evaluate(Cucumber.java:233)
	at io.cucumber.junit.Cucumber$FinishTestRun.evaluate(Cucumber.java:248)
	at org.junit.runners.ParentRunner$3.evaluate(ParentRunner.java:306)
	at org.junit.runners.ParentRunner.run(ParentRunner.java:413)
	at org.junit.runner.JUnitCore.run(JUnitCore.java:137)
	at org.junit.runner.JUnitCore.run(JUnitCore.java:115)
	at org.junit.vintage.engine.execution.RunnerExecutor.execute(RunnerExecutor.java:42)
	at org.junit.vintage.engine.VintageTestEngine.executeAllChildren(VintageTestEngine.java:80)
	at org.junit.vintage.engine.VintageTestEngine.execute(VintageTestEngine.java:72)
	at org.junit.platform.launcher.core.EngineExecutionOrchestrator.execute(EngineExecutionOrchestrator.java:198)
	at org.junit.platform.launcher.core.EngineExecutionOrchestrator.execute(EngineExecutionOrchestrator.java:169)
	at org.junit.platform.launcher.core.EngineExecutionOrchestrator.execute(EngineExecutionOrchestrator.java:93)
	at org.junit.platform.launcher.core.EngineExecutionOrchestrator.lambda$execute$0(EngineExecutionOrchestrator.java:58)
	at org.junit.platform.launcher.core.EngineExecutionOrchestrator.withInterceptedStreams(EngineExecutionOrchestrator.java:141)
	at org.junit.platform.launcher.core.EngineExecutionOrchestrator.execute(EngineExecutionOrchestrator.java:57)
	at org.junit.platform.launcher.core.DefaultLauncher.execute(DefaultLauncher.java:103)
	at org.junit.platform.launcher.core.DefaultLauncher.execute(DefaultLauncher.java:94)
	at org.junit.platform.launcher.core.DelegatingLauncher.execute(DelegatingLauncher.java:52)
	at org.junit.platform.launcher.core.SessionPerRequestLauncher.execute(SessionPerRequestLauncher.java:70)
	at org.eclipse.jdt.internal.junit5.runner.JUnit5TestReference.run(JUnit5TestReference.java:98)
	at org.eclipse.jdt.internal.junit.runner.TestExecution.run(TestExecution.java:40)
	at org.eclipse.jdt.internal.junit.runner.RemoteTestRunner.runTests(RemoteTestRunner.java:529)
	at org.eclipse.jdt.internal.junit.runner.RemoteTestRunner.runTests(RemoteTestRunner.java:756)
	at org.eclipse.jdt.internal.junit.runner.RemoteTestRunner.run(RemoteTestRunner.java:452)
	at org.eclipse.jdt.internal.junit.runner.RemoteTestRunner.main(RemoteTestRunner.java:210)
</pre>
      </div>
    </div>
  </div>











      </div>
      <div class="step">


<div class="brief step-name-And skipped">
  <span class="keyword indention">And</span>
  <span class="name">I Click the Cancel button</span>

  <span class="lead-duration duration">0.000</span>

</div>
















      </div>
      <div class="step">


<div class="brief step-name-Then skipped">
  <span class="keyword indention">Then</span>
  <span class="name">I Verify Department Update screen Close or not</span>

  <span class="lead-duration duration">0.000</span>

</div>
















      </div>
  </div>
</div>




  <div class="inner-level hooks-element-after">
    <div data-toggle="collapse" class=" collapsed  collapsable-control" data-target="#after-53">

<div class="brief passed">
  <span class="keyword indention">Hooks</span>
  <span class="name"></span>


     <i class="chevron fa fa-fw"></i>
</div>

    </div>

    <div id="after-53" class="inner-level collapse collapsable-details ">
        <div class="hook">
          <div class="brief passed">
            <span class="keyword indention">After</span>
              <span class="location name">StepDefinition.Hooks.TestFail(io.cucumber.java.Scenario)</span>

  <span class="lead-duration duration">2.817</span>

          </div>






  <div class="embeddings inner-level">
  <div class="embedding indention">
    <div data-toggle="collapse" data-target="#embedding-54" class="collapsable-control">
      <a>Verify whether we can able to Cancel/Close the Department Update screen</a>
      <a href="embeddings/embedding_-686273813.png" download target="_blank">
        <span class="download-button glyphicon glyphicon-download-alt"></span>
      </a>
    </div>
    <div id="embedding-54" class="collapse collapsable-details ">
      <div class="embedding-content">
        <img src="embeddings/embedding_-686273813.png">
      </div>
    </div>
  </div>
  </div>

        </div>
    </div>
  </div>

  </div>
</div>


<div class="element">
    <div class="indention">
      <b>Feature:</b>
      <a href="report-feature_2_1383655195.html">Product and Items - Departments</a>
    </div>


<div class="tags indention">
    <b>Tags:</b>
       <a href="report-tag_628519455.html">@Product/Items</a>
       <a href="report-tag_4010616576.html">@Departments</a>
       <a href="report-tag_2711777312.html">@Product/Items01</a>
</div>


  <span class="lead-duration duration">1:3.201</span>


  <span data-toggle="collapse" class=" collapsable-control" data-target="#element-55">

<div class="brief failed">
  <span class="keyword indention">Scenario</span>
  <span class="name">Verify able to search the Department by entering 3 letters of Department Name</span>


     <i class="chevron fa fa-fw"></i>
</div>

  </span>
  <div class="description indention"></div>

  <div id="element-55" class="collapse collapsable-details  in ">


  <div class="inner-level hooks-element-before">
    <div data-toggle="collapse" class=" collapsed  collapsable-control" data-target="#before-56">

<div class="brief passed">
  <span class="keyword indention">Hooks</span>
  <span class="name"></span>


     <i class="chevron fa fa-fw"></i>
</div>

    </div>

    <div id="before-56" class="inner-level collapse collapsable-details ">
        <div class="hook">
          <div class="brief passed">
            <span class="keyword indention">Before</span>
              <span class="location name">StepDefinition.Hooks.Start_Scenario(io.cucumber.java.Scenario)</span>

  <span class="lead-duration duration">20.437</span>

          </div>







        </div>
    </div>
  </div>



<div class="steps inner-level">
  <div data-toggle="collapse" class=" collapsable-control" data-target="#steps-57">

<div class="brief failed">
  <span class="keyword indention">Steps</span>
  <span class="name"></span>


     <i class="chevron fa fa-fw"></i>
</div>

  </div>

  <div id="steps-57" class="inner-level collapse collapsable-details  in ">
      <div class="step">


<div class="brief step-name-And failed">
  <span class="keyword indention">And</span>
  <span class="name">I Verify Searching the Item when entering three letters</span>

  <span class="lead-duration duration">1:3.201</span>

</div>






  <div class="inner-level">
    <div class="message indention">
      <div data-toggle="collapse" class=" collapsable-control" data-target="#msg-58">
          <a>org.openqa.selenium.NoSuchElementException:</a>
      </div>
      <div id="msg-58" class="collapse collapsable-details  in ">
        <pre>org.openqa.selenium.NoSuchElementException: no such element: Unable to locate element: {&quot;method&quot;:&quot;xpath&quot;,&quot;selector&quot;:&quot;//div[contains(@id,'cdk-drop-list')]/div[1]/div/data-grid-row/div/div[1]&quot;}
  (Session info: chrome=123.0.6312.123)
For documentation on this error, please visit: https://www.selenium.dev/documentation/webdriver/troubleshooting/errors#no-such-element-exception
Build info: version: '4.12.1', revision: '8e34639b11'
System info: os.name: 'Windows 10', os.arch: 'amd64', os.version: '10.0', java.version: '17.0.8'
Driver info: org.openqa.selenium.chrome.ChromeDriver
Command: [f2ab30331e5ed78c1ac1753fc0f58f19, findElement {using=xpath, value=//div[contains(@id,'cdk-drop-list')]/div[1]/div/data-grid-row/div/div[1]}]
Capabilities {acceptInsecureCerts: false, browserName: chrome, browserVersion: 123.0.6312.123, chrome: {chromedriverVersion: 123.0.6312.122 (31f8248cdd9..., userDataDir: C:\Users\raja.s\AppData\Loc...}, fedcm:accounts: true, goog:chromeOptions: {debuggerAddress: localhost:56806}, networkConnectionEnabled: false, pageLoadStrategy: normal, platformName: windows, proxy: Proxy(), se:cdp: ws://localhost:56806/devtoo..., se:cdpVersion: 123.0.6312.123, setWindowRect: true, strictFileInteractability: false, timeouts: {implicit: 0, pageLoad: 300000, script: 30000}, unhandledPromptBehavior: dismiss and notify, webauthn:extension:credBlob: true, webauthn:extension:largeBlob: true, webauthn:extension:minPinLength: true, webauthn:extension:prf: true, webauthn:virtualAuthenticators: true}
Session ID: f2ab30331e5ed78c1ac1753fc0f58f19
	at jdk.internal.reflect.GeneratedConstructorAccessor29.newInstance(Unknown Source)
	at java.base/jdk.internal.reflect.DelegatingConstructorAccessorImpl.newInstance(DelegatingConstructorAccessorImpl.java:45)
	at java.base/java.lang.reflect.Constructor.newInstanceWithCaller(Constructor.java:499)
	at java.base/java.lang.reflect.Constructor.newInstance(Constructor.java:480)
	at org.openqa.selenium.remote.codec.w3c.W3CHttpResponseCodec.createException(W3CHttpResponseCodec.java:200)
	at org.openqa.selenium.remote.codec.w3c.W3CHttpResponseCodec.decode(W3CHttpResponseCodec.java:133)
	at org.openqa.selenium.remote.codec.w3c.W3CHttpResponseCodec.decode(W3CHttpResponseCodec.java:52)
	at org.openqa.selenium.remote.HttpCommandExecutor.execute(HttpCommandExecutor.java:191)
	at org.openqa.selenium.remote.service.DriverCommandExecutor.invokeExecute(DriverCommandExecutor.java:196)
	at org.openqa.selenium.remote.service.DriverCommandExecutor.execute(DriverCommandExecutor.java:171)
	at org.openqa.selenium.remote.RemoteWebDriver.execute(RemoteWebDriver.java:602)
	at org.openqa.selenium.remote.ElementLocation$ElementFinder$2.findElement(ElementLocation.java:165)
	at org.openqa.selenium.remote.ElementLocation.findElement(ElementLocation.java:59)
	at org.openqa.selenium.remote.RemoteWebDriver.findElement(RemoteWebDriver.java:359)
	at org.openqa.selenium.remote.RemoteWebDriver.findElement(RemoteWebDriver.java:353)
	at com.epam.healenium.processor.FindElementProcessor.execute(FindElementProcessor.java:23)
	at com.epam.healenium.processor.BaseProcessor.process(BaseProcessor.java:42)
	at com.epam.healenium.handlers.proxy.BaseHandler.findElement(BaseHandler.java:63)
	at com.epam.healenium.handlers.proxy.SelfHealingProxyInvocationHandler.invoke(SelfHealingProxyInvocationHandler.java:39)
	at jdk.proxy2/jdk.proxy2.$Proxy29.findElement(Unknown Source)
	at com.Pages.Common_XPaths.SearchAndVerify_SearchBox(Common_XPaths.java:827)
	at StepDefinition.Product_and_Items_Departments.i_Verify_Searching_the_Item_when_entering_three_letters(Product_and_Items_Departments.java:515)
	at &#10045;.I Verify Searching the Item when entering three letters(classpath:Product_and_Items_Features/Product_Items_Departments.feature:82)
</pre>
      </div>
    </div>
  </div>











      </div>
  </div>
</div>




  <div class="inner-level hooks-element-after">
    <div data-toggle="collapse" class=" collapsed  collapsable-control" data-target="#after-59">

<div class="brief passed">
  <span class="keyword indention">Hooks</span>
  <span class="name"></span>


     <i class="chevron fa fa-fw"></i>
</div>

    </div>

    <div id="after-59" class="inner-level collapse collapsable-details ">
        <div class="hook">
          <div class="brief passed">
            <span class="keyword indention">After</span>
              <span class="location name">StepDefinition.Hooks.TestFail(io.cucumber.java.Scenario)</span>

  <span class="lead-duration duration">2.849</span>

          </div>






  <div class="embeddings inner-level">
  <div class="embedding indention">
    <div data-toggle="collapse" data-target="#embedding-60" class="collapsable-control">
      <a>Verify able to search the Department by entering 3 letters of Department Name</a>
      <a href="embeddings/embedding_-151350926.png" download target="_blank">
        <span class="download-button glyphicon glyphicon-download-alt"></span>
      </a>
    </div>
    <div id="embedding-60" class="collapse collapsable-details ">
      <div class="embedding-content">
        <img src="embeddings/embedding_-151350926.png">
      </div>
    </div>
  </div>
  </div>

        </div>
    </div>
  </div>

  </div>
</div>


<div class="element">
    <div class="indention">
      <b>Feature:</b>
      <a href="report-feature_2_1383655195.html">Product and Items - Departments</a>
    </div>


<div class="tags indention">
    <b>Tags:</b>
       <a href="report-tag_628519455.html">@Product/Items</a>
       <a href="report-tag_4010616576.html">@Departments</a>
       <a href="report-tag_2711777312.html">@Product/Items01</a>
</div>


  <span class="lead-duration duration">2:7.437</span>


  <span data-toggle="collapse" class=" collapsable-control" data-target="#element-61">

<div class="brief failed">
  <span class="keyword indention">Scenario</span>
  <span class="name">Update Department without Entering Department name</span>


     <i class="chevron fa fa-fw"></i>
</div>

  </span>
  <div class="description indention"></div>

  <div id="element-61" class="collapse collapsable-details  in ">


  <div class="inner-level hooks-element-before">
    <div data-toggle="collapse" class=" collapsed  collapsable-control" data-target="#before-62">

<div class="brief passed">
  <span class="keyword indention">Hooks</span>
  <span class="name"></span>


     <i class="chevron fa fa-fw"></i>
</div>

    </div>

    <div id="before-62" class="inner-level collapse collapsable-details ">
        <div class="hook">
          <div class="brief passed">
            <span class="keyword indention">Before</span>
              <span class="location name">StepDefinition.Hooks.Start_Scenario(io.cucumber.java.Scenario)</span>

  <span class="lead-duration duration">18.527</span>

          </div>







        </div>
    </div>
  </div>



<div class="steps inner-level">
  <div data-toggle="collapse" class=" collapsable-control" data-target="#steps-63">

<div class="brief failed">
  <span class="keyword indention">Steps</span>
  <span class="name"></span>


     <i class="chevron fa fa-fw"></i>
</div>

  </div>

  <div id="steps-63" class="inner-level collapse collapsable-details  in ">
      <div class="step">


<div class="brief step-name-Given failed">
  <span class="keyword indention">Given</span>
  <span class="name">I Search and Edit the Department</span>

  <span class="lead-duration duration">2:7.437</span>

</div>






  <div class="inner-level">
    <div class="message indention">
      <div data-toggle="collapse" class=" collapsable-control" data-target="#msg-64">
          <a>org.openqa.selenium.NoSuchElementException:</a>
      </div>
      <div id="msg-64" class="collapse collapsable-details  in ">
        <pre>org.openqa.selenium.NoSuchElementException: Failed to find element using By.xpath: //span[.='New_Dept_Name_076')]/../../div//div[1]/button
	at com.epam.healenium.handlers.proxy.BaseHandler.findElement(BaseHandler.java:75)
	at com.epam.healenium.handlers.proxy.SelfHealingProxyInvocationHandler.invoke(SelfHealingProxyInvocationHandler.java:39)
	at jdk.proxy2/jdk.proxy2.$Proxy29.findElement(Unknown Source)
	at com.Pages.Common_XPaths.SearchAndClickEdit(Common_XPaths.java:966)
	at StepDefinition.Product_and_Items_Departments.search_and_Edit_the_Department(Product_and_Items_Departments.java:464)
	at &#10045;.I Search and Edit the Department(classpath:Product_and_Items_Features/Product_Items_Departments.feature:85)
Caused by: org.openqa.selenium.JavascriptException: javascript error: {&quot;status&quot;:32,&quot;value&quot;:&quot;Unable to locate an element with the xpath expression //span[.='New_Dept_Name_076')]/../../div//div[1]/button because of the following error:\nSyntaxError: Failed to execute 'evaluate' on 'Document': The string '//span[.='New_Dept_Name_076')]/../../div//div[1]/button' is not a valid XPath expression.&quot;}
  (Session info: chrome=123.0.6312.123)
Build info: version: '4.12.1', revision: '8e34639b11'
System info: os.name: 'Windows 10', os.arch: 'amd64', os.version: '10.0', java.version: '17.0.8'
Driver info: org.openqa.selenium.chrome.ChromeDriver
Command: [f2ab30331e5ed78c1ac1753fc0f58f19, findElement {using=xpath, value=//span[.='New_Dept_Name_076')]/../../div//div[1]/button}]
Capabilities {acceptInsecureCerts: false, browserName: chrome, browserVersion: 123.0.6312.123, chrome: {chromedriverVersion: 123.0.6312.122 (31f8248cdd9..., userDataDir: C:\Users\raja.s\AppData\Loc...}, fedcm:accounts: true, goog:chromeOptions: {debuggerAddress: localhost:56806}, networkConnectionEnabled: false, pageLoadStrategy: normal, platformName: windows, proxy: Proxy(), se:cdp: ws://localhost:56806/devtoo..., se:cdpVersion: 123.0.6312.123, setWindowRect: true, strictFileInteractability: false, timeouts: {implicit: 0, pageLoad: 300000, script: 30000}, unhandledPromptBehavior: dismiss and notify, webauthn:extension:credBlob: true, webauthn:extension:largeBlob: true, webauthn:extension:minPinLength: true, webauthn:extension:prf: true, webauthn:virtualAuthenticators: true}
Session ID: f2ab30331e5ed78c1ac1753fc0f58f19
	at java.base/jdk.internal.reflect.NativeConstructorAccessorImpl.newInstance0(Native Method)
	at java.base/jdk.internal.reflect.NativeConstructorAccessorImpl.newInstance(NativeConstructorAccessorImpl.java:77)
	at java.base/jdk.internal.reflect.DelegatingConstructorAccessorImpl.newInstance(DelegatingConstructorAccessorImpl.java:45)
	at java.base/java.lang.reflect.Constructor.newInstanceWithCaller(Constructor.java:499)
	at java.base/java.lang.reflect.Constructor.newInstance(Constructor.java:480)
	at org.openqa.selenium.remote.codec.w3c.W3CHttpResponseCodec.createException(W3CHttpResponseCodec.java:200)
	at org.openqa.selenium.remote.codec.w3c.W3CHttpResponseCodec.decode(W3CHttpResponseCodec.java:133)
	at org.openqa.selenium.remote.codec.w3c.W3CHttpResponseCodec.decode(W3CHttpResponseCodec.java:52)
	at org.openqa.selenium.remote.HttpCommandExecutor.execute(HttpCommandExecutor.java:191)
	at org.openqa.selenium.remote.service.DriverCommandExecutor.invokeExecute(DriverCommandExecutor.java:196)
	at org.openqa.selenium.remote.service.DriverCommandExecutor.execute(DriverCommandExecutor.java:171)
	at org.openqa.selenium.remote.RemoteWebDriver.execute(RemoteWebDriver.java:602)
	at org.openqa.selenium.remote.ElementLocation$ElementFinder$2.findElement(ElementLocation.java:165)
	at org.openqa.selenium.remote.ElementLocation.findElement(ElementLocation.java:59)
	at org.openqa.selenium.remote.RemoteWebDriver.findElement(RemoteWebDriver.java:359)
	at org.openqa.selenium.remote.RemoteWebDriver.findElement(RemoteWebDriver.java:353)
	at com.epam.healenium.processor.FindElementProcessor.execute(FindElementProcessor.java:23)
	at com.epam.healenium.processor.BaseProcessor.process(BaseProcessor.java:42)
	at com.epam.healenium.handlers.proxy.BaseHandler.findElement(BaseHandler.java:63)
	at com.epam.healenium.handlers.proxy.SelfHealingProxyInvocationHandler.invoke(SelfHealingProxyInvocationHandler.java:39)
	at jdk.proxy2/jdk.proxy2.$Proxy29.findElement(Unknown Source)
	at com.Pages.Common_XPaths.SearchAndClickEdit(Common_XPaths.java:966)
	at StepDefinition.Product_and_Items_Departments.search_and_Edit_the_Department(Product_and_Items_Departments.java:464)
	at java.base/jdk.internal.reflect.NativeMethodAccessorImpl.invoke0(Native Method)
	at java.base/jdk.internal.reflect.NativeMethodAccessorImpl.invoke(NativeMethodAccessorImpl.java:77)
	at java.base/jdk.internal.reflect.DelegatingMethodAccessorImpl.invoke(DelegatingMethodAccessorImpl.java:43)
	at java.base/java.lang.reflect.Method.invoke(Method.java:568)
	at io.cucumber.java.Invoker.doInvoke(Invoker.java:66)
	at io.cucumber.java.Invoker.invoke(Invoker.java:24)
	at io.cucumber.java.AbstractGlueDefinition.invokeMethod(AbstractGlueDefinition.java:47)
	at io.cucumber.java.JavaStepDefinition.execute(JavaStepDefinition.java:29)
	at io.cucumber.core.runner.CoreStepDefinition.execute(CoreStepDefinition.java:66)
	at io.cucumber.core.runner.PickleStepDefinitionMatch.runStep(PickleStepDefinitionMatch.java:63)
	at io.cucumber.core.runner.ExecutionMode$1.execute(ExecutionMode.java:10)
	at io.cucumber.core.runner.TestStep.executeStep(TestStep.java:85)
	at io.cucumber.core.runner.TestStep.run(TestStep.java:57)
	at io.cucumber.core.runner.PickleStepTestStep.run(PickleStepTestStep.java:51)
	at io.cucumber.core.runner.TestCase.run(TestCase.java:84)
	at io.cucumber.core.runner.Runner.runPickle(Runner.java:75)
	at io.cucumber.junit.PickleRunners$NoStepDescriptions.lambda$run$0(PickleRunners.java:151)
	at io.cucumber.core.runtime.CucumberExecutionContext.lambda$runTestCase$5(CucumberExecutionContext.java:129)
	at io.cucumber.core.runtime.RethrowingThrowableCollector.executeAndThrow(RethrowingThrowableCollector.java:23)
	at io.cucumber.core.runtime.CucumberExecutionContext.runTestCase(CucumberExecutionContext.java:129)
	at io.cucumber.junit.PickleRunners$NoStepDescriptions.run(PickleRunners.java:148)
	at io.cucumber.junit.FeatureRunner.runChild(FeatureRunner.java:144)
	at io.cucumber.junit.FeatureRunner.runChild(FeatureRunner.java:28)
	at org.junit.runners.ParentRunner$4.run(ParentRunner.java:331)
	at org.junit.runners.ParentRunner$1.schedule(ParentRunner.java:79)
	at org.junit.runners.ParentRunner.runChildren(ParentRunner.java:329)
	at org.junit.runners.ParentRunner.access$100(ParentRunner.java:66)
	at org.junit.runners.ParentRunner$2.evaluate(ParentRunner.java:293)
	at org.junit.runners.ParentRunner$3.evaluate(ParentRunner.java:306)
	at org.junit.runners.ParentRunner.run(ParentRunner.java:413)
	at io.cucumber.junit.FeatureRunner.run(FeatureRunner.java:137)
	at io.cucumber.junit.Cucumber.runChild(Cucumber.java:196)
	at io.cucumber.junit.Cucumber.runChild(Cucumber.java:89)
	at org.junit.runners.ParentRunner$4.run(ParentRunner.java:331)
	at org.junit.runners.ParentRunner$1.schedule(ParentRunner.java:79)
	at org.junit.runners.ParentRunner.runChildren(ParentRunner.java:329)
	at org.junit.runners.ParentRunner.access$100(ParentRunner.java:66)
	at org.junit.runners.ParentRunner$2.evaluate(ParentRunner.java:293)
	at io.cucumber.junit.Cucumber$RunBeforeAllHooks.evaluate(Cucumber.java:266)
	at io.cucumber.junit.Cucumber$RunAfterAllHooks.evaluate(Cucumber.java:281)
	at io.cucumber.junit.Cucumber$StartTestRun.evaluate(Cucumber.java:233)
	at io.cucumber.junit.Cucumber$FinishTestRun.evaluate(Cucumber.java:248)
	at org.junit.runners.ParentRunner$3.evaluate(ParentRunner.java:306)
	at org.junit.runners.ParentRunner.run(ParentRunner.java:413)
	at org.junit.runner.JUnitCore.run(JUnitCore.java:137)
	at org.junit.runner.JUnitCore.run(JUnitCore.java:115)
	at org.junit.vintage.engine.execution.RunnerExecutor.execute(RunnerExecutor.java:42)
	at org.junit.vintage.engine.VintageTestEngine.executeAllChildren(VintageTestEngine.java:80)
	at org.junit.vintage.engine.VintageTestEngine.execute(VintageTestEngine.java:72)
	at org.junit.platform.launcher.core.EngineExecutionOrchestrator.execute(EngineExecutionOrchestrator.java:198)
	at org.junit.platform.launcher.core.EngineExecutionOrchestrator.execute(EngineExecutionOrchestrator.java:169)
	at org.junit.platform.launcher.core.EngineExecutionOrchestrator.execute(EngineExecutionOrchestrator.java:93)
	at org.junit.platform.launcher.core.EngineExecutionOrchestrator.lambda$execute$0(EngineExecutionOrchestrator.java:58)
	at org.junit.platform.launcher.core.EngineExecutionOrchestrator.withInterceptedStreams(EngineExecutionOrchestrator.java:141)
	at org.junit.platform.launcher.core.EngineExecutionOrchestrator.execute(EngineExecutionOrchestrator.java:57)
	at org.junit.platform.launcher.core.DefaultLauncher.execute(DefaultLauncher.java:103)
	at org.junit.platform.launcher.core.DefaultLauncher.execute(DefaultLauncher.java:94)
	at org.junit.platform.launcher.core.DelegatingLauncher.execute(DelegatingLauncher.java:52)
	at org.junit.platform.launcher.core.SessionPerRequestLauncher.execute(SessionPerRequestLauncher.java:70)
	at org.eclipse.jdt.internal.junit5.runner.JUnit5TestReference.run(JUnit5TestReference.java:98)
	at org.eclipse.jdt.internal.junit.runner.TestExecution.run(TestExecution.java:40)
	at org.eclipse.jdt.internal.junit.runner.RemoteTestRunner.runTests(RemoteTestRunner.java:529)
	at org.eclipse.jdt.internal.junit.runner.RemoteTestRunner.runTests(RemoteTestRunner.java:756)
	at org.eclipse.jdt.internal.junit.runner.RemoteTestRunner.run(RemoteTestRunner.java:452)
	at org.eclipse.jdt.internal.junit.runner.RemoteTestRunner.main(RemoteTestRunner.java:210)
</pre>
      </div>
    </div>
  </div>











      </div>
      <div class="step">


<div class="brief step-name-And skipped">
  <span class="keyword indention">And</span>
  <span class="name">I Clicking the Update button without entering Department Name</span>

  <span class="lead-duration duration">0.000</span>

</div>
















      </div>
  </div>
</div>




  <div class="inner-level hooks-element-after">
    <div data-toggle="collapse" class=" collapsed  collapsable-control" data-target="#after-65">

<div class="brief passed">
  <span class="keyword indention">Hooks</span>
  <span class="name"></span>


     <i class="chevron fa fa-fw"></i>
</div>

    </div>

    <div id="after-65" class="inner-level collapse collapsable-details ">
        <div class="hook">
          <div class="brief passed">
            <span class="keyword indention">After</span>
              <span class="location name">StepDefinition.Hooks.TestFail(io.cucumber.java.Scenario)</span>

  <span class="lead-duration duration">2.758</span>

          </div>






  <div class="embeddings inner-level">
  <div class="embedding indention">
    <div data-toggle="collapse" data-target="#embedding-66" class="collapsable-control">
      <a>Update Department without Entering Department name</a>
      <a href="embeddings/embedding_-686273813.png" download target="_blank">
        <span class="download-button glyphicon glyphicon-download-alt"></span>
      </a>
    </div>
    <div id="embedding-66" class="collapse collapsable-details ">
      <div class="embedding-content">
        <img src="embeddings/embedding_-686273813.png">
      </div>
    </div>
  </div>
  </div>

        </div>
    </div>
  </div>

  </div>
</div>


<div class="element">
    <div class="indention">
      <b>Feature:</b>
      <a href="report-feature_2_1383655195.html">Product and Items - Departments</a>
    </div>


<div class="tags indention">
    <b>Tags:</b>
       <a href="report-tag_628519455.html">@Product/Items</a>
       <a href="report-tag_4010616576.html">@Departments</a>
       <a href="report-tag_2711777312.html">@Product/Items01</a>
</div>


  <span class="lead-duration duration">2:7.376</span>


  <span data-toggle="collapse" class=" collapsable-control" data-target="#element-67">

<div class="brief failed">
  <span class="keyword indention">Scenario</span>
  <span class="name">Updating Department by Disabling Include Membership</span>


     <i class="chevron fa fa-fw"></i>
</div>

  </span>
  <div class="description indention"></div>

  <div id="element-67" class="collapse collapsable-details  in ">


  <div class="inner-level hooks-element-before">
    <div data-toggle="collapse" class=" collapsed  collapsable-control" data-target="#before-68">

<div class="brief passed">
  <span class="keyword indention">Hooks</span>
  <span class="name"></span>


     <i class="chevron fa fa-fw"></i>
</div>

    </div>

    <div id="before-68" class="inner-level collapse collapsable-details ">
        <div class="hook">
          <div class="brief passed">
            <span class="keyword indention">Before</span>
              <span class="location name">StepDefinition.Hooks.Start_Scenario(io.cucumber.java.Scenario)</span>

  <span class="lead-duration duration">20.480</span>

          </div>







        </div>
    </div>
  </div>



<div class="steps inner-level">
  <div data-toggle="collapse" class=" collapsable-control" data-target="#steps-69">

<div class="brief failed">
  <span class="keyword indention">Steps</span>
  <span class="name"></span>


     <i class="chevron fa fa-fw"></i>
</div>

  </div>

  <div id="steps-69" class="inner-level collapse collapsable-details  in ">
      <div class="step">


<div class="brief step-name-Given failed">
  <span class="keyword indention">Given</span>
  <span class="name">I Search and Edit the Department</span>

  <span class="lead-duration duration">2:7.376</span>

</div>






  <div class="inner-level">
    <div class="message indention">
      <div data-toggle="collapse" class=" collapsable-control" data-target="#msg-70">
          <a>org.openqa.selenium.NoSuchElementException:</a>
      </div>
      <div id="msg-70" class="collapse collapsable-details  in ">
        <pre>org.openqa.selenium.NoSuchElementException: Failed to find element using By.xpath: //span[.='New_Dept_Name_076')]/../../div//div[1]/button
	at com.epam.healenium.handlers.proxy.BaseHandler.findElement(BaseHandler.java:75)
	at com.epam.healenium.handlers.proxy.SelfHealingProxyInvocationHandler.invoke(SelfHealingProxyInvocationHandler.java:39)
	at jdk.proxy2/jdk.proxy2.$Proxy29.findElement(Unknown Source)
	at com.Pages.Common_XPaths.SearchAndClickEdit(Common_XPaths.java:966)
	at StepDefinition.Product_and_Items_Departments.search_and_Edit_the_Department(Product_and_Items_Departments.java:464)
	at &#10045;.I Search and Edit the Department(classpath:Product_and_Items_Features/Product_Items_Departments.feature:89)
Caused by: org.openqa.selenium.JavascriptException: javascript error: {&quot;status&quot;:32,&quot;value&quot;:&quot;Unable to locate an element with the xpath expression //span[.='New_Dept_Name_076')]/../../div//div[1]/button because of the following error:\nSyntaxError: Failed to execute 'evaluate' on 'Document': The string '//span[.='New_Dept_Name_076')]/../../div//div[1]/button' is not a valid XPath expression.&quot;}
  (Session info: chrome=123.0.6312.123)
Build info: version: '4.12.1', revision: '8e34639b11'
System info: os.name: 'Windows 10', os.arch: 'amd64', os.version: '10.0', java.version: '17.0.8'
Driver info: org.openqa.selenium.chrome.ChromeDriver
Command: [f2ab30331e5ed78c1ac1753fc0f58f19, findElement {using=xpath, value=//span[.='New_Dept_Name_076')]/../../div//div[1]/button}]
Capabilities {acceptInsecureCerts: false, browserName: chrome, browserVersion: 123.0.6312.123, chrome: {chromedriverVersion: 123.0.6312.122 (31f8248cdd9..., userDataDir: C:\Users\raja.s\AppData\Loc...}, fedcm:accounts: true, goog:chromeOptions: {debuggerAddress: localhost:56806}, networkConnectionEnabled: false, pageLoadStrategy: normal, platformName: windows, proxy: Proxy(), se:cdp: ws://localhost:56806/devtoo..., se:cdpVersion: 123.0.6312.123, setWindowRect: true, strictFileInteractability: false, timeouts: {implicit: 0, pageLoad: 300000, script: 30000}, unhandledPromptBehavior: dismiss and notify, webauthn:extension:credBlob: true, webauthn:extension:largeBlob: true, webauthn:extension:minPinLength: true, webauthn:extension:prf: true, webauthn:virtualAuthenticators: true}
Session ID: f2ab30331e5ed78c1ac1753fc0f58f19
	at java.base/jdk.internal.reflect.NativeConstructorAccessorImpl.newInstance0(Native Method)
	at java.base/jdk.internal.reflect.NativeConstructorAccessorImpl.newInstance(NativeConstructorAccessorImpl.java:77)
	at java.base/jdk.internal.reflect.DelegatingConstructorAccessorImpl.newInstance(DelegatingConstructorAccessorImpl.java:45)
	at java.base/java.lang.reflect.Constructor.newInstanceWithCaller(Constructor.java:499)
	at java.base/java.lang.reflect.Constructor.newInstance(Constructor.java:480)
	at org.openqa.selenium.remote.codec.w3c.W3CHttpResponseCodec.createException(W3CHttpResponseCodec.java:200)
	at org.openqa.selenium.remote.codec.w3c.W3CHttpResponseCodec.decode(W3CHttpResponseCodec.java:133)
	at org.openqa.selenium.remote.codec.w3c.W3CHttpResponseCodec.decode(W3CHttpResponseCodec.java:52)
	at org.openqa.selenium.remote.HttpCommandExecutor.execute(HttpCommandExecutor.java:191)
	at org.openqa.selenium.remote.service.DriverCommandExecutor.invokeExecute(DriverCommandExecutor.java:196)
	at org.openqa.selenium.remote.service.DriverCommandExecutor.execute(DriverCommandExecutor.java:171)
	at org.openqa.selenium.remote.RemoteWebDriver.execute(RemoteWebDriver.java:602)
	at org.openqa.selenium.remote.ElementLocation$ElementFinder$2.findElement(ElementLocation.java:165)
	at org.openqa.selenium.remote.ElementLocation.findElement(ElementLocation.java:59)
	at org.openqa.selenium.remote.RemoteWebDriver.findElement(RemoteWebDriver.java:359)
	at org.openqa.selenium.remote.RemoteWebDriver.findElement(RemoteWebDriver.java:353)
	at com.epam.healenium.processor.FindElementProcessor.execute(FindElementProcessor.java:23)
	at com.epam.healenium.processor.BaseProcessor.process(BaseProcessor.java:42)
	at com.epam.healenium.handlers.proxy.BaseHandler.findElement(BaseHandler.java:63)
	at com.epam.healenium.handlers.proxy.SelfHealingProxyInvocationHandler.invoke(SelfHealingProxyInvocationHandler.java:39)
	at jdk.proxy2/jdk.proxy2.$Proxy29.findElement(Unknown Source)
	at com.Pages.Common_XPaths.SearchAndClickEdit(Common_XPaths.java:966)
	at StepDefinition.Product_and_Items_Departments.search_and_Edit_the_Department(Product_and_Items_Departments.java:464)
	at java.base/jdk.internal.reflect.NativeMethodAccessorImpl.invoke0(Native Method)
	at java.base/jdk.internal.reflect.NativeMethodAccessorImpl.invoke(NativeMethodAccessorImpl.java:77)
	at java.base/jdk.internal.reflect.DelegatingMethodAccessorImpl.invoke(DelegatingMethodAccessorImpl.java:43)
	at java.base/java.lang.reflect.Method.invoke(Method.java:568)
	at io.cucumber.java.Invoker.doInvoke(Invoker.java:66)
	at io.cucumber.java.Invoker.invoke(Invoker.java:24)
	at io.cucumber.java.AbstractGlueDefinition.invokeMethod(AbstractGlueDefinition.java:47)
	at io.cucumber.java.JavaStepDefinition.execute(JavaStepDefinition.java:29)
	at io.cucumber.core.runner.CoreStepDefinition.execute(CoreStepDefinition.java:66)
	at io.cucumber.core.runner.PickleStepDefinitionMatch.runStep(PickleStepDefinitionMatch.java:63)
	at io.cucumber.core.runner.ExecutionMode$1.execute(ExecutionMode.java:10)
	at io.cucumber.core.runner.TestStep.executeStep(TestStep.java:85)
	at io.cucumber.core.runner.TestStep.run(TestStep.java:57)
	at io.cucumber.core.runner.PickleStepTestStep.run(PickleStepTestStep.java:51)
	at io.cucumber.core.runner.TestCase.run(TestCase.java:84)
	at io.cucumber.core.runner.Runner.runPickle(Runner.java:75)
	at io.cucumber.junit.PickleRunners$NoStepDescriptions.lambda$run$0(PickleRunners.java:151)
	at io.cucumber.core.runtime.CucumberExecutionContext.lambda$runTestCase$5(CucumberExecutionContext.java:129)
	at io.cucumber.core.runtime.RethrowingThrowableCollector.executeAndThrow(RethrowingThrowableCollector.java:23)
	at io.cucumber.core.runtime.CucumberExecutionContext.runTestCase(CucumberExecutionContext.java:129)
	at io.cucumber.junit.PickleRunners$NoStepDescriptions.run(PickleRunners.java:148)
	at io.cucumber.junit.FeatureRunner.runChild(FeatureRunner.java:144)
	at io.cucumber.junit.FeatureRunner.runChild(FeatureRunner.java:28)
	at org.junit.runners.ParentRunner$4.run(ParentRunner.java:331)
	at org.junit.runners.ParentRunner$1.schedule(ParentRunner.java:79)
	at org.junit.runners.ParentRunner.runChildren(ParentRunner.java:329)
	at org.junit.runners.ParentRunner.access$100(ParentRunner.java:66)
	at org.junit.runners.ParentRunner$2.evaluate(ParentRunner.java:293)
	at org.junit.runners.ParentRunner$3.evaluate(ParentRunner.java:306)
	at org.junit.runners.ParentRunner.run(ParentRunner.java:413)
	at io.cucumber.junit.FeatureRunner.run(FeatureRunner.java:137)
	at io.cucumber.junit.Cucumber.runChild(Cucumber.java:196)
	at io.cucumber.junit.Cucumber.runChild(Cucumber.java:89)
	at org.junit.runners.ParentRunner$4.run(ParentRunner.java:331)
	at org.junit.runners.ParentRunner$1.schedule(ParentRunner.java:79)
	at org.junit.runners.ParentRunner.runChildren(ParentRunner.java:329)
	at org.junit.runners.ParentRunner.access$100(ParentRunner.java:66)
	at org.junit.runners.ParentRunner$2.evaluate(ParentRunner.java:293)
	at io.cucumber.junit.Cucumber$RunBeforeAllHooks.evaluate(Cucumber.java:266)
	at io.cucumber.junit.Cucumber$RunAfterAllHooks.evaluate(Cucumber.java:281)
	at io.cucumber.junit.Cucumber$StartTestRun.evaluate(Cucumber.java:233)
	at io.cucumber.junit.Cucumber$FinishTestRun.evaluate(Cucumber.java:248)
	at org.junit.runners.ParentRunner$3.evaluate(ParentRunner.java:306)
	at org.junit.runners.ParentRunner.run(ParentRunner.java:413)
	at org.junit.runner.JUnitCore.run(JUnitCore.java:137)
	at org.junit.runner.JUnitCore.run(JUnitCore.java:115)
	at org.junit.vintage.engine.execution.RunnerExecutor.execute(RunnerExecutor.java:42)
	at org.junit.vintage.engine.VintageTestEngine.executeAllChildren(VintageTestEngine.java:80)
	at org.junit.vintage.engine.VintageTestEngine.execute(VintageTestEngine.java:72)
	at org.junit.platform.launcher.core.EngineExecutionOrchestrator.execute(EngineExecutionOrchestrator.java:198)
	at org.junit.platform.launcher.core.EngineExecutionOrchestrator.execute(EngineExecutionOrchestrator.java:169)
	at org.junit.platform.launcher.core.EngineExecutionOrchestrator.execute(EngineExecutionOrchestrator.java:93)
	at org.junit.platform.launcher.core.EngineExecutionOrchestrator.lambda$execute$0(EngineExecutionOrchestrator.java:58)
	at org.junit.platform.launcher.core.EngineExecutionOrchestrator.withInterceptedStreams(EngineExecutionOrchestrator.java:141)
	at org.junit.platform.launcher.core.EngineExecutionOrchestrator.execute(EngineExecutionOrchestrator.java:57)
	at org.junit.platform.launcher.core.DefaultLauncher.execute(DefaultLauncher.java:103)
	at org.junit.platform.launcher.core.DefaultLauncher.execute(DefaultLauncher.java:94)
	at org.junit.platform.launcher.core.DelegatingLauncher.execute(DelegatingLauncher.java:52)
	at org.junit.platform.launcher.core.SessionPerRequestLauncher.execute(SessionPerRequestLauncher.java:70)
	at org.eclipse.jdt.internal.junit5.runner.JUnit5TestReference.run(JUnit5TestReference.java:98)
	at org.eclipse.jdt.internal.junit.runner.TestExecution.run(TestExecution.java:40)
	at org.eclipse.jdt.internal.junit.runner.RemoteTestRunner.runTests(RemoteTestRunner.java:529)
	at org.eclipse.jdt.internal.junit.runner.RemoteTestRunner.runTests(RemoteTestRunner.java:756)
	at org.eclipse.jdt.internal.junit.runner.RemoteTestRunner.run(RemoteTestRunner.java:452)
	at org.eclipse.jdt.internal.junit.runner.RemoteTestRunner.main(RemoteTestRunner.java:210)
</pre>
      </div>
    </div>
  </div>











      </div>
      <div class="step">


<div class="brief step-name-When skipped">
  <span class="keyword indention">When</span>
  <span class="name">Editing the Department with Department Name</span>

  <span class="lead-duration duration">0.000</span>

</div>
















      </div>
      <div class="step">


<div class="brief step-name-And skipped">
  <span class="keyword indention">And</span>
  <span class="name">I validate the Include Membership Toggle is Enabled or not</span>

  <span class="lead-duration duration">0.000</span>

</div>
















      </div>
      <div class="step">


<div class="brief step-name-And skipped">
  <span class="keyword indention">And</span>
  <span class="name">I Disable Include Membership</span>

  <span class="lead-duration duration">0.000</span>

</div>
















      </div>
      <div class="step">


<div class="brief step-name-And skipped">
  <span class="keyword indention">And</span>
  <span class="name">I Click the Update button</span>

  <span class="lead-duration duration">0.000</span>

</div>
















      </div>
      <div class="step">


<div class="brief step-name-Then skipped">
  <span class="keyword indention">Then</span>
  <span class="name">Verify the Department is Updated or not</span>

  <span class="lead-duration duration">0.000</span>

</div>
















      </div>
  </div>
</div>




  <div class="inner-level hooks-element-after">
    <div data-toggle="collapse" class=" collapsed  collapsable-control" data-target="#after-71">

<div class="brief passed">
  <span class="keyword indention">Hooks</span>
  <span class="name"></span>


     <i class="chevron fa fa-fw"></i>
</div>

    </div>

    <div id="after-71" class="inner-level collapse collapsable-details ">
        <div class="hook">
          <div class="brief passed">
            <span class="keyword indention">After</span>
              <span class="location name">StepDefinition.Hooks.TestFail(io.cucumber.java.Scenario)</span>

  <span class="lead-duration duration">2.842</span>

          </div>






  <div class="embeddings inner-level">
  <div class="embedding indention">
    <div data-toggle="collapse" data-target="#embedding-72" class="collapsable-control">
      <a>Updating Department by Disabling Include Membership</a>
      <a href="embeddings/embedding_-686273813.png" download target="_blank">
        <span class="download-button glyphicon glyphicon-download-alt"></span>
      </a>
    </div>
    <div id="embedding-72" class="collapse collapsable-details ">
      <div class="embedding-content">
        <img src="embeddings/embedding_-686273813.png">
      </div>
    </div>
  </div>
  </div>

        </div>
    </div>
  </div>

  </div>
</div>


<div class="element">
    <div class="indention">
      <b>Feature:</b>
      <a href="report-feature_2_1383655195.html">Product and Items - Departments</a>
    </div>


<div class="tags indention">
    <b>Tags:</b>
       <a href="report-tag_628519455.html">@Product/Items</a>
       <a href="report-tag_4010616576.html">@Departments</a>
       <a href="report-tag_2711777312.html">@Product/Items01</a>
</div>


  <span class="lead-duration duration">3:44.221</span>


  <span data-toggle="collapse" class=" collapsable-control" data-target="#element-73">

<div class="brief failed">
  <span class="keyword indention">Scenario</span>
  <span class="name">Verify whether Unable to Inactivate the Department Clicking Cancel/No button</span>


     <i class="chevron fa fa-fw"></i>
</div>

  </span>
  <div class="description indention"></div>

  <div id="element-73" class="collapse collapsable-details  in ">


  <div class="inner-level hooks-element-before">
    <div data-toggle="collapse" class=" collapsed  collapsable-control" data-target="#before-74">

<div class="brief passed">
  <span class="keyword indention">Hooks</span>
  <span class="name"></span>


     <i class="chevron fa fa-fw"></i>
</div>

    </div>

    <div id="before-74" class="inner-level collapse collapsable-details ">
        <div class="hook">
          <div class="brief passed">
            <span class="keyword indention">Before</span>
              <span class="location name">StepDefinition.Hooks.Start_Scenario(io.cucumber.java.Scenario)</span>

  <span class="lead-duration duration">20.489</span>

          </div>







        </div>
    </div>
  </div>



<div class="steps inner-level">
  <div data-toggle="collapse" class=" collapsable-control" data-target="#steps-75">

<div class="brief failed">
  <span class="keyword indention">Steps</span>
  <span class="name"></span>


     <i class="chevron fa fa-fw"></i>
</div>

  </div>

  <div id="steps-75" class="inner-level collapse collapsable-details  in ">
      <div class="step">


<div class="brief step-name-Given failed">
  <span class="keyword indention">Given</span>
  <span class="name">I Search the Department and Click the Delete button</span>

  <span class="lead-duration duration">3:44.221</span>

</div>






  <div class="inner-level">
    <div class="message indention">
      <div data-toggle="collapse" class=" collapsable-control" data-target="#msg-76">
          <a>org.openqa.selenium.NoSuchElementException:</a>
      </div>
      <div id="msg-76" class="collapse collapsable-details  in ">
        <pre>org.openqa.selenium.NoSuchElementException: no such element: Unable to locate element: {&quot;method&quot;:&quot;xpath&quot;,&quot;selector&quot;:&quot;//span[.='New_Dept_Name_076 ']/../../div//div[2]/button&quot;}
  (Session info: chrome=123.0.6312.123)
For documentation on this error, please visit: https://www.selenium.dev/documentation/webdriver/troubleshooting/errors#no-such-element-exception
Build info: version: '4.12.1', revision: '8e34639b11'
System info: os.name: 'Windows 10', os.arch: 'amd64', os.version: '10.0', java.version: '17.0.8'
Driver info: org.openqa.selenium.chrome.ChromeDriver
Command: [f2ab30331e5ed78c1ac1753fc0f58f19, findElement {using=xpath, value=//span[.='New_Dept_Name_076 ']/../../div//div[2]/button}]
Capabilities {acceptInsecureCerts: false, browserName: chrome, browserVersion: 123.0.6312.123, chrome: {chromedriverVersion: 123.0.6312.122 (31f8248cdd9..., userDataDir: C:\Users\raja.s\AppData\Loc...}, fedcm:accounts: true, goog:chromeOptions: {debuggerAddress: localhost:56806}, networkConnectionEnabled: false, pageLoadStrategy: normal, platformName: windows, proxy: Proxy(), se:cdp: ws://localhost:56806/devtoo..., se:cdpVersion: 123.0.6312.123, setWindowRect: true, strictFileInteractability: false, timeouts: {implicit: 0, pageLoad: 300000, script: 30000}, unhandledPromptBehavior: dismiss and notify, webauthn:extension:credBlob: true, webauthn:extension:largeBlob: true, webauthn:extension:minPinLength: true, webauthn:extension:prf: true, webauthn:virtualAuthenticators: true}
Session ID: f2ab30331e5ed78c1ac1753fc0f58f19
	at jdk.internal.reflect.GeneratedConstructorAccessor29.newInstance(Unknown Source)
	at java.base/jdk.internal.reflect.DelegatingConstructorAccessorImpl.newInstance(DelegatingConstructorAccessorImpl.java:45)
	at java.base/java.lang.reflect.Constructor.newInstanceWithCaller(Constructor.java:499)
	at java.base/java.lang.reflect.Constructor.newInstance(Constructor.java:480)
	at org.openqa.selenium.remote.codec.w3c.W3CHttpResponseCodec.createException(W3CHttpResponseCodec.java:200)
	at org.openqa.selenium.remote.codec.w3c.W3CHttpResponseCodec.decode(W3CHttpResponseCodec.java:133)
	at org.openqa.selenium.remote.codec.w3c.W3CHttpResponseCodec.decode(W3CHttpResponseCodec.java:52)
	at org.openqa.selenium.remote.HttpCommandExecutor.execute(HttpCommandExecutor.java:191)
	at org.openqa.selenium.remote.service.DriverCommandExecutor.invokeExecute(DriverCommandExecutor.java:196)
	at org.openqa.selenium.remote.service.DriverCommandExecutor.execute(DriverCommandExecutor.java:171)
	at org.openqa.selenium.remote.RemoteWebDriver.execute(RemoteWebDriver.java:602)
	at org.openqa.selenium.remote.ElementLocation$ElementFinder$2.findElement(ElementLocation.java:165)
	at org.openqa.selenium.remote.ElementLocation.findElement(ElementLocation.java:59)
	at org.openqa.selenium.remote.RemoteWebDriver.findElement(RemoteWebDriver.java:359)
	at org.openqa.selenium.remote.RemoteWebDriver.findElement(RemoteWebDriver.java:353)
	at com.epam.healenium.processor.FindElementProcessor.execute(FindElementProcessor.java:23)
	at com.epam.healenium.processor.BaseProcessor.process(BaseProcessor.java:42)
	at com.epam.healenium.handlers.proxy.BaseHandler.findElement(BaseHandler.java:63)
	at com.epam.healenium.handlers.proxy.SelfHealingProxyInvocationHandler.invoke(SelfHealingProxyInvocationHandler.java:39)
	at jdk.proxy2/jdk.proxy2.$Proxy29.findElement(Unknown Source)
	at com.Pages.Common_XPaths.SearchAndClickDelete(Common_XPaths.java:997)
	at StepDefinition.Product_and_Items_Departments.i_Search_the_Department_and_Click_the_Cancel_button(Product_and_Items_Departments.java:652)
	at &#10045;.I Search the Department and Click the Delete button(classpath:Product_and_Items_Features/Product_Items_Departments.feature:97)
</pre>
      </div>
    </div>
  </div>











      </div>
      <div class="step">


<div class="brief step-name-And skipped">
  <span class="keyword indention">And</span>
  <span class="name">I Click the Cancel button in Pop Up</span>

  <span class="lead-duration duration">0.000</span>

</div>
















      </div>
      <div class="step">


<div class="brief step-name-Then skipped">
  <span class="keyword indention">Then</span>
  <span class="name">Verify the Cancelled Department Deleted/Inactivated or not</span>

  <span class="lead-duration duration">0.000</span>

</div>
















      </div>
  </div>
</div>




  <div class="inner-level hooks-element-after">
    <div data-toggle="collapse" class=" collapsed  collapsable-control" data-target="#after-77">

<div class="brief passed">
  <span class="keyword indention">Hooks</span>
  <span class="name"></span>


     <i class="chevron fa fa-fw"></i>
</div>

    </div>

    <div id="after-77" class="inner-level collapse collapsable-details ">
        <div class="hook">
          <div class="brief passed">
            <span class="keyword indention">After</span>
              <span class="location name">StepDefinition.Hooks.TestFail(io.cucumber.java.Scenario)</span>

  <span class="lead-duration duration">2.772</span>

          </div>






  <div class="embeddings inner-level">
  <div class="embedding indention">
    <div data-toggle="collapse" data-target="#embedding-78" class="collapsable-control">
      <a>Verify whether Unable to Inactivate the Department Clicking Cancel/No button</a>
      <a href="embeddings/embedding_-1552034354.png" download target="_blank">
        <span class="download-button glyphicon glyphicon-download-alt"></span>
      </a>
    </div>
    <div id="embedding-78" class="collapse collapsable-details ">
      <div class="embedding-content">
        <img src="embeddings/embedding_-1552034354.png">
      </div>
    </div>
  </div>
  </div>

        </div>
    </div>
  </div>

  </div>
</div>


<div class="element">
    <div class="indention">
      <b>Feature:</b>
      <a href="report-feature_2_1383655195.html">Product and Items - Departments</a>
    </div>


<div class="tags indention">
    <b>Tags:</b>
       <a href="report-tag_628519455.html">@Product/Items</a>
       <a href="report-tag_4010616576.html">@Departments</a>
       <a href="report-tag_2711777312.html">@Product/Items01</a>
</div>


  <span class="lead-duration duration">3:44.344</span>


  <span data-toggle="collapse" class=" collapsable-control" data-target="#element-79">

<div class="brief failed">
  <span class="keyword indention">Scenario</span>
  <span class="name">Verify whether Able to Inactivate the Department Clicking Delete/Yes button</span>


     <i class="chevron fa fa-fw"></i>
</div>

  </span>
  <div class="description indention"></div>

  <div id="element-79" class="collapse collapsable-details  in ">


  <div class="inner-level hooks-element-before">
    <div data-toggle="collapse" class=" collapsed  collapsable-control" data-target="#before-80">

<div class="brief passed">
  <span class="keyword indention">Hooks</span>
  <span class="name"></span>


     <i class="chevron fa fa-fw"></i>
</div>

    </div>

    <div id="before-80" class="inner-level collapse collapsable-details ">
        <div class="hook">
          <div class="brief passed">
            <span class="keyword indention">Before</span>
              <span class="location name">StepDefinition.Hooks.Start_Scenario(io.cucumber.java.Scenario)</span>

  <span class="lead-duration duration">20.484</span>

          </div>







        </div>
    </div>
  </div>



<div class="steps inner-level">
  <div data-toggle="collapse" class=" collapsable-control" data-target="#steps-81">

<div class="brief failed">
  <span class="keyword indention">Steps</span>
  <span class="name"></span>


     <i class="chevron fa fa-fw"></i>
</div>

  </div>

  <div id="steps-81" class="inner-level collapse collapsable-details  in ">
      <div class="step">


<div class="brief step-name-Given failed">
  <span class="keyword indention">Given</span>
  <span class="name">I Search the Department and Click the Delete button</span>

  <span class="lead-duration duration">3:44.344</span>

</div>






  <div class="inner-level">
    <div class="message indention">
      <div data-toggle="collapse" class=" collapsable-control" data-target="#msg-82">
          <a>org.openqa.selenium.NoSuchElementException:</a>
      </div>
      <div id="msg-82" class="collapse collapsable-details  in ">
        <pre>org.openqa.selenium.NoSuchElementException: no such element: Unable to locate element: {&quot;method&quot;:&quot;xpath&quot;,&quot;selector&quot;:&quot;//span[.='New_Dept_Name_076 ']/../../div//div[2]/button&quot;}
  (Session info: chrome=123.0.6312.123)
For documentation on this error, please visit: https://www.selenium.dev/documentation/webdriver/troubleshooting/errors#no-such-element-exception
Build info: version: '4.12.1', revision: '8e34639b11'
System info: os.name: 'Windows 10', os.arch: 'amd64', os.version: '10.0', java.version: '17.0.8'
Driver info: org.openqa.selenium.chrome.ChromeDriver
Command: [f2ab30331e5ed78c1ac1753fc0f58f19, findElement {using=xpath, value=//span[.='New_Dept_Name_076 ']/../../div//div[2]/button}]
Capabilities {acceptInsecureCerts: false, browserName: chrome, browserVersion: 123.0.6312.123, chrome: {chromedriverVersion: 123.0.6312.122 (31f8248cdd9..., userDataDir: C:\Users\raja.s\AppData\Loc...}, fedcm:accounts: true, goog:chromeOptions: {debuggerAddress: localhost:56806}, networkConnectionEnabled: false, pageLoadStrategy: normal, platformName: windows, proxy: Proxy(), se:cdp: ws://localhost:56806/devtoo..., se:cdpVersion: 123.0.6312.123, setWindowRect: true, strictFileInteractability: false, timeouts: {implicit: 0, pageLoad: 300000, script: 30000}, unhandledPromptBehavior: dismiss and notify, webauthn:extension:credBlob: true, webauthn:extension:largeBlob: true, webauthn:extension:minPinLength: true, webauthn:extension:prf: true, webauthn:virtualAuthenticators: true}
Session ID: f2ab30331e5ed78c1ac1753fc0f58f19
	at jdk.internal.reflect.GeneratedConstructorAccessor29.newInstance(Unknown Source)
	at java.base/jdk.internal.reflect.DelegatingConstructorAccessorImpl.newInstance(DelegatingConstructorAccessorImpl.java:45)
	at java.base/java.lang.reflect.Constructor.newInstanceWithCaller(Constructor.java:499)
	at java.base/java.lang.reflect.Constructor.newInstance(Constructor.java:480)
	at org.openqa.selenium.remote.codec.w3c.W3CHttpResponseCodec.createException(W3CHttpResponseCodec.java:200)
	at org.openqa.selenium.remote.codec.w3c.W3CHttpResponseCodec.decode(W3CHttpResponseCodec.java:133)
	at org.openqa.selenium.remote.codec.w3c.W3CHttpResponseCodec.decode(W3CHttpResponseCodec.java:52)
	at org.openqa.selenium.remote.HttpCommandExecutor.execute(HttpCommandExecutor.java:191)
	at org.openqa.selenium.remote.service.DriverCommandExecutor.invokeExecute(DriverCommandExecutor.java:196)
	at org.openqa.selenium.remote.service.DriverCommandExecutor.execute(DriverCommandExecutor.java:171)
	at org.openqa.selenium.remote.RemoteWebDriver.execute(RemoteWebDriver.java:602)
	at org.openqa.selenium.remote.ElementLocation$ElementFinder$2.findElement(ElementLocation.java:165)
	at org.openqa.selenium.remote.ElementLocation.findElement(ElementLocation.java:59)
	at org.openqa.selenium.remote.RemoteWebDriver.findElement(RemoteWebDriver.java:359)
	at org.openqa.selenium.remote.RemoteWebDriver.findElement(RemoteWebDriver.java:353)
	at com.epam.healenium.processor.FindElementProcessor.execute(FindElementProcessor.java:23)
	at com.epam.healenium.processor.BaseProcessor.process(BaseProcessor.java:42)
	at com.epam.healenium.handlers.proxy.BaseHandler.findElement(BaseHandler.java:63)
	at com.epam.healenium.handlers.proxy.SelfHealingProxyInvocationHandler.invoke(SelfHealingProxyInvocationHandler.java:39)
	at jdk.proxy2/jdk.proxy2.$Proxy29.findElement(Unknown Source)
	at com.Pages.Common_XPaths.SearchAndClickDelete(Common_XPaths.java:997)
	at StepDefinition.Product_and_Items_Departments.i_Search_the_Department_and_Click_the_Cancel_button(Product_and_Items_Departments.java:652)
	at &#10045;.I Search the Department and Click the Delete button(classpath:Product_and_Items_Features/Product_Items_Departments.feature:102)
</pre>
      </div>
    </div>
  </div>











      </div>
      <div class="step">


<div class="brief step-name-And skipped">
  <span class="keyword indention">And</span>
  <span class="name">I Click the Delete button</span>

  <span class="lead-duration duration">0.000</span>

</div>
















      </div>
      <div class="step">


<div class="brief step-name-Then skipped">
  <span class="keyword indention">Then</span>
  <span class="name">I Verifying the Department Deleted or not</span>

  <span class="lead-duration duration">0.000</span>

</div>
















      </div>
      <div class="step">


<div class="brief step-name-And skipped">
  <span class="keyword indention">And</span>
  <span class="name">I Click the Inactive button to navigate Inactivated screen to Verify Inactivated Department</span>

  <span class="lead-duration duration">0.000</span>

</div>
















      </div>
  </div>
</div>




  <div class="inner-level hooks-element-after">
    <div data-toggle="collapse" class=" collapsed  collapsable-control" data-target="#after-83">

<div class="brief passed">
  <span class="keyword indention">Hooks</span>
  <span class="name"></span>


     <i class="chevron fa fa-fw"></i>
</div>

    </div>

    <div id="after-83" class="inner-level collapse collapsable-details ">
        <div class="hook">
          <div class="brief passed">
            <span class="keyword indention">After</span>
              <span class="location name">StepDefinition.Hooks.TestFail(io.cucumber.java.Scenario)</span>

  <span class="lead-duration duration">2.835</span>

          </div>






  <div class="embeddings inner-level">
  <div class="embedding indention">
    <div data-toggle="collapse" data-target="#embedding-84" class="collapsable-control">
      <a>Verify whether Able to Inactivate the Department Clicking Delete/Yes button</a>
      <a href="embeddings/embedding_-1552034354.png" download target="_blank">
        <span class="download-button glyphicon glyphicon-download-alt"></span>
      </a>
    </div>
    <div id="embedding-84" class="collapse collapsable-details ">
      <div class="embedding-content">
        <img src="embeddings/embedding_-1552034354.png">
      </div>
    </div>
  </div>
  </div>

        </div>
    </div>
  </div>

  </div>
</div>


<div class="element">
    <div class="indention">
      <b>Feature:</b>
      <a href="report-feature_2_1383655195.html">Product and Items - Departments</a>
    </div>


<div class="tags indention">
    <b>Tags:</b>
       <a href="report-tag_628519455.html">@Product/Items</a>
       <a href="report-tag_4010616576.html">@Departments</a>
       <a href="report-tag_2711777312.html">@Product/Items01</a>
</div>


  <span class="lead-duration duration">3:5.910</span>


  <span data-toggle="collapse" class=" collapsable-control" data-target="#element-85">

<div class="brief failed">
  <span class="keyword indention">Scenario</span>
  <span class="name">Verify whether Unable to Activate the Department Clicking Cancel/No button</span>


     <i class="chevron fa fa-fw"></i>
</div>

  </span>
  <div class="description indention"></div>

  <div id="element-85" class="collapse collapsable-details  in ">


  <div class="inner-level hooks-element-before">
    <div data-toggle="collapse" class=" collapsed  collapsable-control" data-target="#before-86">

<div class="brief passed">
  <span class="keyword indention">Hooks</span>
  <span class="name"></span>


     <i class="chevron fa fa-fw"></i>
</div>

    </div>

    <div id="before-86" class="inner-level collapse collapsable-details ">
        <div class="hook">
          <div class="brief passed">
            <span class="keyword indention">Before</span>
              <span class="location name">StepDefinition.Hooks.Start_Scenario(io.cucumber.java.Scenario)</span>

  <span class="lead-duration duration">19.749</span>

          </div>







        </div>
    </div>
  </div>



<div class="steps inner-level">
  <div data-toggle="collapse" class=" collapsable-control" data-target="#steps-87">

<div class="brief failed">
  <span class="keyword indention">Steps</span>
  <span class="name"></span>


     <i class="chevron fa fa-fw"></i>
</div>

  </div>

  <div id="steps-87" class="inner-level collapse collapsable-details  in ">
      <div class="step">


<div class="brief step-name-Given failed">
  <span class="keyword indention">Given</span>
  <span class="name">I Search the Department and Click the Active button</span>

  <span class="lead-duration duration">3:5.910</span>

</div>






  <div class="inner-level">
    <div class="message indention">
      <div data-toggle="collapse" class=" collapsable-control" data-target="#msg-88">
          <a>org.openqa.selenium.NoSuchElementException:</a>
      </div>
      <div id="msg-88" class="collapse collapsable-details  in ">
        <pre>org.openqa.selenium.NoSuchElementException: no such element: Unable to locate element: {&quot;method&quot;:&quot;xpath&quot;,&quot;selector&quot;:&quot;//span[.='New_Dept_Name_076']/../..//button[@aria-label='Activate']&quot;}
  (Session info: chrome=123.0.6312.123)
For documentation on this error, please visit: https://www.selenium.dev/documentation/webdriver/troubleshooting/errors#no-such-element-exception
Build info: version: '4.12.1', revision: '8e34639b11'
System info: os.name: 'Windows 10', os.arch: 'amd64', os.version: '10.0', java.version: '17.0.8'
Driver info: org.openqa.selenium.chrome.ChromeDriver
Command: [f2ab30331e5ed78c1ac1753fc0f58f19, findElement {using=xpath, value=//span[.='New_Dept_Name_076']/../..//button[@aria-label='Activate']}]
Capabilities {acceptInsecureCerts: false, browserName: chrome, browserVersion: 123.0.6312.123, chrome: {chromedriverVersion: 123.0.6312.122 (31f8248cdd9..., userDataDir: C:\Users\raja.s\AppData\Loc...}, fedcm:accounts: true, goog:chromeOptions: {debuggerAddress: localhost:56806}, networkConnectionEnabled: false, pageLoadStrategy: normal, platformName: windows, proxy: Proxy(), se:cdp: ws://localhost:56806/devtoo..., se:cdpVersion: 123.0.6312.123, setWindowRect: true, strictFileInteractability: false, timeouts: {implicit: 0, pageLoad: 300000, script: 30000}, unhandledPromptBehavior: dismiss and notify, webauthn:extension:credBlob: true, webauthn:extension:largeBlob: true, webauthn:extension:minPinLength: true, webauthn:extension:prf: true, webauthn:virtualAuthenticators: true}
Session ID: f2ab30331e5ed78c1ac1753fc0f58f19
	at jdk.internal.reflect.GeneratedConstructorAccessor29.newInstance(Unknown Source)
	at java.base/jdk.internal.reflect.DelegatingConstructorAccessorImpl.newInstance(DelegatingConstructorAccessorImpl.java:45)
	at java.base/java.lang.reflect.Constructor.newInstanceWithCaller(Constructor.java:499)
	at java.base/java.lang.reflect.Constructor.newInstance(Constructor.java:480)
	at org.openqa.selenium.remote.codec.w3c.W3CHttpResponseCodec.createException(W3CHttpResponseCodec.java:200)
	at org.openqa.selenium.remote.codec.w3c.W3CHttpResponseCodec.decode(W3CHttpResponseCodec.java:133)
	at org.openqa.selenium.remote.codec.w3c.W3CHttpResponseCodec.decode(W3CHttpResponseCodec.java:52)
	at org.openqa.selenium.remote.HttpCommandExecutor.execute(HttpCommandExecutor.java:191)
	at org.openqa.selenium.remote.service.DriverCommandExecutor.invokeExecute(DriverCommandExecutor.java:196)
	at org.openqa.selenium.remote.service.DriverCommandExecutor.execute(DriverCommandExecutor.java:171)
	at org.openqa.selenium.remote.RemoteWebDriver.execute(RemoteWebDriver.java:602)
	at org.openqa.selenium.remote.ElementLocation$ElementFinder$2.findElement(ElementLocation.java:165)
	at org.openqa.selenium.remote.ElementLocation.findElement(ElementLocation.java:59)
	at org.openqa.selenium.remote.RemoteWebDriver.findElement(RemoteWebDriver.java:359)
	at org.openqa.selenium.remote.RemoteWebDriver.findElement(RemoteWebDriver.java:353)
	at com.epam.healenium.processor.FindElementProcessor.execute(FindElementProcessor.java:23)
	at com.epam.healenium.processor.BaseProcessor.process(BaseProcessor.java:42)
	at com.epam.healenium.handlers.proxy.BaseHandler.findElement(BaseHandler.java:63)
	at com.epam.healenium.handlers.proxy.SelfHealingProxyInvocationHandler.invoke(SelfHealingProxyInvocationHandler.java:39)
	at jdk.proxy2/jdk.proxy2.$Proxy29.findElement(Unknown Source)
	at com.Pages.Common_XPaths.SearchAndClickActivate(Common_XPaths.java:1042)
	at StepDefinition.Product_and_Items_Departments.i_Search_the_Department_and_Click_the_Active_button(Product_and_Items_Departments.java:749)
	at &#10045;.I Search the Department and Click the Active button(classpath:Product_and_Items_Features/Product_Items_Departments.feature:108)
</pre>
      </div>
    </div>
  </div>











      </div>
      <div class="step">


<div class="brief step-name-And skipped">
  <span class="keyword indention">And</span>
  <span class="name">I Click the Cancel button in Pop Up</span>

  <span class="lead-duration duration">0.000</span>

</div>
















      </div>
      <div class="step">


<div class="brief step-name-Then skipped">
  <span class="keyword indention">Then</span>
  <span class="name">Verify the Cancelled Department is Activated or not</span>

  <span class="lead-duration duration">0.000</span>

</div>
















      </div>
  </div>
</div>




  <div class="inner-level hooks-element-after">
    <div data-toggle="collapse" class=" collapsed  collapsable-control" data-target="#after-89">

<div class="brief passed">
  <span class="keyword indention">Hooks</span>
  <span class="name"></span>


     <i class="chevron fa fa-fw"></i>
</div>

    </div>

    <div id="after-89" class="inner-level collapse collapsable-details ">
        <div class="hook">
          <div class="brief passed">
            <span class="keyword indention">After</span>
              <span class="location name">StepDefinition.Hooks.TestFail(io.cucumber.java.Scenario)</span>

  <span class="lead-duration duration">2.807</span>

          </div>






  <div class="embeddings inner-level">
  <div class="embedding indention">
    <div data-toggle="collapse" data-target="#embedding-90" class="collapsable-control">
      <a>Verify whether Unable to Activate the Department Clicking Cancel/No button</a>
      <a href="embeddings/embedding_-211820638.png" download target="_blank">
        <span class="download-button glyphicon glyphicon-download-alt"></span>
      </a>
    </div>
    <div id="embedding-90" class="collapse collapsable-details ">
      <div class="embedding-content">
        <img src="embeddings/embedding_-211820638.png">
      </div>
    </div>
  </div>
  </div>

        </div>
    </div>
  </div>

  </div>
</div>


<div class="element">
    <div class="indention">
      <b>Feature:</b>
      <a href="report-feature_2_1383655195.html">Product and Items - Departments</a>
    </div>


<div class="tags indention">
    <b>Tags:</b>
       <a href="report-tag_628519455.html">@Product/Items</a>
       <a href="report-tag_4010616576.html">@Departments</a>
       <a href="report-tag_2711777312.html">@Product/Items01</a>
</div>


  <span class="lead-duration duration">3:6.142</span>


  <span data-toggle="collapse" class=" collapsable-control" data-target="#element-91">

<div class="brief failed">
  <span class="keyword indention">Scenario</span>
  <span class="name">Verify whether Able to Activate the Department Clicking Delete/Yes button</span>


     <i class="chevron fa fa-fw"></i>
</div>

  </span>
  <div class="description indention"></div>

  <div id="element-91" class="collapse collapsable-details  in ">


  <div class="inner-level hooks-element-before">
    <div data-toggle="collapse" class=" collapsed  collapsable-control" data-target="#before-92">

<div class="brief passed">
  <span class="keyword indention">Hooks</span>
  <span class="name"></span>


     <i class="chevron fa fa-fw"></i>
</div>

    </div>

    <div id="before-92" class="inner-level collapse collapsable-details ">
        <div class="hook">
          <div class="brief passed">
            <span class="keyword indention">Before</span>
              <span class="location name">StepDefinition.Hooks.Start_Scenario(io.cucumber.java.Scenario)</span>

  <span class="lead-duration duration">19.833</span>

          </div>







        </div>
    </div>
  </div>



<div class="steps inner-level">
  <div data-toggle="collapse" class=" collapsable-control" data-target="#steps-93">

<div class="brief failed">
  <span class="keyword indention">Steps</span>
  <span class="name"></span>


     <i class="chevron fa fa-fw"></i>
</div>

  </div>

  <div id="steps-93" class="inner-level collapse collapsable-details  in ">
      <div class="step">


<div class="brief step-name-Given failed">
  <span class="keyword indention">Given</span>
  <span class="name">I Search the Department and Click the Active button</span>

  <span class="lead-duration duration">3:6.142</span>

</div>






  <div class="inner-level">
    <div class="message indention">
      <div data-toggle="collapse" class=" collapsable-control" data-target="#msg-94">
          <a>org.openqa.selenium.NoSuchElementException:</a>
      </div>
      <div id="msg-94" class="collapse collapsable-details  in ">
        <pre>org.openqa.selenium.NoSuchElementException: no such element: Unable to locate element: {&quot;method&quot;:&quot;xpath&quot;,&quot;selector&quot;:&quot;//span[.='New_Dept_Name_076']/../..//button[@aria-label='Activate']&quot;}
  (Session info: chrome=123.0.6312.123)
For documentation on this error, please visit: https://www.selenium.dev/documentation/webdriver/troubleshooting/errors#no-such-element-exception
Build info: version: '4.12.1', revision: '8e34639b11'
System info: os.name: 'Windows 10', os.arch: 'amd64', os.version: '10.0', java.version: '17.0.8'
Driver info: org.openqa.selenium.chrome.ChromeDriver
Command: [f2ab30331e5ed78c1ac1753fc0f58f19, findElement {using=xpath, value=//span[.='New_Dept_Name_076']/../..//button[@aria-label='Activate']}]
Capabilities {acceptInsecureCerts: false, browserName: chrome, browserVersion: 123.0.6312.123, chrome: {chromedriverVersion: 123.0.6312.122 (31f8248cdd9..., userDataDir: C:\Users\raja.s\AppData\Loc...}, fedcm:accounts: true, goog:chromeOptions: {debuggerAddress: localhost:56806}, networkConnectionEnabled: false, pageLoadStrategy: normal, platformName: windows, proxy: Proxy(), se:cdp: ws://localhost:56806/devtoo..., se:cdpVersion: 123.0.6312.123, setWindowRect: true, strictFileInteractability: false, timeouts: {implicit: 0, pageLoad: 300000, script: 30000}, unhandledPromptBehavior: dismiss and notify, webauthn:extension:credBlob: true, webauthn:extension:largeBlob: true, webauthn:extension:minPinLength: true, webauthn:extension:prf: true, webauthn:virtualAuthenticators: true}
Session ID: f2ab30331e5ed78c1ac1753fc0f58f19
	at jdk.internal.reflect.GeneratedConstructorAccessor29.newInstance(Unknown Source)
	at java.base/jdk.internal.reflect.DelegatingConstructorAccessorImpl.newInstance(DelegatingConstructorAccessorImpl.java:45)
	at java.base/java.lang.reflect.Constructor.newInstanceWithCaller(Constructor.java:499)
	at java.base/java.lang.reflect.Constructor.newInstance(Constructor.java:480)
	at org.openqa.selenium.remote.codec.w3c.W3CHttpResponseCodec.createException(W3CHttpResponseCodec.java:200)
	at org.openqa.selenium.remote.codec.w3c.W3CHttpResponseCodec.decode(W3CHttpResponseCodec.java:133)
	at org.openqa.selenium.remote.codec.w3c.W3CHttpResponseCodec.decode(W3CHttpResponseCodec.java:52)
	at org.openqa.selenium.remote.HttpCommandExecutor.execute(HttpCommandExecutor.java:191)
	at org.openqa.selenium.remote.service.DriverCommandExecutor.invokeExecute(DriverCommandExecutor.java:196)
	at org.openqa.selenium.remote.service.DriverCommandExecutor.execute(DriverCommandExecutor.java:171)
	at org.openqa.selenium.remote.RemoteWebDriver.execute(RemoteWebDriver.java:602)
	at org.openqa.selenium.remote.ElementLocation$ElementFinder$2.findElement(ElementLocation.java:165)
	at org.openqa.selenium.remote.ElementLocation.findElement(ElementLocation.java:59)
	at org.openqa.selenium.remote.RemoteWebDriver.findElement(RemoteWebDriver.java:359)
	at org.openqa.selenium.remote.RemoteWebDriver.findElement(RemoteWebDriver.java:353)
	at com.epam.healenium.processor.FindElementProcessor.execute(FindElementProcessor.java:23)
	at com.epam.healenium.processor.BaseProcessor.process(BaseProcessor.java:42)
	at com.epam.healenium.handlers.proxy.BaseHandler.findElement(BaseHandler.java:63)
	at com.epam.healenium.handlers.proxy.SelfHealingProxyInvocationHandler.invoke(SelfHealingProxyInvocationHandler.java:39)
	at jdk.proxy2/jdk.proxy2.$Proxy29.findElement(Unknown Source)
	at com.Pages.Common_XPaths.SearchAndClickActivate(Common_XPaths.java:1042)
	at StepDefinition.Product_and_Items_Departments.i_Search_the_Department_and_Click_the_Active_button(Product_and_Items_Departments.java:749)
	at &#10045;.I Search the Department and Click the Active button(classpath:Product_and_Items_Features/Product_Items_Departments.feature:113)
</pre>
      </div>
    </div>
  </div>











      </div>
      <div class="step">


<div class="brief step-name-And skipped">
  <span class="keyword indention">And</span>
  <span class="name">I Click the Activate button</span>

  <span class="lead-duration duration">0.000</span>

</div>
















      </div>
      <div class="step">


<div class="brief step-name-Then skipped">
  <span class="keyword indention">Then</span>
  <span class="name">I Verifying the Department Activated or not</span>

  <span class="lead-duration duration">0.000</span>

</div>
















      </div>
      <div class="step">


<div class="brief step-name-And skipped">
  <span class="keyword indention">And</span>
  <span class="name">I Click the Active button to navigate Activated screen to Verify Activated Department</span>

  <span class="lead-duration duration">0.000</span>

</div>
















      </div>
  </div>
</div>




  <div class="inner-level hooks-element-after">
    <div data-toggle="collapse" class=" collapsed  collapsable-control" data-target="#after-95">

<div class="brief passed">
  <span class="keyword indention">Hooks</span>
  <span class="name"></span>


     <i class="chevron fa fa-fw"></i>
</div>

    </div>

    <div id="after-95" class="inner-level collapse collapsable-details ">
        <div class="hook">
          <div class="brief passed">
            <span class="keyword indention">After</span>
              <span class="location name">StepDefinition.Hooks.TestFail(io.cucumber.java.Scenario)</span>

  <span class="lead-duration duration">2.880</span>

          </div>






  <div class="embeddings inner-level">
  <div class="embedding indention">
    <div data-toggle="collapse" data-target="#embedding-96" class="collapsable-control">
      <a>Verify whether Able to Activate the Department Clicking Delete/Yes button</a>
      <a href="embeddings/embedding_-211820638.png" download target="_blank">
        <span class="download-button glyphicon glyphicon-download-alt"></span>
      </a>
    </div>
    <div id="embedding-96" class="collapse collapsable-details ">
      <div class="embedding-content">
        <img src="embeddings/embedding_-211820638.png">
      </div>
    </div>
  </div>
  </div>

        </div>
    </div>
  </div>

  </div>
</div>


<div class="element">
    <div class="indention">
      <b>Feature:</b>
      <a href="report-feature_2_1383655195.html">Product and Items - Departments</a>
    </div>


<div class="tags indention">
    <b>Tags:</b>
       <a href="report-tag_628519455.html">@Product/Items</a>
       <a href="report-tag_4010616576.html">@Departments</a>
       <a href="report-tag_2711777312.html">@Product/Items01</a>
</div>


  <span class="lead-duration duration">1:35.977</span>


  <span data-toggle="collapse" class=" collapsable-control" data-target="#element-97">

<div class="brief failed">
  <span class="keyword indention">Scenario</span>
  <span class="name">Verify whether able to Delete the Department which is mapped with Category</span>


     <i class="chevron fa fa-fw"></i>
</div>

  </span>
  <div class="description indention"></div>

  <div id="element-97" class="collapse collapsable-details  in ">


  <div class="inner-level hooks-element-before">
    <div data-toggle="collapse" class=" collapsed  collapsable-control" data-target="#before-98">

<div class="brief passed">
  <span class="keyword indention">Hooks</span>
  <span class="name"></span>


     <i class="chevron fa fa-fw"></i>
</div>

    </div>

    <div id="before-98" class="inner-level collapse collapsable-details ">
        <div class="hook">
          <div class="brief passed">
            <span class="keyword indention">Before</span>
              <span class="location name">StepDefinition.Hooks.Start_Scenario(io.cucumber.java.Scenario)</span>

  <span class="lead-duration duration">20.579</span>

          </div>







        </div>
    </div>
  </div>



<div class="steps inner-level">
  <div data-toggle="collapse" class=" collapsable-control" data-target="#steps-99">

<div class="brief failed">
  <span class="keyword indention">Steps</span>
  <span class="name"></span>


     <i class="chevron fa fa-fw"></i>
</div>

  </div>

  <div id="steps-99" class="inner-level collapse collapsable-details  in ">
      <div class="step">


<div class="brief step-name-Given failed">
  <span class="keyword indention">Given</span>
  <span class="name">Navigate to Catgeory page and Get the value and navigate to the Department page</span>

  <span class="lead-duration duration">1:35.977</span>

</div>






  <div class="inner-level">
    <div class="message indention">
      <div data-toggle="collapse" class=" collapsable-control" data-target="#msg-100">
          <a>org.openqa.selenium.NoSuchElementException:</a>
      </div>
      <div id="msg-100" class="collapse collapsable-details  in ">
        <pre>org.openqa.selenium.NoSuchElementException: Timed out after 5 seconds. Unable to locate the element
	at org.openqa.selenium.support.pagefactory.AjaxElementLocator.findElement(AjaxElementLocator.java:90)
	at org.openqa.selenium.support.pagefactory.internal.LocatingElementHandler.invoke(LocatingElementHandler.java:38)
	at jdk.proxy2/jdk.proxy2.$Proxy25.getText(Unknown Source)
	at com.Pages.Common_XPaths.VerifyMainScreenPageHeader(Common_XPaths.java:654)
	at StepDefinition.Product_and_Items_Departments.navigateToCatgeoryPageAndGetTheValueAndNavigateToTheDepartmentPage(Product_and_Items_Departments.java:861)
	at &#10045;.Navigate to Catgeory page and Get the value and navigate to the Department page(classpath:Product_and_Items_Features/Product_Items_Departments.feature:119)
Caused by: org.openqa.selenium.NoSuchElementException: no such element: Unable to locate element: {&quot;method&quot;:&quot;xpath&quot;,&quot;selector&quot;:&quot;//h3[@class='title']&quot;}
  (Session info: chrome=123.0.6312.123)
For documentation on this error, please visit: https://www.selenium.dev/documentation/webdriver/troubleshooting/errors#no-such-element-exception
Build info: version: '4.12.1', revision: '8e34639b11'
System info: os.name: 'Windows 10', os.arch: 'amd64', os.version: '10.0', java.version: '17.0.8'
Driver info: org.openqa.selenium.chrome.ChromeDriver
Command: [f2ab30331e5ed78c1ac1753fc0f58f19, findElement {using=xpath, value=//h3[@class='title']}]
Capabilities {acceptInsecureCerts: false, browserName: chrome, browserVersion: 123.0.6312.123, chrome: {chromedriverVersion: 123.0.6312.122 (31f8248cdd9..., userDataDir: C:\Users\raja.s\AppData\Loc...}, fedcm:accounts: true, goog:chromeOptions: {debuggerAddress: localhost:56806}, networkConnectionEnabled: false, pageLoadStrategy: normal, platformName: windows, proxy: Proxy(), se:cdp: ws://localhost:56806/devtoo..., se:cdpVersion: 123.0.6312.123, setWindowRect: true, strictFileInteractability: false, timeouts: {implicit: 0, pageLoad: 300000, script: 30000}, unhandledPromptBehavior: dismiss and notify, webauthn:extension:credBlob: true, webauthn:extension:largeBlob: true, webauthn:extension:minPinLength: true, webauthn:extension:prf: true, webauthn:virtualAuthenticators: true}
Session ID: f2ab30331e5ed78c1ac1753fc0f58f19
	at jdk.internal.reflect.GeneratedConstructorAccessor29.newInstance(Unknown Source)
	at java.base/jdk.internal.reflect.DelegatingConstructorAccessorImpl.newInstance(DelegatingConstructorAccessorImpl.java:45)
	at java.base/java.lang.reflect.Constructor.newInstanceWithCaller(Constructor.java:499)
	at java.base/java.lang.reflect.Constructor.newInstance(Constructor.java:480)
	at org.openqa.selenium.remote.codec.w3c.W3CHttpResponseCodec.createException(W3CHttpResponseCodec.java:200)
	at org.openqa.selenium.remote.codec.w3c.W3CHttpResponseCodec.decode(W3CHttpResponseCodec.java:133)
	at org.openqa.selenium.remote.codec.w3c.W3CHttpResponseCodec.decode(W3CHttpResponseCodec.java:52)
	at org.openqa.selenium.remote.HttpCommandExecutor.execute(HttpCommandExecutor.java:191)
	at org.openqa.selenium.remote.service.DriverCommandExecutor.invokeExecute(DriverCommandExecutor.java:196)
	at org.openqa.selenium.remote.service.DriverCommandExecutor.execute(DriverCommandExecutor.java:171)
	at org.openqa.selenium.remote.RemoteWebDriver.execute(RemoteWebDriver.java:602)
	at org.openqa.selenium.remote.ElementLocation$ElementFinder$2.findElement(ElementLocation.java:165)
	at org.openqa.selenium.remote.ElementLocation.findElement(ElementLocation.java:59)
	at org.openqa.selenium.remote.RemoteWebDriver.findElement(RemoteWebDriver.java:359)
	at org.openqa.selenium.remote.RemoteWebDriver.findElement(RemoteWebDriver.java:353)
	at com.epam.healenium.processor.FindElementProcessor.execute(FindElementProcessor.java:23)
	at com.epam.healenium.processor.BaseProcessor.process(BaseProcessor.java:42)
	at com.epam.healenium.handlers.proxy.BaseHandler.findElement(BaseHandler.java:63)
	at com.epam.healenium.handlers.proxy.SelfHealingProxyInvocationHandler.invoke(SelfHealingProxyInvocationHandler.java:39)
	at jdk.proxy2/jdk.proxy2.$Proxy29.findElement(Unknown Source)
	at org.openqa.selenium.support.pagefactory.DefaultElementLocator.findElement(DefaultElementLocator.java:68)
	at org.openqa.selenium.support.pagefactory.AjaxElementLocator.access$001(AjaxElementLocator.java:38)
	at org.openqa.selenium.support.pagefactory.AjaxElementLocator$SlowLoadingElement.isLoaded(AjaxElementLocator.java:156)
	at org.openqa.selenium.support.ui.SlowLoadableComponent.get(SlowLoadableComponent.java:71)
	at org.openqa.selenium.support.pagefactory.AjaxElementLocator.findElement(AjaxElementLocator.java:86)
	at org.openqa.selenium.support.pagefactory.internal.LocatingElementHandler.invoke(LocatingElementHandler.java:38)
	at jdk.proxy2/jdk.proxy2.$Proxy25.getText(Unknown Source)
	at com.Pages.Common_XPaths.VerifyMainScreenPageHeader(Common_XPaths.java:654)
	at StepDefinition.Product_and_Items_Departments.navigateToCatgeoryPageAndGetTheValueAndNavigateToTheDepartmentPage(Product_and_Items_Departments.java:861)
	at java.base/jdk.internal.reflect.NativeMethodAccessorImpl.invoke0(Native Method)
	at java.base/jdk.internal.reflect.NativeMethodAccessorImpl.invoke(NativeMethodAccessorImpl.java:77)
	at java.base/jdk.internal.reflect.DelegatingMethodAccessorImpl.invoke(DelegatingMethodAccessorImpl.java:43)
	at java.base/java.lang.reflect.Method.invoke(Method.java:568)
	at io.cucumber.java.Invoker.doInvoke(Invoker.java:66)
	at io.cucumber.java.Invoker.invoke(Invoker.java:24)
	at io.cucumber.java.AbstractGlueDefinition.invokeMethod(AbstractGlueDefinition.java:47)
	at io.cucumber.java.JavaStepDefinition.execute(JavaStepDefinition.java:29)
	at io.cucumber.core.runner.CoreStepDefinition.execute(CoreStepDefinition.java:66)
	at io.cucumber.core.runner.PickleStepDefinitionMatch.runStep(PickleStepDefinitionMatch.java:63)
	at io.cucumber.core.runner.ExecutionMode$1.execute(ExecutionMode.java:10)
	at io.cucumber.core.runner.TestStep.executeStep(TestStep.java:85)
	at io.cucumber.core.runner.TestStep.run(TestStep.java:57)
	at io.cucumber.core.runner.PickleStepTestStep.run(PickleStepTestStep.java:51)
	at io.cucumber.core.runner.TestCase.run(TestCase.java:84)
	at io.cucumber.core.runner.Runner.runPickle(Runner.java:75)
	at io.cucumber.junit.PickleRunners$NoStepDescriptions.lambda$run$0(PickleRunners.java:151)
	at io.cucumber.core.runtime.CucumberExecutionContext.lambda$runTestCase$5(CucumberExecutionContext.java:129)
	at io.cucumber.core.runtime.RethrowingThrowableCollector.executeAndThrow(RethrowingThrowableCollector.java:23)
	at io.cucumber.core.runtime.CucumberExecutionContext.runTestCase(CucumberExecutionContext.java:129)
	at io.cucumber.junit.PickleRunners$NoStepDescriptions.run(PickleRunners.java:148)
	at io.cucumber.junit.FeatureRunner.runChild(FeatureRunner.java:144)
	at io.cucumber.junit.FeatureRunner.runChild(FeatureRunner.java:28)
	at org.junit.runners.ParentRunner$4.run(ParentRunner.java:331)
	at org.junit.runners.ParentRunner$1.schedule(ParentRunner.java:79)
	at org.junit.runners.ParentRunner.runChildren(ParentRunner.java:329)
	at org.junit.runners.ParentRunner.access$100(ParentRunner.java:66)
	at org.junit.runners.ParentRunner$2.evaluate(ParentRunner.java:293)
	at org.junit.runners.ParentRunner$3.evaluate(ParentRunner.java:306)
	at org.junit.runners.ParentRunner.run(ParentRunner.java:413)
	at io.cucumber.junit.FeatureRunner.run(FeatureRunner.java:137)
	at io.cucumber.junit.Cucumber.runChild(Cucumber.java:196)
	at io.cucumber.junit.Cucumber.runChild(Cucumber.java:89)
	at org.junit.runners.ParentRunner$4.run(ParentRunner.java:331)
	at org.junit.runners.ParentRunner$1.schedule(ParentRunner.java:79)
	at org.junit.runners.ParentRunner.runChildren(ParentRunner.java:329)
	at org.junit.runners.ParentRunner.access$100(ParentRunner.java:66)
	at org.junit.runners.ParentRunner$2.evaluate(ParentRunner.java:293)
	at io.cucumber.junit.Cucumber$RunBeforeAllHooks.evaluate(Cucumber.java:266)
	at io.cucumber.junit.Cucumber$RunAfterAllHooks.evaluate(Cucumber.java:281)
	at io.cucumber.junit.Cucumber$StartTestRun.evaluate(Cucumber.java:233)
	at io.cucumber.junit.Cucumber$FinishTestRun.evaluate(Cucumber.java:248)
	at org.junit.runners.ParentRunner$3.evaluate(ParentRunner.java:306)
	at org.junit.runners.ParentRunner.run(ParentRunner.java:413)
	at org.junit.runner.JUnitCore.run(JUnitCore.java:137)
	at org.junit.runner.JUnitCore.run(JUnitCore.java:115)
	at org.junit.vintage.engine.execution.RunnerExecutor.execute(RunnerExecutor.java:42)
	at org.junit.vintage.engine.VintageTestEngine.executeAllChildren(VintageTestEngine.java:80)
	at org.junit.vintage.engine.VintageTestEngine.execute(VintageTestEngine.java:72)
	at org.junit.platform.launcher.core.EngineExecutionOrchestrator.execute(EngineExecutionOrchestrator.java:198)
	at org.junit.platform.launcher.core.EngineExecutionOrchestrator.execute(EngineExecutionOrchestrator.java:169)
	at org.junit.platform.launcher.core.EngineExecutionOrchestrator.execute(EngineExecutionOrchestrator.java:93)
	at org.junit.platform.launcher.core.EngineExecutionOrchestrator.lambda$execute$0(EngineExecutionOrchestrator.java:58)
	at org.junit.platform.launcher.core.EngineExecutionOrchestrator.withInterceptedStreams(EngineExecutionOrchestrator.java:141)
	at org.junit.platform.launcher.core.EngineExecutionOrchestrator.execute(EngineExecutionOrchestrator.java:57)
	at org.junit.platform.launcher.core.DefaultLauncher.execute(DefaultLauncher.java:103)
	at org.junit.platform.launcher.core.DefaultLauncher.execute(DefaultLauncher.java:94)
	at org.junit.platform.launcher.core.DelegatingLauncher.execute(DelegatingLauncher.java:52)
	at org.junit.platform.launcher.core.SessionPerRequestLauncher.execute(SessionPerRequestLauncher.java:70)
	at org.eclipse.jdt.internal.junit5.runner.JUnit5TestReference.run(JUnit5TestReference.java:98)
	at org.eclipse.jdt.internal.junit.runner.TestExecution.run(TestExecution.java:40)
	at org.eclipse.jdt.internal.junit.runner.RemoteTestRunner.runTests(RemoteTestRunner.java:529)
	at org.eclipse.jdt.internal.junit.runner.RemoteTestRunner.runTests(RemoteTestRunner.java:756)
	at org.eclipse.jdt.internal.junit.runner.RemoteTestRunner.run(RemoteTestRunner.java:452)
	at org.eclipse.jdt.internal.junit.runner.RemoteTestRunner.main(RemoteTestRunner.java:210)
</pre>
      </div>
    </div>
  </div>











      </div>
      <div class="step">


<div class="brief step-name-Then skipped">
  <span class="keyword indention">Then</span>
  <span class="name">I Search the Department mapped with Category and Click the Delete button</span>

  <span class="lead-duration duration">0.000</span>

</div>
















      </div>
      <div class="step">


<div class="brief step-name-And skipped">
  <span class="keyword indention">And</span>
  <span class="name">I Click the Delete button</span>

  <span class="lead-duration duration">0.000</span>

</div>
















      </div>
      <div class="step">


<div class="brief step-name-Then skipped">
  <span class="keyword indention">Then</span>
  <span class="name">I Verifying the Category Mapped Department is Deleted or not</span>

  <span class="lead-duration duration">0.000</span>

</div>
















      </div>
  </div>
</div>




  <div class="inner-level hooks-element-after">
    <div data-toggle="collapse" class=" collapsed  collapsable-control" data-target="#after-101">

<div class="brief passed">
  <span class="keyword indention">Hooks</span>
  <span class="name"></span>


     <i class="chevron fa fa-fw"></i>
</div>

    </div>

    <div id="after-101" class="inner-level collapse collapsable-details ">
        <div class="hook">
          <div class="brief passed">
            <span class="keyword indention">After</span>
              <span class="location name">StepDefinition.Hooks.TestFail(io.cucumber.java.Scenario)</span>

  <span class="lead-duration duration">2.857</span>

          </div>






  <div class="embeddings inner-level">
  <div class="embedding indention">
    <div data-toggle="collapse" data-target="#embedding-102" class="collapsable-control">
      <a>Verify whether able to Delete the Department which is mapped with Category</a>
      <a href="embeddings/embedding_-916969046.png" download target="_blank">
        <span class="download-button glyphicon glyphicon-download-alt"></span>
      </a>
    </div>
    <div id="embedding-102" class="collapse collapsable-details ">
      <div class="embedding-content">
        <img src="embeddings/embedding_-916969046.png">
      </div>
    </div>
  </div>
  </div>

        </div>
    </div>
  </div>

  </div>
</div>


<div class="element">
    <div class="indention">
      <b>Feature:</b>
      <a href="report-feature_2_1383655195.html">Product and Items - Departments</a>
    </div>


<div class="tags indention">
    <b>Tags:</b>
       <a href="report-tag_628519455.html">@Product/Items</a>
       <a href="report-tag_4010616576.html">@Departments</a>
       <a href="report-tag_2711777312.html">@Product/Items01</a>
</div>


  <span class="lead-duration duration">1:35.947</span>


  <span data-toggle="collapse" class=" collapsable-control" data-target="#element-103">

<div class="brief failed">
  <span class="keyword indention">Scenario</span>
  <span class="name">Verify whether able to Delete the Department which is mapped with SubCategory</span>


     <i class="chevron fa fa-fw"></i>
</div>

  </span>
  <div class="description indention"></div>

  <div id="element-103" class="collapse collapsable-details  in ">


  <div class="inner-level hooks-element-before">
    <div data-toggle="collapse" class=" collapsed  collapsable-control" data-target="#before-104">

<div class="brief passed">
  <span class="keyword indention">Hooks</span>
  <span class="name"></span>


     <i class="chevron fa fa-fw"></i>
</div>

    </div>

    <div id="before-104" class="inner-level collapse collapsable-details ">
        <div class="hook">
          <div class="brief passed">
            <span class="keyword indention">Before</span>
              <span class="location name">StepDefinition.Hooks.Start_Scenario(io.cucumber.java.Scenario)</span>

  <span class="lead-duration duration">19.470</span>

          </div>







        </div>
    </div>
  </div>



<div class="steps inner-level">
  <div data-toggle="collapse" class=" collapsable-control" data-target="#steps-105">

<div class="brief failed">
  <span class="keyword indention">Steps</span>
  <span class="name"></span>


     <i class="chevron fa fa-fw"></i>
</div>

  </div>

  <div id="steps-105" class="inner-level collapse collapsable-details  in ">
      <div class="step">


<div class="brief step-name-Given failed">
  <span class="keyword indention">Given</span>
  <span class="name">Navigate to SubCatgeory page and Get the value and navigate to the Department page</span>

  <span class="lead-duration duration">1:35.947</span>

</div>






  <div class="inner-level">
    <div class="message indention">
      <div data-toggle="collapse" class=" collapsable-control" data-target="#msg-106">
          <a>org.openqa.selenium.NoSuchElementException:</a>
      </div>
      <div id="msg-106" class="collapse collapsable-details  in ">
        <pre>org.openqa.selenium.NoSuchElementException: Timed out after 5 seconds. Unable to locate the element
	at org.openqa.selenium.support.pagefactory.AjaxElementLocator.findElement(AjaxElementLocator.java:90)
	at org.openqa.selenium.support.pagefactory.internal.LocatingElementHandler.invoke(LocatingElementHandler.java:38)
	at jdk.proxy2/jdk.proxy2.$Proxy25.getText(Unknown Source)
	at com.Pages.Common_XPaths.VerifyMainScreenPageHeader(Common_XPaths.java:654)
	at StepDefinition.Product_and_Items_Departments.navigateToSubCatgeoryPageAndGetTheValueAndNavigateToTheDepartmentPage(Product_and_Items_Departments.java:924)
	at &#10045;.Navigate to SubCatgeory page and Get the value and navigate to the Department page(classpath:Product_and_Items_Features/Product_Items_Departments.feature:125)
Caused by: org.openqa.selenium.NoSuchElementException: no such element: Unable to locate element: {&quot;method&quot;:&quot;xpath&quot;,&quot;selector&quot;:&quot;//h3[@class='title']&quot;}
  (Session info: chrome=123.0.6312.123)
For documentation on this error, please visit: https://www.selenium.dev/documentation/webdriver/troubleshooting/errors#no-such-element-exception
Build info: version: '4.12.1', revision: '8e34639b11'
System info: os.name: 'Windows 10', os.arch: 'amd64', os.version: '10.0', java.version: '17.0.8'
Driver info: org.openqa.selenium.chrome.ChromeDriver
Command: [f2ab30331e5ed78c1ac1753fc0f58f19, findElement {using=xpath, value=//h3[@class='title']}]
Capabilities {acceptInsecureCerts: false, browserName: chrome, browserVersion: 123.0.6312.123, chrome: {chromedriverVersion: 123.0.6312.122 (31f8248cdd9..., userDataDir: C:\Users\raja.s\AppData\Loc...}, fedcm:accounts: true, goog:chromeOptions: {debuggerAddress: localhost:56806}, networkConnectionEnabled: false, pageLoadStrategy: normal, platformName: windows, proxy: Proxy(), se:cdp: ws://localhost:56806/devtoo..., se:cdpVersion: 123.0.6312.123, setWindowRect: true, strictFileInteractability: false, timeouts: {implicit: 0, pageLoad: 300000, script: 30000}, unhandledPromptBehavior: dismiss and notify, webauthn:extension:credBlob: true, webauthn:extension:largeBlob: true, webauthn:extension:minPinLength: true, webauthn:extension:prf: true, webauthn:virtualAuthenticators: true}
Session ID: f2ab30331e5ed78c1ac1753fc0f58f19
	at jdk.internal.reflect.GeneratedConstructorAccessor29.newInstance(Unknown Source)
	at java.base/jdk.internal.reflect.DelegatingConstructorAccessorImpl.newInstance(DelegatingConstructorAccessorImpl.java:45)
	at java.base/java.lang.reflect.Constructor.newInstanceWithCaller(Constructor.java:499)
	at java.base/java.lang.reflect.Constructor.newInstance(Constructor.java:480)
	at org.openqa.selenium.remote.codec.w3c.W3CHttpResponseCodec.createException(W3CHttpResponseCodec.java:200)
	at org.openqa.selenium.remote.codec.w3c.W3CHttpResponseCodec.decode(W3CHttpResponseCodec.java:133)
	at org.openqa.selenium.remote.codec.w3c.W3CHttpResponseCodec.decode(W3CHttpResponseCodec.java:52)
	at org.openqa.selenium.remote.HttpCommandExecutor.execute(HttpCommandExecutor.java:191)
	at org.openqa.selenium.remote.service.DriverCommandExecutor.invokeExecute(DriverCommandExecutor.java:196)
	at org.openqa.selenium.remote.service.DriverCommandExecutor.execute(DriverCommandExecutor.java:171)
	at org.openqa.selenium.remote.RemoteWebDriver.execute(RemoteWebDriver.java:602)
	at org.openqa.selenium.remote.ElementLocation$ElementFinder$2.findElement(ElementLocation.java:165)
	at org.openqa.selenium.remote.ElementLocation.findElement(ElementLocation.java:59)
	at org.openqa.selenium.remote.RemoteWebDriver.findElement(RemoteWebDriver.java:359)
	at org.openqa.selenium.remote.RemoteWebDriver.findElement(RemoteWebDriver.java:353)
	at com.epam.healenium.processor.FindElementProcessor.execute(FindElementProcessor.java:23)
	at com.epam.healenium.processor.BaseProcessor.process(BaseProcessor.java:42)
	at com.epam.healenium.handlers.proxy.BaseHandler.findElement(BaseHandler.java:63)
	at com.epam.healenium.handlers.proxy.SelfHealingProxyInvocationHandler.invoke(SelfHealingProxyInvocationHandler.java:39)
	at jdk.proxy2/jdk.proxy2.$Proxy29.findElement(Unknown Source)
	at org.openqa.selenium.support.pagefactory.DefaultElementLocator.findElement(DefaultElementLocator.java:68)
	at org.openqa.selenium.support.pagefactory.AjaxElementLocator.access$001(AjaxElementLocator.java:38)
	at org.openqa.selenium.support.pagefactory.AjaxElementLocator$SlowLoadingElement.isLoaded(AjaxElementLocator.java:156)
	at org.openqa.selenium.support.ui.SlowLoadableComponent.get(SlowLoadableComponent.java:71)
	at org.openqa.selenium.support.pagefactory.AjaxElementLocator.findElement(AjaxElementLocator.java:86)
	at org.openqa.selenium.support.pagefactory.internal.LocatingElementHandler.invoke(LocatingElementHandler.java:38)
	at jdk.proxy2/jdk.proxy2.$Proxy25.getText(Unknown Source)
	at com.Pages.Common_XPaths.VerifyMainScreenPageHeader(Common_XPaths.java:654)
	at StepDefinition.Product_and_Items_Departments.navigateToSubCatgeoryPageAndGetTheValueAndNavigateToTheDepartmentPage(Product_and_Items_Departments.java:924)
	at java.base/jdk.internal.reflect.NativeMethodAccessorImpl.invoke0(Native Method)
	at java.base/jdk.internal.reflect.NativeMethodAccessorImpl.invoke(NativeMethodAccessorImpl.java:77)
	at java.base/jdk.internal.reflect.DelegatingMethodAccessorImpl.invoke(DelegatingMethodAccessorImpl.java:43)
	at java.base/java.lang.reflect.Method.invoke(Method.java:568)
	at io.cucumber.java.Invoker.doInvoke(Invoker.java:66)
	at io.cucumber.java.Invoker.invoke(Invoker.java:24)
	at io.cucumber.java.AbstractGlueDefinition.invokeMethod(AbstractGlueDefinition.java:47)
	at io.cucumber.java.JavaStepDefinition.execute(JavaStepDefinition.java:29)
	at io.cucumber.core.runner.CoreStepDefinition.execute(CoreStepDefinition.java:66)
	at io.cucumber.core.runner.PickleStepDefinitionMatch.runStep(PickleStepDefinitionMatch.java:63)
	at io.cucumber.core.runner.ExecutionMode$1.execute(ExecutionMode.java:10)
	at io.cucumber.core.runner.TestStep.executeStep(TestStep.java:85)
	at io.cucumber.core.runner.TestStep.run(TestStep.java:57)
	at io.cucumber.core.runner.PickleStepTestStep.run(PickleStepTestStep.java:51)
	at io.cucumber.core.runner.TestCase.run(TestCase.java:84)
	at io.cucumber.core.runner.Runner.runPickle(Runner.java:75)
	at io.cucumber.junit.PickleRunners$NoStepDescriptions.lambda$run$0(PickleRunners.java:151)
	at io.cucumber.core.runtime.CucumberExecutionContext.lambda$runTestCase$5(CucumberExecutionContext.java:129)
	at io.cucumber.core.runtime.RethrowingThrowableCollector.executeAndThrow(RethrowingThrowableCollector.java:23)
	at io.cucumber.core.runtime.CucumberExecutionContext.runTestCase(CucumberExecutionContext.java:129)
	at io.cucumber.junit.PickleRunners$NoStepDescriptions.run(PickleRunners.java:148)
	at io.cucumber.junit.FeatureRunner.runChild(FeatureRunner.java:144)
	at io.cucumber.junit.FeatureRunner.runChild(FeatureRunner.java:28)
	at org.junit.runners.ParentRunner$4.run(ParentRunner.java:331)
	at org.junit.runners.ParentRunner$1.schedule(ParentRunner.java:79)
	at org.junit.runners.ParentRunner.runChildren(ParentRunner.java:329)
	at org.junit.runners.ParentRunner.access$100(ParentRunner.java:66)
	at org.junit.runners.ParentRunner$2.evaluate(ParentRunner.java:293)
	at org.junit.runners.ParentRunner$3.evaluate(ParentRunner.java:306)
	at org.junit.runners.ParentRunner.run(ParentRunner.java:413)
	at io.cucumber.junit.FeatureRunner.run(FeatureRunner.java:137)
	at io.cucumber.junit.Cucumber.runChild(Cucumber.java:196)
	at io.cucumber.junit.Cucumber.runChild(Cucumber.java:89)
	at org.junit.runners.ParentRunner$4.run(ParentRunner.java:331)
	at org.junit.runners.ParentRunner$1.schedule(ParentRunner.java:79)
	at org.junit.runners.ParentRunner.runChildren(ParentRunner.java:329)
	at org.junit.runners.ParentRunner.access$100(ParentRunner.java:66)
	at org.junit.runners.ParentRunner$2.evaluate(ParentRunner.java:293)
	at io.cucumber.junit.Cucumber$RunBeforeAllHooks.evaluate(Cucumber.java:266)
	at io.cucumber.junit.Cucumber$RunAfterAllHooks.evaluate(Cucumber.java:281)
	at io.cucumber.junit.Cucumber$StartTestRun.evaluate(Cucumber.java:233)
	at io.cucumber.junit.Cucumber$FinishTestRun.evaluate(Cucumber.java:248)
	at org.junit.runners.ParentRunner$3.evaluate(ParentRunner.java:306)
	at org.junit.runners.ParentRunner.run(ParentRunner.java:413)
	at org.junit.runner.JUnitCore.run(JUnitCore.java:137)
	at org.junit.runner.JUnitCore.run(JUnitCore.java:115)
	at org.junit.vintage.engine.execution.RunnerExecutor.execute(RunnerExecutor.java:42)
	at org.junit.vintage.engine.VintageTestEngine.executeAllChildren(VintageTestEngine.java:80)
	at org.junit.vintage.engine.VintageTestEngine.execute(VintageTestEngine.java:72)
	at org.junit.platform.launcher.core.EngineExecutionOrchestrator.execute(EngineExecutionOrchestrator.java:198)
	at org.junit.platform.launcher.core.EngineExecutionOrchestrator.execute(EngineExecutionOrchestrator.java:169)
	at org.junit.platform.launcher.core.EngineExecutionOrchestrator.execute(EngineExecutionOrchestrator.java:93)
	at org.junit.platform.launcher.core.EngineExecutionOrchestrator.lambda$execute$0(EngineExecutionOrchestrator.java:58)
	at org.junit.platform.launcher.core.EngineExecutionOrchestrator.withInterceptedStreams(EngineExecutionOrchestrator.java:141)
	at org.junit.platform.launcher.core.EngineExecutionOrchestrator.execute(EngineExecutionOrchestrator.java:57)
	at org.junit.platform.launcher.core.DefaultLauncher.execute(DefaultLauncher.java:103)
	at org.junit.platform.launcher.core.DefaultLauncher.execute(DefaultLauncher.java:94)
	at org.junit.platform.launcher.core.DelegatingLauncher.execute(DelegatingLauncher.java:52)
	at org.junit.platform.launcher.core.SessionPerRequestLauncher.execute(SessionPerRequestLauncher.java:70)
	at org.eclipse.jdt.internal.junit5.runner.JUnit5TestReference.run(JUnit5TestReference.java:98)
	at org.eclipse.jdt.internal.junit.runner.TestExecution.run(TestExecution.java:40)
	at org.eclipse.jdt.internal.junit.runner.RemoteTestRunner.runTests(RemoteTestRunner.java:529)
	at org.eclipse.jdt.internal.junit.runner.RemoteTestRunner.runTests(RemoteTestRunner.java:756)
	at org.eclipse.jdt.internal.junit.runner.RemoteTestRunner.run(RemoteTestRunner.java:452)
	at org.eclipse.jdt.internal.junit.runner.RemoteTestRunner.main(RemoteTestRunner.java:210)
</pre>
      </div>
    </div>
  </div>











      </div>
      <div class="step">


<div class="brief step-name-Then skipped">
  <span class="keyword indention">Then</span>
  <span class="name">I Search the Department mapped with SubCategory and Click the Delete button</span>

  <span class="lead-duration duration">0.000</span>

</div>
















      </div>
      <div class="step">


<div class="brief step-name-And skipped">
  <span class="keyword indention">And</span>
  <span class="name">I Click the Delete button</span>

  <span class="lead-duration duration">0.000</span>

</div>
















      </div>
      <div class="step">


<div class="brief step-name-Then skipped">
  <span class="keyword indention">Then</span>
  <span class="name">I Verifying the SubCategory Mapped Department is Deleted or not</span>

  <span class="lead-duration duration">0.000</span>

</div>
















      </div>
  </div>
</div>




  <div class="inner-level hooks-element-after">
    <div data-toggle="collapse" class=" collapsed  collapsable-control" data-target="#after-107">

<div class="brief passed">
  <span class="keyword indention">Hooks</span>
  <span class="name"></span>


     <i class="chevron fa fa-fw"></i>
</div>

    </div>

    <div id="after-107" class="inner-level collapse collapsable-details ">
        <div class="hook">
          <div class="brief passed">
            <span class="keyword indention">After</span>
              <span class="location name">StepDefinition.Hooks.TestFail(io.cucumber.java.Scenario)</span>

  <span class="lead-duration duration">2.712</span>

          </div>






  <div class="embeddings inner-level">
  <div class="embedding indention">
    <div data-toggle="collapse" data-target="#embedding-108" class="collapsable-control">
      <a>Verify whether able to Delete the Department which is mapped with SubCategory</a>
      <a href="embeddings/embedding_-916969046.png" download target="_blank">
        <span class="download-button glyphicon glyphicon-download-alt"></span>
      </a>
    </div>
    <div id="embedding-108" class="collapse collapsable-details ">
      <div class="embedding-content">
        <img src="embeddings/embedding_-916969046.png">
      </div>
    </div>
  </div>
  </div>

        </div>
    </div>
  </div>

  </div>
</div>


<div class="element">
    <div class="indention">
      <b>Feature:</b>
      <a href="report-feature_2_1383655195.html">Product and Items - Departments</a>
    </div>


<div class="tags indention">
    <b>Tags:</b>
       <a href="report-tag_628519455.html">@Product/Items</a>
       <a href="report-tag_4010616576.html">@Departments</a>
       <a href="report-tag_2711777312.html">@Product/Items01</a>
</div>


  <span class="lead-duration duration">5:49.092</span>


  <span data-toggle="collapse" class=" collapsed  collapsable-control" data-target="#element-109">

<div class="brief passed">
  <span class="keyword indention">Scenario</span>
  <span class="name">Verify whether able to Creating Duplicate Department</span>


     <i class="chevron fa fa-fw"></i>
</div>

  </span>
  <div class="description indention"></div>

  <div id="element-109" class="collapse collapsable-details ">


  <div class="inner-level hooks-element-before">
    <div data-toggle="collapse" class=" collapsed  collapsable-control" data-target="#before-110">

<div class="brief passed">
  <span class="keyword indention">Hooks</span>
  <span class="name"></span>


     <i class="chevron fa fa-fw"></i>
</div>

    </div>

    <div id="before-110" class="inner-level collapse collapsable-details ">
        <div class="hook">
          <div class="brief passed">
            <span class="keyword indention">Before</span>
              <span class="location name">StepDefinition.Hooks.Start_Scenario(io.cucumber.java.Scenario)</span>

  <span class="lead-duration duration">19.528</span>

          </div>







        </div>
    </div>
  </div>



<div class="steps inner-level">
  <div data-toggle="collapse" class=" collapsed  collapsable-control" data-target="#steps-111">

<div class="brief passed">
  <span class="keyword indention">Steps</span>
  <span class="name"></span>


     <i class="chevron fa fa-fw"></i>
</div>

  </div>

  <div id="steps-111" class="inner-level collapse collapsable-details ">
      <div class="step">


<div class="brief step-name-Given passed">
  <span class="keyword indention">Given</span>
  <span class="name">Click the New Department button</span>

  <span class="lead-duration duration">32.665</span>

</div>
















      </div>
      <div class="step">


<div class="brief step-name-When passed">
  <span class="keyword indention">When</span>
  <span class="name">I Enter the New Department Name</span>

  <span class="lead-duration duration">1:3.831</span>

</div>
















      </div>
      <div class="step">


<div class="brief step-name-And passed">
  <span class="keyword indention">And</span>
  <span class="name">I Enter the Department Code</span>

  <span class="lead-duration duration">1:2.740</span>

</div>
















      </div>
      <div class="step">


<div class="brief step-name-And passed">
  <span class="keyword indention">And</span>
  <span class="name">I Enter the Department Description</span>

  <span class="lead-duration duration">1:2.161</span>

</div>
















      </div>
      <div class="step">


<div class="brief step-name-And passed">
  <span class="keyword indention">And</span>
  <span class="name">I Click the Save button</span>

  <span class="lead-duration duration">32.580</span>

</div>
















      </div>
      <div class="step">


<div class="brief step-name-Then passed">
  <span class="keyword indention">Then</span>
  <span class="name">Verify whether the Duplicate Department is Saved or not</span>

  <span class="lead-duration duration">1:35.111</span>

</div>
















      </div>
  </div>
</div>




  <div class="inner-level hooks-element-after">
    <div data-toggle="collapse" class=" collapsed  collapsable-control" data-target="#after-112">

<div class="brief passed">
  <span class="keyword indention">Hooks</span>
  <span class="name"></span>


     <i class="chevron fa fa-fw"></i>
</div>

    </div>

    <div id="after-112" class="inner-level collapse collapsable-details ">
        <div class="hook">
          <div class="brief passed">
            <span class="keyword indention">After</span>
              <span class="location name">StepDefinition.Hooks.TestFail(io.cucumber.java.Scenario)</span>

  <span class="lead-duration duration">0.000</span>

          </div>







        </div>
    </div>
  </div>

  </div>
</div>


<div class="element">
    <div class="indention">
      <b>Feature:</b>
      <a href="report-feature_2_1383655195.html">Product and Items - Departments</a>
    </div>


<div class="tags indention">
    <b>Tags:</b>
       <a href="report-tag_628519455.html">@Product/Items</a>
       <a href="report-tag_4010616576.html">@Departments</a>
       <a href="report-tag_2711777312.html">@Product/Items01</a>
</div>


  <span class="lead-duration duration">1:42.723</span>


  <span data-toggle="collapse" class=" collapsed  collapsable-control" data-target="#element-113">

<div class="brief passed">
  <span class="keyword indention">Scenario</span>
  <span class="name">Verify whether the available Department is Displayed or not</span>


     <i class="chevron fa fa-fw"></i>
</div>

  </span>
  <div class="description indention"></div>

  <div id="element-113" class="collapse collapsable-details ">


  <div class="inner-level hooks-element-before">
    <div data-toggle="collapse" class=" collapsed  collapsable-control" data-target="#before-114">

<div class="brief passed">
  <span class="keyword indention">Hooks</span>
  <span class="name"></span>


     <i class="chevron fa fa-fw"></i>
</div>

    </div>

    <div id="before-114" class="inner-level collapse collapsable-details ">
        <div class="hook">
          <div class="brief passed">
            <span class="keyword indention">Before</span>
              <span class="location name">StepDefinition.Hooks.Start_Scenario(io.cucumber.java.Scenario)</span>

  <span class="lead-duration duration">19.736</span>

          </div>







        </div>
    </div>
  </div>



<div class="steps inner-level">
  <div data-toggle="collapse" class=" collapsed  collapsable-control" data-target="#steps-115">

<div class="brief passed">
  <span class="keyword indention">Steps</span>
  <span class="name"></span>


     <i class="chevron fa fa-fw"></i>
</div>

  </div>

  <div id="steps-115" class="inner-level collapse collapsable-details ">
      <div class="step">


<div class="brief step-name-Then passed">
  <span class="keyword indention">Then</span>
  <span class="name">Verify the Available Department is Displayed ot not</span>

  <span class="lead-duration duration">1:42.723</span>

</div>
















      </div>
  </div>
</div>




  <div class="inner-level hooks-element-after">
    <div data-toggle="collapse" class=" collapsed  collapsable-control" data-target="#after-116">

<div class="brief passed">
  <span class="keyword indention">Hooks</span>
  <span class="name"></span>


     <i class="chevron fa fa-fw"></i>
</div>

    </div>

    <div id="after-116" class="inner-level collapse collapsable-details ">
        <div class="hook">
          <div class="brief passed">
            <span class="keyword indention">After</span>
              <span class="location name">StepDefinition.Hooks.TestFail(io.cucumber.java.Scenario)</span>

  <span class="lead-duration duration">0.000</span>

          </div>







        </div>
    </div>
  </div>

  </div>
</div>


<div class="element">
    <div class="indention">
      <b>Feature:</b>
      <a href="report-feature_2_1383655195.html">Product and Items - Departments</a>
    </div>


<div class="tags indention">
    <b>Tags:</b>
       <a href="report-tag_628519455.html">@Product/Items</a>
       <a href="report-tag_4010616576.html">@Departments</a>
       <a href="report-tag_2711777312.html">@Product/Items01</a>
</div>


  <span class="lead-duration duration">3:43.742</span>


  <span data-toggle="collapse" class=" collapsed  collapsable-control" data-target="#element-117">

<div class="brief passed">
  <span class="keyword indention">Scenario</span>
  <span class="name">Verify whether the Department Saved by Entering Special Characters</span>


     <i class="chevron fa fa-fw"></i>
</div>

  </span>
  <div class="description indention"></div>

  <div id="element-117" class="collapse collapsable-details ">


  <div class="inner-level hooks-element-before">
    <div data-toggle="collapse" class=" collapsed  collapsable-control" data-target="#before-118">

<div class="brief passed">
  <span class="keyword indention">Hooks</span>
  <span class="name"></span>


     <i class="chevron fa fa-fw"></i>
</div>

    </div>

    <div id="before-118" class="inner-level collapse collapsable-details ">
        <div class="hook">
          <div class="brief passed">
            <span class="keyword indention">Before</span>
              <span class="location name">StepDefinition.Hooks.Start_Scenario(io.cucumber.java.Scenario)</span>

  <span class="lead-duration duration">19.453</span>

          </div>







        </div>
    </div>
  </div>



<div class="steps inner-level">
  <div data-toggle="collapse" class=" collapsed  collapsable-control" data-target="#steps-119">

<div class="brief passed">
  <span class="keyword indention">Steps</span>
  <span class="name"></span>


     <i class="chevron fa fa-fw"></i>
</div>

  </div>

  <div id="steps-119" class="inner-level collapse collapsable-details ">
      <div class="step">


<div class="brief step-name-Given passed">
  <span class="keyword indention">Given</span>
  <span class="name">Click the New Department button</span>

  <span class="lead-duration duration">32.624</span>

</div>
















      </div>
      <div class="step">


<div class="brief step-name-When passed">
  <span class="keyword indention">When</span>
  <span class="name">I Enter the New Department Name with Special Characters</span>

  <span class="lead-duration duration">1:3.333</span>

</div>
















      </div>
      <div class="step">


<div class="brief step-name-And passed">
  <span class="keyword indention">And</span>
  <span class="name">I Click the Save button</span>

  <span class="lead-duration duration">32.666</span>

</div>
















      </div>
      <div class="step">


<div class="brief step-name-Then passed">
  <span class="keyword indention">Then</span>
  <span class="name">Verify whether the Department with Special Characters is Saved or not</span>

  <span class="lead-duration duration">1:35.118</span>

</div>
















      </div>
  </div>
</div>




  <div class="inner-level hooks-element-after">
    <div data-toggle="collapse" class=" collapsed  collapsable-control" data-target="#after-120">

<div class="brief passed">
  <span class="keyword indention">Hooks</span>
  <span class="name"></span>


     <i class="chevron fa fa-fw"></i>
</div>

    </div>

    <div id="after-120" class="inner-level collapse collapsable-details ">
        <div class="hook">
          <div class="brief passed">
            <span class="keyword indention">After</span>
              <span class="location name">StepDefinition.Hooks.TestFail(io.cucumber.java.Scenario)</span>

  <span class="lead-duration duration">0.000</span>

          </div>







        </div>
    </div>
  </div>

  </div>
</div>


<div class="element">
    <div class="indention">
      <b>Feature:</b>
      <a href="report-feature_2_1383655195.html">Product and Items - Departments</a>
    </div>


<div class="tags indention">
    <b>Tags:</b>
       <a href="report-tag_628519455.html">@Product/Items</a>
       <a href="report-tag_4010616576.html">@Departments</a>
       <a href="report-tag_2711777312.html">@Product/Items01</a>
</div>


  <span class="lead-duration duration">2:7.461</span>


  <span data-toggle="collapse" class=" collapsable-control" data-target="#element-121">

<div class="brief failed">
  <span class="keyword indention">Scenario</span>
  <span class="name">Verify whether the Department Updating with Space in the end of Department name</span>


     <i class="chevron fa fa-fw"></i>
</div>

  </span>
  <div class="description indention"></div>

  <div id="element-121" class="collapse collapsable-details  in ">


  <div class="inner-level hooks-element-before">
    <div data-toggle="collapse" class=" collapsed  collapsable-control" data-target="#before-122">

<div class="brief passed">
  <span class="keyword indention">Hooks</span>
  <span class="name"></span>


     <i class="chevron fa fa-fw"></i>
</div>

    </div>

    <div id="before-122" class="inner-level collapse collapsable-details ">
        <div class="hook">
          <div class="brief passed">
            <span class="keyword indention">Before</span>
              <span class="location name">StepDefinition.Hooks.Start_Scenario(io.cucumber.java.Scenario)</span>

  <span class="lead-duration duration">20.202</span>

          </div>







        </div>
    </div>
  </div>



<div class="steps inner-level">
  <div data-toggle="collapse" class=" collapsable-control" data-target="#steps-123">

<div class="brief failed">
  <span class="keyword indention">Steps</span>
  <span class="name"></span>


     <i class="chevron fa fa-fw"></i>
</div>

  </div>

  <div id="steps-123" class="inner-level collapse collapsable-details  in ">
      <div class="step">


<div class="brief step-name-Given failed">
  <span class="keyword indention">Given</span>
  <span class="name">I Search and Edit the Department</span>

  <span class="lead-duration duration">2:7.461</span>

</div>






  <div class="inner-level">
    <div class="message indention">
      <div data-toggle="collapse" class=" collapsable-control" data-target="#msg-124">
          <a>org.openqa.selenium.NoSuchElementException:</a>
      </div>
      <div id="msg-124" class="collapse collapsable-details  in ">
        <pre>org.openqa.selenium.NoSuchElementException: Failed to find element using By.xpath: //span[.='New_Dept_Name_076')]/../../div//div[1]/button
	at com.epam.healenium.handlers.proxy.BaseHandler.findElement(BaseHandler.java:75)
	at com.epam.healenium.handlers.proxy.SelfHealingProxyInvocationHandler.invoke(SelfHealingProxyInvocationHandler.java:39)
	at jdk.proxy2/jdk.proxy2.$Proxy29.findElement(Unknown Source)
	at com.Pages.Common_XPaths.SearchAndClickEdit(Common_XPaths.java:966)
	at StepDefinition.Product_and_Items_Departments.search_and_Edit_the_Department(Product_and_Items_Departments.java:464)
	at &#10045;.I Search and Edit the Department(classpath:Product_and_Items_Features/Product_Items_Departments.feature:148)
Caused by: org.openqa.selenium.JavascriptException: javascript error: {&quot;status&quot;:32,&quot;value&quot;:&quot;Unable to locate an element with the xpath expression //span[.='New_Dept_Name_076')]/../../div//div[1]/button because of the following error:\nSyntaxError: Failed to execute 'evaluate' on 'Document': The string '//span[.='New_Dept_Name_076')]/../../div//div[1]/button' is not a valid XPath expression.&quot;}
  (Session info: chrome=123.0.6312.123)
Build info: version: '4.12.1', revision: '8e34639b11'
System info: os.name: 'Windows 10', os.arch: 'amd64', os.version: '10.0', java.version: '17.0.8'
Driver info: org.openqa.selenium.chrome.ChromeDriver
Command: [f2ab30331e5ed78c1ac1753fc0f58f19, findElement {using=xpath, value=//span[.='New_Dept_Name_076')]/../../div//div[1]/button}]
Capabilities {acceptInsecureCerts: false, browserName: chrome, browserVersion: 123.0.6312.123, chrome: {chromedriverVersion: 123.0.6312.122 (31f8248cdd9..., userDataDir: C:\Users\raja.s\AppData\Loc...}, fedcm:accounts: true, goog:chromeOptions: {debuggerAddress: localhost:56806}, networkConnectionEnabled: false, pageLoadStrategy: normal, platformName: windows, proxy: Proxy(), se:cdp: ws://localhost:56806/devtoo..., se:cdpVersion: 123.0.6312.123, setWindowRect: true, strictFileInteractability: false, timeouts: {implicit: 0, pageLoad: 300000, script: 30000}, unhandledPromptBehavior: dismiss and notify, webauthn:extension:credBlob: true, webauthn:extension:largeBlob: true, webauthn:extension:minPinLength: true, webauthn:extension:prf: true, webauthn:virtualAuthenticators: true}
Session ID: f2ab30331e5ed78c1ac1753fc0f58f19
	at jdk.internal.reflect.GeneratedConstructorAccessor37.newInstance(Unknown Source)
	at java.base/jdk.internal.reflect.DelegatingConstructorAccessorImpl.newInstance(DelegatingConstructorAccessorImpl.java:45)
	at java.base/java.lang.reflect.Constructor.newInstanceWithCaller(Constructor.java:499)
	at java.base/java.lang.reflect.Constructor.newInstance(Constructor.java:480)
	at org.openqa.selenium.remote.codec.w3c.W3CHttpResponseCodec.createException(W3CHttpResponseCodec.java:200)
	at org.openqa.selenium.remote.codec.w3c.W3CHttpResponseCodec.decode(W3CHttpResponseCodec.java:133)
	at org.openqa.selenium.remote.codec.w3c.W3CHttpResponseCodec.decode(W3CHttpResponseCodec.java:52)
	at org.openqa.selenium.remote.HttpCommandExecutor.execute(HttpCommandExecutor.java:191)
	at org.openqa.selenium.remote.service.DriverCommandExecutor.invokeExecute(DriverCommandExecutor.java:196)
	at org.openqa.selenium.remote.service.DriverCommandExecutor.execute(DriverCommandExecutor.java:171)
	at org.openqa.selenium.remote.RemoteWebDriver.execute(RemoteWebDriver.java:602)
	at org.openqa.selenium.remote.ElementLocation$ElementFinder$2.findElement(ElementLocation.java:165)
	at org.openqa.selenium.remote.ElementLocation.findElement(ElementLocation.java:59)
	at org.openqa.selenium.remote.RemoteWebDriver.findElement(RemoteWebDriver.java:359)
	at org.openqa.selenium.remote.RemoteWebDriver.findElement(RemoteWebDriver.java:353)
	at com.epam.healenium.processor.FindElementProcessor.execute(FindElementProcessor.java:23)
	at com.epam.healenium.processor.BaseProcessor.process(BaseProcessor.java:42)
	at com.epam.healenium.handlers.proxy.BaseHandler.findElement(BaseHandler.java:63)
	at com.epam.healenium.handlers.proxy.SelfHealingProxyInvocationHandler.invoke(SelfHealingProxyInvocationHandler.java:39)
	at jdk.proxy2/jdk.proxy2.$Proxy29.findElement(Unknown Source)
	at com.Pages.Common_XPaths.SearchAndClickEdit(Common_XPaths.java:966)
	at StepDefinition.Product_and_Items_Departments.search_and_Edit_the_Department(Product_and_Items_Departments.java:464)
	at java.base/jdk.internal.reflect.NativeMethodAccessorImpl.invoke0(Native Method)
	at java.base/jdk.internal.reflect.NativeMethodAccessorImpl.invoke(NativeMethodAccessorImpl.java:77)
	at java.base/jdk.internal.reflect.DelegatingMethodAccessorImpl.invoke(DelegatingMethodAccessorImpl.java:43)
	at java.base/java.lang.reflect.Method.invoke(Method.java:568)
	at io.cucumber.java.Invoker.doInvoke(Invoker.java:66)
	at io.cucumber.java.Invoker.invoke(Invoker.java:24)
	at io.cucumber.java.AbstractGlueDefinition.invokeMethod(AbstractGlueDefinition.java:47)
	at io.cucumber.java.JavaStepDefinition.execute(JavaStepDefinition.java:29)
	at io.cucumber.core.runner.CoreStepDefinition.execute(CoreStepDefinition.java:66)
	at io.cucumber.core.runner.PickleStepDefinitionMatch.runStep(PickleStepDefinitionMatch.java:63)
	at io.cucumber.core.runner.ExecutionMode$1.execute(ExecutionMode.java:10)
	at io.cucumber.core.runner.TestStep.executeStep(TestStep.java:85)
	at io.cucumber.core.runner.TestStep.run(TestStep.java:57)
	at io.cucumber.core.runner.PickleStepTestStep.run(PickleStepTestStep.java:51)
	at io.cucumber.core.runner.TestCase.run(TestCase.java:84)
	at io.cucumber.core.runner.Runner.runPickle(Runner.java:75)
	at io.cucumber.junit.PickleRunners$NoStepDescriptions.lambda$run$0(PickleRunners.java:151)
	at io.cucumber.core.runtime.CucumberExecutionContext.lambda$runTestCase$5(CucumberExecutionContext.java:129)
	at io.cucumber.core.runtime.RethrowingThrowableCollector.executeAndThrow(RethrowingThrowableCollector.java:23)
	at io.cucumber.core.runtime.CucumberExecutionContext.runTestCase(CucumberExecutionContext.java:129)
	at io.cucumber.junit.PickleRunners$NoStepDescriptions.run(PickleRunners.java:148)
	at io.cucumber.junit.FeatureRunner.runChild(FeatureRunner.java:144)
	at io.cucumber.junit.FeatureRunner.runChild(FeatureRunner.java:28)
	at org.junit.runners.ParentRunner$4.run(ParentRunner.java:331)
	at org.junit.runners.ParentRunner$1.schedule(ParentRunner.java:79)
	at org.junit.runners.ParentRunner.runChildren(ParentRunner.java:329)
	at org.junit.runners.ParentRunner.access$100(ParentRunner.java:66)
	at org.junit.runners.ParentRunner$2.evaluate(ParentRunner.java:293)
	at org.junit.runners.ParentRunner$3.evaluate(ParentRunner.java:306)
	at org.junit.runners.ParentRunner.run(ParentRunner.java:413)
	at io.cucumber.junit.FeatureRunner.run(FeatureRunner.java:137)
	at io.cucumber.junit.Cucumber.runChild(Cucumber.java:196)
	at io.cucumber.junit.Cucumber.runChild(Cucumber.java:89)
	at org.junit.runners.ParentRunner$4.run(ParentRunner.java:331)
	at org.junit.runners.ParentRunner$1.schedule(ParentRunner.java:79)
	at org.junit.runners.ParentRunner.runChildren(ParentRunner.java:329)
	at org.junit.runners.ParentRunner.access$100(ParentRunner.java:66)
	at org.junit.runners.ParentRunner$2.evaluate(ParentRunner.java:293)
	at io.cucumber.junit.Cucumber$RunBeforeAllHooks.evaluate(Cucumber.java:266)
	at io.cucumber.junit.Cucumber$RunAfterAllHooks.evaluate(Cucumber.java:281)
	at io.cucumber.junit.Cucumber$StartTestRun.evaluate(Cucumber.java:233)
	at io.cucumber.junit.Cucumber$FinishTestRun.evaluate(Cucumber.java:248)
	at org.junit.runners.ParentRunner$3.evaluate(ParentRunner.java:306)
	at org.junit.runners.ParentRunner.run(ParentRunner.java:413)
	at org.junit.runner.JUnitCore.run(JUnitCore.java:137)
	at org.junit.runner.JUnitCore.run(JUnitCore.java:115)
	at org.junit.vintage.engine.execution.RunnerExecutor.execute(RunnerExecutor.java:42)
	at org.junit.vintage.engine.VintageTestEngine.executeAllChildren(VintageTestEngine.java:80)
	at org.junit.vintage.engine.VintageTestEngine.execute(VintageTestEngine.java:72)
	at org.junit.platform.launcher.core.EngineExecutionOrchestrator.execute(EngineExecutionOrchestrator.java:198)
	at org.junit.platform.launcher.core.EngineExecutionOrchestrator.execute(EngineExecutionOrchestrator.java:169)
	at org.junit.platform.launcher.core.EngineExecutionOrchestrator.execute(EngineExecutionOrchestrator.java:93)
	at org.junit.platform.launcher.core.EngineExecutionOrchestrator.lambda$execute$0(EngineExecutionOrchestrator.java:58)
	at org.junit.platform.launcher.core.EngineExecutionOrchestrator.withInterceptedStreams(EngineExecutionOrchestrator.java:141)
	at org.junit.platform.launcher.core.EngineExecutionOrchestrator.execute(EngineExecutionOrchestrator.java:57)
	at org.junit.platform.launcher.core.DefaultLauncher.execute(DefaultLauncher.java:103)
	at org.junit.platform.launcher.core.DefaultLauncher.execute(DefaultLauncher.java:94)
	at org.junit.platform.launcher.core.DelegatingLauncher.execute(DelegatingLauncher.java:52)
	at org.junit.platform.launcher.core.SessionPerRequestLauncher.execute(SessionPerRequestLauncher.java:70)
	at org.eclipse.jdt.internal.junit5.runner.JUnit5TestReference.run(JUnit5TestReference.java:98)
	at org.eclipse.jdt.internal.junit.runner.TestExecution.run(TestExecution.java:40)
	at org.eclipse.jdt.internal.junit.runner.RemoteTestRunner.runTests(RemoteTestRunner.java:529)
	at org.eclipse.jdt.internal.junit.runner.RemoteTestRunner.runTests(RemoteTestRunner.java:756)
	at org.eclipse.jdt.internal.junit.runner.RemoteTestRunner.run(RemoteTestRunner.java:452)
	at org.eclipse.jdt.internal.junit.runner.RemoteTestRunner.main(RemoteTestRunner.java:210)
</pre>
      </div>
    </div>
  </div>











      </div>
      <div class="step">


<div class="brief step-name-When skipped">
  <span class="keyword indention">When</span>
  <span class="name">I Enter the New Department Name with Space</span>

  <span class="lead-duration duration">0.000</span>

</div>
















      </div>
      <div class="step">


<div class="brief step-name-And skipped">
  <span class="keyword indention">And</span>
  <span class="name">I Click the Update button</span>

  <span class="lead-duration duration">0.000</span>

</div>
















      </div>
      <div class="step">


<div class="brief step-name-Then skipped">
  <span class="keyword indention">Then</span>
  <span class="name">Verify whether the Department Name with Space in end is Updated or not</span>

  <span class="lead-duration duration">0.000</span>

</div>
















      </div>
  </div>
</div>




  <div class="inner-level hooks-element-after">
    <div data-toggle="collapse" class=" collapsed  collapsable-control" data-target="#after-125">

<div class="brief passed">
  <span class="keyword indention">Hooks</span>
  <span class="name"></span>


     <i class="chevron fa fa-fw"></i>
</div>

    </div>

    <div id="after-125" class="inner-level collapse collapsable-details ">
        <div class="hook">
          <div class="brief passed">
            <span class="keyword indention">After</span>
              <span class="location name">StepDefinition.Hooks.TestFail(io.cucumber.java.Scenario)</span>

  <span class="lead-duration duration">2.839</span>

          </div>






  <div class="embeddings inner-level">
  <div class="embedding indention">
    <div data-toggle="collapse" data-target="#embedding-126" class="collapsable-control">
      <a>Verify whether the Department Updating with Space in the end of Department name</a>
      <a href="embeddings/embedding_-686273813.png" download target="_blank">
        <span class="download-button glyphicon glyphicon-download-alt"></span>
      </a>
    </div>
    <div id="embedding-126" class="collapse collapsable-details ">
      <div class="embedding-content">
        <img src="embeddings/embedding_-686273813.png">
      </div>
    </div>
  </div>
  </div>

        </div>
    </div>
  </div>

  </div>
</div>


      </div>
    </div>
  </div>
</div>


<div class="container-fluid">
  <div class="row">
    <div class="col-md-1 col-md-offset-10">
      <i class="fa fa-chevron-circle-down fa-2x collapsable-control"
        onClick="javascript:$('#report .collapsable-details').collapse('show')"></i>
      <i class="fa fa-chevron-circle-up fa-2x collapsable-control"
        onClick="javascript:$('#report .collapsable-details').collapse('hide')"></i>
    </div>
  </div>
</div>

<br/>

<nav class="navbar navbar-default" id="footer">
  <div class="container-fluid">
    <p class="navbar-text navbar-right">
        <small>generate Cucumber HTML reports via:&nbsp;</small>
        <a class="navbar-link" href="https://github.com/jenkinsci/cucumber-reports-plugin">Jenkins Plugin</a> |
        <a class="navbar-link" href="https://github.com/damianszczepanik/cucumber-reporting">Standalone</a> |
        <a class="navbar-link" href="https://github.com/damianszczepanik/cucumber-sandwich">Sandwich</a> |
        <a class="navbar-link" href="https://github.com/damianszczepanik/maven-cucumber-reporting">Maven</a>
        &nbsp;&nbsp;
    </p>
  </div>
</nav>

</body>
</html>
