<!DOCTYPE html>
<html>
<head>

<meta http-equiv="Content-Type" content="text/html; charset=UTF-8" />

<script src="js/jquery.min.js"></script>
<script src="js/jquery.tablesorter.min.js"></script>
<script src="js/Chart.min.js"></script>
<script src="js/moment.min.js"></script>
<script src="js/bootstrap.min.js"></script>

<link rel="stylesheet" href="css/bootstrap.min.css" type="text/css"/>
<link rel="stylesheet" href="css/cucumber.css" type="text/css"/>
<link rel="stylesheet" href="css/font-awesome.min.css"/>
<link rel="shortcut icon" href="images/favicon.png"/>

<script>
$(document).ready(function() {
    // this will tell tablesorter to try looking for the data-value attribute
    // if present, it'll sort by that instead
    // otherwise, it'll sort by the text content of the table cell
    $("#tablesorter").tablesorter({
        textAttribute: 'data-value',
        // ignores the first row of the header, the 'scenario', 'steps', since
        // sorting those doesn't make sense
        selectorHeaders: '> thead tr:not(.dont-sort) th',
        // use a stable sort
        sortStable: true
    });
});
</script>











<title>Cucumber Reports  - Tag: @Item_Service_Charge</title>

</head>
<body>

<nav class="navbar navbar-default navbar-fixed-top" id="navigation">
  <div class="container-fluid">
    <div class="collapse navbar-collapse">
      <p class="navbar-text navbar-left">Cucumber Report</p>
      <ul class="nav navbar-nav navbar-right">
        <li role="presentation" ><a href="overview-features.html">Features</a></li>
        <li role="presentation" ><a href="overview-tags.html">Tags</a></li>
        <li role="presentation" ><a href="overview-steps.html">Steps</a></li>
        <li role="presentation" ><a href="overview-failures.html">Failures</a></li>
      </ul>
    </div>
  </div>
</nav>


<div class="container-fluid">
  <div class="col-md-5 col-md-offset-1">

<table class="table table-bordered" id="build-info">
  <thead>
    <tr>
      <th>Project</th>
      <th>Date</th>
    </tr>
  </thead>
  <tbody>
    <tr class="info">
      <td>No Name (add projectName to cucumber-reporting.properties)</td>
      <td>31 Jan 2024, 18:08</td>
    </tr>
  </tbody>
</table>

  </div>
  <div class="col-md-3 col-md-offset-2">
  </div>
</div>


<div id="report-lead" class="container-fluid">
  <div class="col-md-10 col-md-offset-1">
    <h2>Tag Report</h2>
  </div>
</div>


<div class="container-fluid" id="report">
  <div class="row">
    <div class="col-md-10 col-md-offset-1">
      <table class="stats-table">


<thead>
  <tr class="header dont-sort">
      <th></th>
    <th colspan="6">Steps</th>
    <th colspan="3">Scenarios</th>
    <th colspan="2">Features</th>
  </tr>
  <tr>
    <th>Tag</th>
    <th class="passed">Passed</th>
    <th class="failed">Failed</th>
    <th class="skipped">Skipped</th>
    <th class="pending">Pending</th>
    <th class="undefined">Undefined</th>
    <th class="total">Total</th>

    <th class="passed">Passed</th>
    <th class="failed">Failed</th>
    <th class="total">Total</th>

    <th>Duration</th>
    <th>Status</th>
  </tr>
</thead>


        <tbody>
        <tr>
          <td class="tagname">@Item_Service_Charge</td>
          <td      class="passed"    >36</td>
          <td      class="failed"    >12</td>
          <td     class="skipped"   >21</td>
          <td >0</td>
          <td >0</td>
          <td class="total">69</td>

          <td  class="passed"    >11</td>
          <td  class="failed"    >12</td>
          <td class="total">23</td>

          <td class="duration" data-value="908093970200">15:8.093</td>
          <td class="failed">Failed</td>
        </tr>
        </tbody>

      </table>
    </div>
  </div>
</div>



<div class="container-fluid">
  <div class="row">
    <div class="col-md-1 col-md-offset-10">
      <i class="fa fa-chevron-circle-down fa-2x collapsable-control"
        onClick="javascript:$('#report .collapsable-details').collapse('show')"></i>
      <i class="fa fa-chevron-circle-up fa-2x collapsable-control"
        onClick="javascript:$('#report .collapsable-details').collapse('hide')"></i>
    </div>
  </div>
</div>


<div class="container-fluid" id="report">
  <div class="row">
    <div class="col-md-10 col-md-offset-1">
      <div class="elements">


<div class="element">
    <div class="indention">
      <b>Feature:</b>
      <a href="report-feature_1273911844.html">Product and Items - Item_Service_Charge</a>
    </div>


<div class="tags indention">
    <b>Tags:</b>
       <a href="report-tag_1475048969.html">@Item_Service_Charge</a>
</div>


  <span class="lead-duration duration">5.204</span>


  <span data-toggle="collapse" class=" collapsed  collapsable-control" data-target="#element-1">

<div class="brief passed">
  <span class="keyword indention">Scenario</span>
  <span class="name">Verify whether the Item Service Charge Header is Displayed</span>


     <i class="chevron fa fa-fw"></i>
</div>

  </span>
  <div class="description indention"></div>

  <div id="element-1" class="collapse collapsable-details ">


  <div class="inner-level hooks-element-before">
    <div data-toggle="collapse" class=" collapsed  collapsable-control" data-target="#before-2">

<div class="brief passed">
  <span class="keyword indention">Hooks</span>
  <span class="name"></span>


     <i class="chevron fa fa-fw"></i>
</div>

    </div>

    <div id="before-2" class="inner-level collapse collapsable-details ">
        <div class="hook">
          <div class="brief passed">
            <span class="keyword indention">Before</span>
              <span class="location name">StepDefinition.Hooks.Start_Scenario(io.cucumber.java.Scenario)</span>

  <span class="lead-duration duration">30.792</span>

          </div>







        </div>
    </div>
  </div>



<div class="steps inner-level">
  <div data-toggle="collapse" class=" collapsed  collapsable-control" data-target="#steps-3">

<div class="brief passed">
  <span class="keyword indention">Steps</span>
  <span class="name"></span>


     <i class="chevron fa fa-fw"></i>
</div>

  </div>

  <div id="steps-3" class="inner-level collapse collapsable-details ">
      <div class="step">


<div class="brief step-name-Given passed">
  <span class="keyword indention">Given</span>
  <span class="name">Verifying the Item Service Charge Header Page</span>

  <span class="lead-duration duration">5.204</span>

</div>
















      </div>
  </div>
</div>




  <div class="inner-level hooks-element-after">
    <div data-toggle="collapse" class=" collapsed  collapsable-control" data-target="#after-4">

<div class="brief passed">
  <span class="keyword indention">Hooks</span>
  <span class="name"></span>


     <i class="chevron fa fa-fw"></i>
</div>

    </div>

    <div id="after-4" class="inner-level collapse collapsable-details ">
        <div class="hook">
          <div class="brief passed">
            <span class="keyword indention">After</span>
              <span class="location name">StepDefinition.Hooks.TestFail(io.cucumber.java.Scenario)</span>

  <span class="lead-duration duration">0.003</span>

          </div>







        </div>
    </div>
  </div>

  </div>
</div>


<div class="element">
    <div class="indention">
      <b>Feature:</b>
      <a href="report-feature_1273911844.html">Product and Items - Item_Service_Charge</a>
    </div>


<div class="tags indention">
    <b>Tags:</b>
       <a href="report-tag_1475048969.html">@Item_Service_Charge</a>
</div>


  <span class="lead-duration duration">15.716</span>


  <span data-toggle="collapse" class=" collapsed  collapsable-control" data-target="#element-5">

<div class="brief passed">
  <span class="keyword indention">Scenario</span>
  <span class="name">Verify whether we can able to do Pagination</span>


     <i class="chevron fa fa-fw"></i>
</div>

  </span>
  <div class="description indention"></div>

  <div id="element-5" class="collapse collapsable-details ">


  <div class="inner-level hooks-element-before">
    <div data-toggle="collapse" class=" collapsed  collapsable-control" data-target="#before-6">

<div class="brief passed">
  <span class="keyword indention">Hooks</span>
  <span class="name"></span>


     <i class="chevron fa fa-fw"></i>
</div>

    </div>

    <div id="before-6" class="inner-level collapse collapsable-details ">
        <div class="hook">
          <div class="brief passed">
            <span class="keyword indention">Before</span>
              <span class="location name">StepDefinition.Hooks.Start_Scenario(io.cucumber.java.Scenario)</span>

  <span class="lead-duration duration">30.473</span>

          </div>







        </div>
    </div>
  </div>



<div class="steps inner-level">
  <div data-toggle="collapse" class=" collapsed  collapsable-control" data-target="#steps-7">

<div class="brief passed">
  <span class="keyword indention">Steps</span>
  <span class="name"></span>


     <i class="chevron fa fa-fw"></i>
</div>

  </div>

  <div id="steps-7" class="inner-level collapse collapsable-details ">
      <div class="step">


<div class="brief step-name-Given passed">
  <span class="keyword indention">Given</span>
  <span class="name">I can do the Pagination</span>

  <span class="lead-duration duration">15.716</span>

</div>
















      </div>
  </div>
</div>




  <div class="inner-level hooks-element-after">
    <div data-toggle="collapse" class=" collapsed  collapsable-control" data-target="#after-8">

<div class="brief passed">
  <span class="keyword indention">Hooks</span>
  <span class="name"></span>


     <i class="chevron fa fa-fw"></i>
</div>

    </div>

    <div id="after-8" class="inner-level collapse collapsable-details ">
        <div class="hook">
          <div class="brief passed">
            <span class="keyword indention">After</span>
              <span class="location name">StepDefinition.Hooks.TestFail(io.cucumber.java.Scenario)</span>

  <span class="lead-duration duration">0.001</span>

          </div>







        </div>
    </div>
  </div>

  </div>
</div>


<div class="element">
    <div class="indention">
      <b>Feature:</b>
      <a href="report-feature_1273911844.html">Product and Items - Item_Service_Charge</a>
    </div>


<div class="tags indention">
    <b>Tags:</b>
       <a href="report-tag_1475048969.html">@Item_Service_Charge</a>
</div>


  <span class="lead-duration duration">35.305</span>


  <span data-toggle="collapse" class=" collapsed  collapsable-control" data-target="#element-9">

<div class="brief passed">
  <span class="keyword indention">Scenario</span>
  <span class="name">Verify the Filter &amp; Ascending and Descending Order</span>


     <i class="chevron fa fa-fw"></i>
</div>

  </span>
  <div class="description indention"></div>

  <div id="element-9" class="collapse collapsable-details ">


  <div class="inner-level hooks-element-before">
    <div data-toggle="collapse" class=" collapsed  collapsable-control" data-target="#before-10">

<div class="brief passed">
  <span class="keyword indention">Hooks</span>
  <span class="name"></span>


     <i class="chevron fa fa-fw"></i>
</div>

    </div>

    <div id="before-10" class="inner-level collapse collapsable-details ">
        <div class="hook">
          <div class="brief passed">
            <span class="keyword indention">Before</span>
              <span class="location name">StepDefinition.Hooks.Start_Scenario(io.cucumber.java.Scenario)</span>

  <span class="lead-duration duration">30.518</span>

          </div>







        </div>
    </div>
  </div>



<div class="steps inner-level">
  <div data-toggle="collapse" class=" collapsed  collapsable-control" data-target="#steps-11">

<div class="brief passed">
  <span class="keyword indention">Steps</span>
  <span class="name"></span>


     <i class="chevron fa fa-fw"></i>
</div>

  </div>

  <div id="steps-11" class="inner-level collapse collapsable-details ">
      <div class="step">


<div class="brief step-name-When passed">
  <span class="keyword indention">When</span>
  <span class="name">User Select the Filter option with Columns</span>

  <span class="lead-duration duration">5.214</span>

</div>
















      </div>
      <div class="step">


<div class="brief step-name-And passed">
  <span class="keyword indention">And</span>
  <span class="name">Verify the Ascending and Descending Order</span>

  <span class="lead-duration duration">30.091</span>

</div>
















      </div>
  </div>
</div>




  <div class="inner-level hooks-element-after">
    <div data-toggle="collapse" class=" collapsed  collapsable-control" data-target="#after-12">

<div class="brief passed">
  <span class="keyword indention">Hooks</span>
  <span class="name"></span>


     <i class="chevron fa fa-fw"></i>
</div>

    </div>

    <div id="after-12" class="inner-level collapse collapsable-details ">
        <div class="hook">
          <div class="brief passed">
            <span class="keyword indention">After</span>
              <span class="location name">StepDefinition.Hooks.TestFail(io.cucumber.java.Scenario)</span>

  <span class="lead-duration duration">0.000</span>

          </div>







        </div>
    </div>
  </div>

  </div>
</div>


<div class="element">
    <div class="indention">
      <b>Feature:</b>
      <a href="report-feature_1273911844.html">Product and Items - Item_Service_Charge</a>
    </div>


<div class="tags indention">
    <b>Tags:</b>
       <a href="report-tag_1475048969.html">@Item_Service_Charge</a>
</div>


  <span class="lead-duration duration">7.411</span>


  <span data-toggle="collapse" class=" collapsed  collapsable-control" data-target="#element-13">

<div class="brief passed">
  <span class="keyword indention">Scenario</span>
  <span class="name">Verify the New Item Service Charge Page header</span>


     <i class="chevron fa fa-fw"></i>
</div>

  </span>
  <div class="description indention"></div>

  <div id="element-13" class="collapse collapsable-details ">


  <div class="inner-level hooks-element-before">
    <div data-toggle="collapse" class=" collapsed  collapsable-control" data-target="#before-14">

<div class="brief passed">
  <span class="keyword indention">Hooks</span>
  <span class="name"></span>


     <i class="chevron fa fa-fw"></i>
</div>

    </div>

    <div id="before-14" class="inner-level collapse collapsable-details ">
        <div class="hook">
          <div class="brief passed">
            <span class="keyword indention">Before</span>
              <span class="location name">StepDefinition.Hooks.Start_Scenario(io.cucumber.java.Scenario)</span>

  <span class="lead-duration duration">30.451</span>

          </div>







        </div>
    </div>
  </div>



<div class="steps inner-level">
  <div data-toggle="collapse" class=" collapsed  collapsable-control" data-target="#steps-15">

<div class="brief passed">
  <span class="keyword indention">Steps</span>
  <span class="name"></span>


     <i class="chevron fa fa-fw"></i>
</div>

  </div>

  <div id="steps-15" class="inner-level collapse collapsable-details ">
      <div class="step">


<div class="brief step-name-Given passed">
  <span class="keyword indention">Given</span>
  <span class="name">Click the New Item Service Charge button</span>

  <span class="lead-duration duration">5.140</span>

</div>
















      </div>
      <div class="step">


<div class="brief step-name-When passed">
  <span class="keyword indention">When</span>
  <span class="name">Verify the New Item Service Charge Header</span>

  <span class="lead-duration duration">2.271</span>

</div>
















      </div>
  </div>
</div>




  <div class="inner-level hooks-element-after">
    <div data-toggle="collapse" class=" collapsed  collapsable-control" data-target="#after-16">

<div class="brief passed">
  <span class="keyword indention">Hooks</span>
  <span class="name"></span>


     <i class="chevron fa fa-fw"></i>
</div>

    </div>

    <div id="after-16" class="inner-level collapse collapsable-details ">
        <div class="hook">
          <div class="brief passed">
            <span class="keyword indention">After</span>
              <span class="location name">StepDefinition.Hooks.TestFail(io.cucumber.java.Scenario)</span>

  <span class="lead-duration duration">0.000</span>

          </div>







        </div>
    </div>
  </div>

  </div>
</div>


<div class="element">
    <div class="indention">
      <b>Feature:</b>
      <a href="report-feature_1273911844.html">Product and Items - Item_Service_Charge</a>
    </div>


<div class="tags indention">
    <b>Tags:</b>
       <a href="report-tag_1475048969.html">@Item_Service_Charge</a>
</div>


  <span class="lead-duration duration">1:1.430</span>


  <span data-toggle="collapse" class=" collapsable-control" data-target="#element-17">

<div class="brief failed">
  <span class="keyword indention">Scenario</span>
  <span class="name">Verify whether we able to create the New Item Service Charge without Entering Name/Mandatory Fields</span>


     <i class="chevron fa fa-fw"></i>
</div>

  </span>
  <div class="description indention"></div>

  <div id="element-17" class="collapse collapsable-details  in ">


  <div class="inner-level hooks-element-before">
    <div data-toggle="collapse" class=" collapsed  collapsable-control" data-target="#before-18">

<div class="brief passed">
  <span class="keyword indention">Hooks</span>
  <span class="name"></span>


     <i class="chevron fa fa-fw"></i>
</div>

    </div>

    <div id="before-18" class="inner-level collapse collapsable-details ">
        <div class="hook">
          <div class="brief passed">
            <span class="keyword indention">Before</span>
              <span class="location name">StepDefinition.Hooks.Start_Scenario(io.cucumber.java.Scenario)</span>

  <span class="lead-duration duration">2:18.686</span>

          </div>







        </div>
    </div>
  </div>



<div class="steps inner-level">
  <div data-toggle="collapse" class=" collapsable-control" data-target="#steps-19">

<div class="brief failed">
  <span class="keyword indention">Steps</span>
  <span class="name"></span>


     <i class="chevron fa fa-fw"></i>
</div>

  </div>

  <div id="steps-19" class="inner-level collapse collapsable-details  in ">
      <div class="step">


<div class="brief step-name-And failed">
  <span class="keyword indention">And</span>
  <span class="name">I Click the Save button without Entering Item Service Charge Name</span>

  <span class="lead-duration duration">1:1.430</span>

</div>






  <div class="inner-level">
    <div class="message indention">
      <div data-toggle="collapse" class=" collapsable-control" data-target="#msg-20">
          <a>org.openqa.selenium.ElementNotInteractableException:</a>
      </div>
      <div id="msg-20" class="collapse collapsable-details  in ">
        <pre>org.openqa.selenium.ElementNotInteractableException: element not interactable
  (Session info: chrome=121.0.6167.86)
Build info: version: '4.12.1', revision: '8e34639b11'
System info: os.name: 'Windows 10', os.arch: 'amd64', os.version: '10.0', java.version: '17.0.8'
Driver info: org.openqa.selenium.chrome.ChromeDriver
Command: [9de6a67f3b85c05403141ca58b9c3573, clickElement {id=65354983DF417D032A36B5DC602AEC33_element_570}]
Capabilities {acceptInsecureCerts: false, browserName: chrome, browserVersion: 121.0.6167.86, chrome: {chromedriverVersion: 121.0.6167.85 (3f98d690ad7e..., userDataDir: C:\Users\raja.s\AppData\Loc...}, fedcm:accounts: true, goog:chromeOptions: {debuggerAddress: localhost:53647}, networkConnectionEnabled: false, pageLoadStrategy: normal, platformName: windows, proxy: Proxy(), se:cdp: ws://localhost:53647/devtoo..., se:cdpVersion: 121.0.6167.86, setWindowRect: true, strictFileInteractability: false, timeouts: {implicit: 0, pageLoad: 300000, script: 30000}, unhandledPromptBehavior: dismiss and notify, webauthn:extension:credBlob: true, webauthn:extension:largeBlob: true, webauthn:extension:minPinLength: true, webauthn:extension:prf: true, webauthn:virtualAuthenticators: true}
Element: [[ChromeDriver: chrome on windows (9de6a67f3b85c05403141ca58b9c3573)] -&gt; xpath: //button[.='Save']]
Session ID: 9de6a67f3b85c05403141ca58b9c3573
	at java.base/jdk.internal.reflect.NativeConstructorAccessorImpl.newInstance0(Native Method)
	at java.base/jdk.internal.reflect.NativeConstructorAccessorImpl.newInstance(NativeConstructorAccessorImpl.java:77)
	at java.base/jdk.internal.reflect.DelegatingConstructorAccessorImpl.newInstance(DelegatingConstructorAccessorImpl.java:45)
	at java.base/java.lang.reflect.Constructor.newInstanceWithCaller(Constructor.java:499)
	at java.base/java.lang.reflect.Constructor.newInstance(Constructor.java:480)
	at org.openqa.selenium.remote.codec.w3c.W3CHttpResponseCodec.createException(W3CHttpResponseCodec.java:200)
	at org.openqa.selenium.remote.codec.w3c.W3CHttpResponseCodec.decode(W3CHttpResponseCodec.java:133)
	at org.openqa.selenium.remote.codec.w3c.W3CHttpResponseCodec.decode(W3CHttpResponseCodec.java:52)
	at org.openqa.selenium.remote.HttpCommandExecutor.execute(HttpCommandExecutor.java:191)
	at org.openqa.selenium.remote.service.DriverCommandExecutor.invokeExecute(DriverCommandExecutor.java:196)
	at org.openqa.selenium.remote.service.DriverCommandExecutor.execute(DriverCommandExecutor.java:171)
	at org.openqa.selenium.remote.RemoteWebDriver.execute(RemoteWebDriver.java:602)
	at org.openqa.selenium.remote.RemoteWebElement.execute(RemoteWebElement.java:224)
	at org.openqa.selenium.remote.RemoteWebElement.click(RemoteWebElement.java:77)
	at jdk.internal.reflect.GeneratedMethodAccessor78.invoke(Unknown Source)
	at java.base/jdk.internal.reflect.DelegatingMethodAccessorImpl.invoke(DelegatingMethodAccessorImpl.java:43)
	at java.base/java.lang.reflect.Method.invoke(Method.java:568)
	at com.epam.healenium.handlers.proxy.WebElementProxyHandler.invoke(WebElementProxyHandler.java:68)
	at jdk.proxy2/jdk.proxy2.$Proxy25.click(Unknown Source)
	at jdk.internal.reflect.GeneratedMethodAccessor78.invoke(Unknown Source)
	at java.base/jdk.internal.reflect.DelegatingMethodAccessorImpl.invoke(DelegatingMethodAccessorImpl.java:43)
	at java.base/java.lang.reflect.Method.invoke(Method.java:568)
	at org.openqa.selenium.support.pagefactory.internal.LocatingElementHandler.invoke(LocatingElementHandler.java:51)
	at jdk.proxy2/jdk.proxy2.$Proxy25.click(Unknown Source)
	at com.Pages.Common_XPaths.Click_SaveButton(Common_XPaths.java:424)
	at StepDefinition.Product_and_Items_Item_Service_Charge.Click_SaveButton_Without_Entering_ItemServcieChargeName(Product_and_Items_Item_Service_Charge.java:83)
	at &#10045;.I Click the Save button without Entering Item Service Charge Name(classpath:Product_and_Items_Features/Product_Items_Item_Service_Charge.feature:27)
</pre>
      </div>
    </div>
  </div>











      </div>
      <div class="step">


<div class="brief step-name-And skipped">
  <span class="keyword indention">And</span>
  <span class="name">I Click the Cancel button</span>

  <span class="lead-duration duration">0.000</span>

</div>
















      </div>
  </div>
</div>




  <div class="inner-level hooks-element-after">
    <div data-toggle="collapse" class=" collapsed  collapsable-control" data-target="#after-21">

<div class="brief passed">
  <span class="keyword indention">Hooks</span>
  <span class="name"></span>


     <i class="chevron fa fa-fw"></i>
</div>

    </div>

    <div id="after-21" class="inner-level collapse collapsable-details ">
        <div class="hook">
          <div class="brief passed">
            <span class="keyword indention">After</span>
              <span class="location name">StepDefinition.Hooks.TestFail(io.cucumber.java.Scenario)</span>

  <span class="lead-duration duration">2.201</span>

          </div>







        </div>
    </div>
  </div>

  </div>
</div>


<div class="element">
    <div class="indention">
      <b>Feature:</b>
      <a href="report-feature_1273911844.html">Product and Items - Item_Service_Charge</a>
    </div>


<div class="tags indention">
    <b>Tags:</b>
       <a href="report-tag_1475048969.html">@Item_Service_Charge</a>
</div>


  <span class="lead-duration duration">40.368</span>


  <span data-toggle="collapse" class=" collapsable-control" data-target="#element-22">

<div class="brief failed">
  <span class="keyword indention">Scenario</span>
  <span class="name">Verify whether we able to Save the Item Service Charge with Single letter</span>


     <i class="chevron fa fa-fw"></i>
</div>

  </span>
  <div class="description indention"></div>

  <div id="element-22" class="collapse collapsable-details  in ">


  <div class="inner-level hooks-element-before">
    <div data-toggle="collapse" class=" collapsed  collapsable-control" data-target="#before-23">

<div class="brief passed">
  <span class="keyword indention">Hooks</span>
  <span class="name"></span>


     <i class="chevron fa fa-fw"></i>
</div>

    </div>

    <div id="before-23" class="inner-level collapse collapsable-details ">
        <div class="hook">
          <div class="brief passed">
            <span class="keyword indention">Before</span>
              <span class="location name">StepDefinition.Hooks.Start_Scenario(io.cucumber.java.Scenario)</span>

  <span class="lead-duration duration">30.376</span>

          </div>







        </div>
    </div>
  </div>



<div class="steps inner-level">
  <div data-toggle="collapse" class=" collapsable-control" data-target="#steps-24">

<div class="brief failed">
  <span class="keyword indention">Steps</span>
  <span class="name"></span>


     <i class="chevron fa fa-fw"></i>
</div>

  </div>

  <div id="steps-24" class="inner-level collapse collapsable-details  in ">
      <div class="step">


<div class="brief step-name-Given passed">
  <span class="keyword indention">Given</span>
  <span class="name">Click the New Item Service Charge button</span>

  <span class="lead-duration duration">5.118</span>

</div>
















      </div>
      <div class="step">


<div class="brief step-name-And passed">
  <span class="keyword indention">And</span>
  <span class="name">I Enter the Single letter in Item Service Charge Name and Click the Save button</span>

  <span class="lead-duration duration">3.185</span>

</div>
















      </div>
      <div class="step">


<div class="brief step-name-And failed">
  <span class="keyword indention">And</span>
  <span class="name">I Click the Cancel button</span>

  <span class="lead-duration duration">32.064</span>

</div>






  <div class="inner-level">
    <div class="message indention">
      <div data-toggle="collapse" class=" collapsable-control" data-target="#msg-25">
          <a>org.openqa.selenium.ElementNotInteractableException:</a>
      </div>
      <div id="msg-25" class="collapse collapsable-details  in ">
        <pre>org.openqa.selenium.ElementNotInteractableException: element not interactable
  (Session info: chrome=121.0.6167.86)
Build info: version: '4.12.1', revision: '8e34639b11'
System info: os.name: 'Windows 10', os.arch: 'amd64', os.version: '10.0', java.version: '17.0.8'
Driver info: org.openqa.selenium.chrome.ChromeDriver
Command: [9de6a67f3b85c05403141ca58b9c3573, clickElement {id=65354983DF417D032A36B5DC602AEC33_element_571}]
Capabilities {acceptInsecureCerts: false, browserName: chrome, browserVersion: 121.0.6167.86, chrome: {chromedriverVersion: 121.0.6167.85 (3f98d690ad7e..., userDataDir: C:\Users\raja.s\AppData\Loc...}, fedcm:accounts: true, goog:chromeOptions: {debuggerAddress: localhost:53647}, networkConnectionEnabled: false, pageLoadStrategy: normal, platformName: windows, proxy: Proxy(), se:cdp: ws://localhost:53647/devtoo..., se:cdpVersion: 121.0.6167.86, setWindowRect: true, strictFileInteractability: false, timeouts: {implicit: 0, pageLoad: 300000, script: 30000}, unhandledPromptBehavior: dismiss and notify, webauthn:extension:credBlob: true, webauthn:extension:largeBlob: true, webauthn:extension:minPinLength: true, webauthn:extension:prf: true, webauthn:virtualAuthenticators: true}
Element: [[ChromeDriver: chrome on windows (9de6a67f3b85c05403141ca58b9c3573)] -&gt; xpath: //button[.='Cancel']]
Session ID: 9de6a67f3b85c05403141ca58b9c3573
	at java.base/jdk.internal.reflect.NativeConstructorAccessorImpl.newInstance0(Native Method)
	at java.base/jdk.internal.reflect.NativeConstructorAccessorImpl.newInstance(NativeConstructorAccessorImpl.java:77)
	at java.base/jdk.internal.reflect.DelegatingConstructorAccessorImpl.newInstance(DelegatingConstructorAccessorImpl.java:45)
	at java.base/java.lang.reflect.Constructor.newInstanceWithCaller(Constructor.java:499)
	at java.base/java.lang.reflect.Constructor.newInstance(Constructor.java:480)
	at org.openqa.selenium.remote.codec.w3c.W3CHttpResponseCodec.createException(W3CHttpResponseCodec.java:200)
	at org.openqa.selenium.remote.codec.w3c.W3CHttpResponseCodec.decode(W3CHttpResponseCodec.java:133)
	at org.openqa.selenium.remote.codec.w3c.W3CHttpResponseCodec.decode(W3CHttpResponseCodec.java:52)
	at org.openqa.selenium.remote.HttpCommandExecutor.execute(HttpCommandExecutor.java:191)
	at org.openqa.selenium.remote.service.DriverCommandExecutor.invokeExecute(DriverCommandExecutor.java:196)
	at org.openqa.selenium.remote.service.DriverCommandExecutor.execute(DriverCommandExecutor.java:171)
	at org.openqa.selenium.remote.RemoteWebDriver.execute(RemoteWebDriver.java:602)
	at org.openqa.selenium.remote.RemoteWebElement.execute(RemoteWebElement.java:224)
	at org.openqa.selenium.remote.RemoteWebElement.click(RemoteWebElement.java:77)
	at jdk.internal.reflect.GeneratedMethodAccessor78.invoke(Unknown Source)
	at java.base/jdk.internal.reflect.DelegatingMethodAccessorImpl.invoke(DelegatingMethodAccessorImpl.java:43)
	at java.base/java.lang.reflect.Method.invoke(Method.java:568)
	at com.epam.healenium.handlers.proxy.WebElementProxyHandler.invoke(WebElementProxyHandler.java:68)
	at jdk.proxy2/jdk.proxy2.$Proxy25.click(Unknown Source)
	at jdk.internal.reflect.GeneratedMethodAccessor78.invoke(Unknown Source)
	at java.base/jdk.internal.reflect.DelegatingMethodAccessorImpl.invoke(DelegatingMethodAccessorImpl.java:43)
	at java.base/java.lang.reflect.Method.invoke(Method.java:568)
	at org.openqa.selenium.support.pagefactory.internal.LocatingElementHandler.invoke(LocatingElementHandler.java:51)
	at jdk.proxy2/jdk.proxy2.$Proxy25.click(Unknown Source)
	at com.Pages.Common_XPaths.Click_CancelButton(Common_XPaths.java:486)
	at StepDefinition.Product_and_Items_Departments.iClick_the_Cancel_button(Product_and_Items_Departments.java:485)
	at &#10045;.I Click the Cancel button(classpath:Product_and_Items_Features/Product_Items_Item_Service_Charge.feature:33)
</pre>
      </div>
    </div>
  </div>











      </div>
  </div>
</div>




  <div class="inner-level hooks-element-after">
    <div data-toggle="collapse" class=" collapsed  collapsable-control" data-target="#after-26">

<div class="brief passed">
  <span class="keyword indention">Hooks</span>
  <span class="name"></span>


     <i class="chevron fa fa-fw"></i>
</div>

    </div>

    <div id="after-26" class="inner-level collapse collapsable-details ">
        <div class="hook">
          <div class="brief passed">
            <span class="keyword indention">After</span>
              <span class="location name">StepDefinition.Hooks.TestFail(io.cucumber.java.Scenario)</span>

  <span class="lead-duration duration">2.133</span>

          </div>







        </div>
    </div>
  </div>

  </div>
</div>


<div class="element">
    <div class="indention">
      <b>Feature:</b>
      <a href="report-feature_1273911844.html">Product and Items - Item_Service_Charge</a>
    </div>


<div class="tags indention">
    <b>Tags:</b>
       <a href="report-tag_1475048969.html">@Item_Service_Charge</a>
</div>


  <span class="lead-duration duration">12.794</span>


  <span data-toggle="collapse" class=" collapsed  collapsable-control" data-target="#element-27">

<div class="brief passed">
  <span class="keyword indention">Scenario</span>
  <span class="name">Verify whether the user can able to Enter the Item Service Charge Name above the limit</span>


     <i class="chevron fa fa-fw"></i>
</div>

  </span>
  <div class="description indention"></div>

  <div id="element-27" class="collapse collapsable-details ">


  <div class="inner-level hooks-element-before">
    <div data-toggle="collapse" class=" collapsed  collapsable-control" data-target="#before-28">

<div class="brief passed">
  <span class="keyword indention">Hooks</span>
  <span class="name"></span>


     <i class="chevron fa fa-fw"></i>
</div>

    </div>

    <div id="before-28" class="inner-level collapse collapsable-details ">
        <div class="hook">
          <div class="brief passed">
            <span class="keyword indention">Before</span>
              <span class="location name">StepDefinition.Hooks.Start_Scenario(io.cucumber.java.Scenario)</span>

  <span class="lead-duration duration">30.363</span>

          </div>







        </div>
    </div>
  </div>



<div class="steps inner-level">
  <div data-toggle="collapse" class=" collapsed  collapsable-control" data-target="#steps-29">

<div class="brief passed">
  <span class="keyword indention">Steps</span>
  <span class="name"></span>


     <i class="chevron fa fa-fw"></i>
</div>

  </div>

  <div id="steps-29" class="inner-level collapse collapsable-details ">
      <div class="step">


<div class="brief step-name-Given passed">
  <span class="keyword indention">Given</span>
  <span class="name">Click the New Item Service Charge button</span>

  <span class="lead-duration duration">5.095</span>

</div>
















      </div>
      <div class="step">


<div class="brief step-name-And passed">
  <span class="keyword indention">And</span>
  <span class="name">I Enter the Item Service Charge Name Exceeding the limit</span>

  <span class="lead-duration duration">5.635</span>

</div>
















      </div>
      <div class="step">


<div class="brief step-name-And passed">
  <span class="keyword indention">And</span>
  <span class="name">I Click the Cancel button</span>

  <span class="lead-duration duration">2.063</span>

</div>
















      </div>
  </div>
</div>




  <div class="inner-level hooks-element-after">
    <div data-toggle="collapse" class=" collapsed  collapsable-control" data-target="#after-30">

<div class="brief passed">
  <span class="keyword indention">Hooks</span>
  <span class="name"></span>


     <i class="chevron fa fa-fw"></i>
</div>

    </div>

    <div id="after-30" class="inner-level collapse collapsable-details ">
        <div class="hook">
          <div class="brief passed">
            <span class="keyword indention">After</span>
              <span class="location name">StepDefinition.Hooks.TestFail(io.cucumber.java.Scenario)</span>

  <span class="lead-duration duration">0.000</span>

          </div>







        </div>
    </div>
  </div>

  </div>
</div>


<div class="element">
    <div class="indention">
      <b>Feature:</b>
      <a href="report-feature_1273911844.html">Product and Items - Item_Service_Charge</a>
    </div>


<div class="tags indention">
    <b>Tags:</b>
       <a href="report-tag_1475048969.html">@Item_Service_Charge</a>
</div>


  <span class="lead-duration duration">8.887</span>


  <span data-toggle="collapse" class=" collapsed  collapsable-control" data-target="#element-31">

<div class="brief passed">
  <span class="keyword indention">Scenario</span>
  <span class="name">Verify whether we can able to Save the Item Service Charge only by Entering Item Service Charge Percentage</span>


     <i class="chevron fa fa-fw"></i>
</div>

  </span>
  <div class="description indention"></div>

  <div id="element-31" class="collapse collapsable-details ">


  <div class="inner-level hooks-element-before">
    <div data-toggle="collapse" class=" collapsed  collapsable-control" data-target="#before-32">

<div class="brief passed">
  <span class="keyword indention">Hooks</span>
  <span class="name"></span>


     <i class="chevron fa fa-fw"></i>
</div>

    </div>

    <div id="before-32" class="inner-level collapse collapsable-details ">
        <div class="hook">
          <div class="brief passed">
            <span class="keyword indention">Before</span>
              <span class="location name">StepDefinition.Hooks.Start_Scenario(io.cucumber.java.Scenario)</span>

  <span class="lead-duration duration">30.426</span>

          </div>







        </div>
    </div>
  </div>



<div class="steps inner-level">
  <div data-toggle="collapse" class=" collapsed  collapsable-control" data-target="#steps-33">

<div class="brief passed">
  <span class="keyword indention">Steps</span>
  <span class="name"></span>


     <i class="chevron fa fa-fw"></i>
</div>

  </div>

  <div id="steps-33" class="inner-level collapse collapsable-details ">
      <div class="step">


<div class="brief step-name-Given passed">
  <span class="keyword indention">Given</span>
  <span class="name">Click the New Item Service Charge button</span>

  <span class="lead-duration duration">5.071</span>

</div>
















      </div>
      <div class="step">


<div class="brief step-name-And passed">
  <span class="keyword indention">And</span>
  <span class="name">I Enter the Only Percentage and Click the Save button</span>

  <span class="lead-duration duration">1.750</span>

</div>
















      </div>
      <div class="step">


<div class="brief step-name-And passed">
  <span class="keyword indention">And</span>
  <span class="name">I Click the Cancel button</span>

  <span class="lead-duration duration">2.065</span>

</div>
















      </div>
  </div>
</div>




  <div class="inner-level hooks-element-after">
    <div data-toggle="collapse" class=" collapsed  collapsable-control" data-target="#after-34">

<div class="brief passed">
  <span class="keyword indention">Hooks</span>
  <span class="name"></span>


     <i class="chevron fa fa-fw"></i>
</div>

    </div>

    <div id="after-34" class="inner-level collapse collapsable-details ">
        <div class="hook">
          <div class="brief passed">
            <span class="keyword indention">After</span>
              <span class="location name">StepDefinition.Hooks.TestFail(io.cucumber.java.Scenario)</span>

  <span class="lead-duration duration">0.000</span>

          </div>







        </div>
    </div>
  </div>

  </div>
</div>


<div class="element">
    <div class="indention">
      <b>Feature:</b>
      <a href="report-feature_1273911844.html">Product and Items - Item_Service_Charge</a>
    </div>


<div class="tags indention">
    <b>Tags:</b>
       <a href="report-tag_1475048969.html">@Item_Service_Charge</a>
</div>


  <span class="lead-duration duration">1:46.814</span>


  <span data-toggle="collapse" class=" collapsable-control" data-target="#element-35">

<div class="brief failed">
  <span class="keyword indention">Scenario</span>
  <span class="name">Verify whether the Item Service Charge is allowing to enter percentage above the percentage limit</span>


     <i class="chevron fa fa-fw"></i>
</div>

  </span>
  <div class="description indention"></div>

  <div id="element-35" class="collapse collapsable-details  in ">


  <div class="inner-level hooks-element-before">
    <div data-toggle="collapse" class=" collapsed  collapsable-control" data-target="#before-36">

<div class="brief passed">
  <span class="keyword indention">Hooks</span>
  <span class="name"></span>


     <i class="chevron fa fa-fw"></i>
</div>

    </div>

    <div id="before-36" class="inner-level collapse collapsable-details ">
        <div class="hook">
          <div class="brief passed">
            <span class="keyword indention">Before</span>
              <span class="location name">StepDefinition.Hooks.Start_Scenario(io.cucumber.java.Scenario)</span>

  <span class="lead-duration duration">30.413</span>

          </div>







        </div>
    </div>
  </div>



<div class="steps inner-level">
  <div data-toggle="collapse" class=" collapsable-control" data-target="#steps-37">

<div class="brief failed">
  <span class="keyword indention">Steps</span>
  <span class="name"></span>


     <i class="chevron fa fa-fw"></i>
</div>

  </div>

  <div id="steps-37" class="inner-level collapse collapsable-details  in ">
      <div class="step">


<div class="brief step-name-Given passed">
  <span class="keyword indention">Given</span>
  <span class="name">Click the New Item Service Charge button</span>

  <span class="lead-duration duration">5.076</span>

</div>
















      </div>
      <div class="step">


<div class="brief step-name-When passed">
  <span class="keyword indention">When</span>
  <span class="name">I Enter the New Item Service Charge Name</span>

  <span class="lead-duration duration">4.187</span>

</div>
















      </div>
      <div class="step">


<div class="brief step-name-And passed">
  <span class="keyword indention">And</span>
  <span class="name">I Enter the Max Percentage above the percentage limit</span>

  <span class="lead-duration duration">1:2.209</span>

</div>
















      </div>
      <div class="step">


<div class="brief step-name-Then passed">
  <span class="keyword indention">Then</span>
  <span class="name">Verify whether the Item Service charge able to Saved with the Percentage above the limit or not</span>

  <span class="lead-duration duration">3.293</span>

</div>
















      </div>
      <div class="step">


<div class="brief step-name-And failed">
  <span class="keyword indention">And</span>
  <span class="name">I Click the Cancel button</span>

  <span class="lead-duration duration">32.047</span>

</div>






  <div class="inner-level">
    <div class="message indention">
      <div data-toggle="collapse" class=" collapsable-control" data-target="#msg-38">
          <a>org.openqa.selenium.ElementNotInteractableException:</a>
      </div>
      <div id="msg-38" class="collapse collapsable-details  in ">
        <pre>org.openqa.selenium.ElementNotInteractableException: element not interactable
  (Session info: chrome=121.0.6167.86)
Build info: version: '4.12.1', revision: '8e34639b11'
System info: os.name: 'Windows 10', os.arch: 'amd64', os.version: '10.0', java.version: '17.0.8'
Driver info: org.openqa.selenium.chrome.ChromeDriver
Command: [9de6a67f3b85c05403141ca58b9c3573, clickElement {id=65354983DF417D032A36B5DC602AEC33_element_571}]
Capabilities {acceptInsecureCerts: false, browserName: chrome, browserVersion: 121.0.6167.86, chrome: {chromedriverVersion: 121.0.6167.85 (3f98d690ad7e..., userDataDir: C:\Users\raja.s\AppData\Loc...}, fedcm:accounts: true, goog:chromeOptions: {debuggerAddress: localhost:53647}, networkConnectionEnabled: false, pageLoadStrategy: normal, platformName: windows, proxy: Proxy(), se:cdp: ws://localhost:53647/devtoo..., se:cdpVersion: 121.0.6167.86, setWindowRect: true, strictFileInteractability: false, timeouts: {implicit: 0, pageLoad: 300000, script: 30000}, unhandledPromptBehavior: dismiss and notify, webauthn:extension:credBlob: true, webauthn:extension:largeBlob: true, webauthn:extension:minPinLength: true, webauthn:extension:prf: true, webauthn:virtualAuthenticators: true}
Element: [[ChromeDriver: chrome on windows (9de6a67f3b85c05403141ca58b9c3573)] -&gt; xpath: //button[.='Cancel']]
Session ID: 9de6a67f3b85c05403141ca58b9c3573
	at java.base/jdk.internal.reflect.NativeConstructorAccessorImpl.newInstance0(Native Method)
	at java.base/jdk.internal.reflect.NativeConstructorAccessorImpl.newInstance(NativeConstructorAccessorImpl.java:77)
	at java.base/jdk.internal.reflect.DelegatingConstructorAccessorImpl.newInstance(DelegatingConstructorAccessorImpl.java:45)
	at java.base/java.lang.reflect.Constructor.newInstanceWithCaller(Constructor.java:499)
	at java.base/java.lang.reflect.Constructor.newInstance(Constructor.java:480)
	at org.openqa.selenium.remote.codec.w3c.W3CHttpResponseCodec.createException(W3CHttpResponseCodec.java:200)
	at org.openqa.selenium.remote.codec.w3c.W3CHttpResponseCodec.decode(W3CHttpResponseCodec.java:133)
	at org.openqa.selenium.remote.codec.w3c.W3CHttpResponseCodec.decode(W3CHttpResponseCodec.java:52)
	at org.openqa.selenium.remote.HttpCommandExecutor.execute(HttpCommandExecutor.java:191)
	at org.openqa.selenium.remote.service.DriverCommandExecutor.invokeExecute(DriverCommandExecutor.java:196)
	at org.openqa.selenium.remote.service.DriverCommandExecutor.execute(DriverCommandExecutor.java:171)
	at org.openqa.selenium.remote.RemoteWebDriver.execute(RemoteWebDriver.java:602)
	at org.openqa.selenium.remote.RemoteWebElement.execute(RemoteWebElement.java:224)
	at org.openqa.selenium.remote.RemoteWebElement.click(RemoteWebElement.java:77)
	at jdk.internal.reflect.GeneratedMethodAccessor78.invoke(Unknown Source)
	at java.base/jdk.internal.reflect.DelegatingMethodAccessorImpl.invoke(DelegatingMethodAccessorImpl.java:43)
	at java.base/java.lang.reflect.Method.invoke(Method.java:568)
	at com.epam.healenium.handlers.proxy.WebElementProxyHandler.invoke(WebElementProxyHandler.java:68)
	at jdk.proxy2/jdk.proxy2.$Proxy25.click(Unknown Source)
	at jdk.internal.reflect.GeneratedMethodAccessor78.invoke(Unknown Source)
	at java.base/jdk.internal.reflect.DelegatingMethodAccessorImpl.invoke(DelegatingMethodAccessorImpl.java:43)
	at java.base/java.lang.reflect.Method.invoke(Method.java:568)
	at org.openqa.selenium.support.pagefactory.internal.LocatingElementHandler.invoke(LocatingElementHandler.java:51)
	at jdk.proxy2/jdk.proxy2.$Proxy25.click(Unknown Source)
	at com.Pages.Common_XPaths.Click_CancelButton(Common_XPaths.java:486)
	at StepDefinition.Product_and_Items_Departments.iClick_the_Cancel_button(Product_and_Items_Departments.java:485)
	at &#10045;.I Click the Cancel button(classpath:Product_and_Items_Features/Product_Items_Item_Service_Charge.feature:50)
</pre>
      </div>
    </div>
  </div>











      </div>
  </div>
</div>




  <div class="inner-level hooks-element-after">
    <div data-toggle="collapse" class=" collapsed  collapsable-control" data-target="#after-39">

<div class="brief passed">
  <span class="keyword indention">Hooks</span>
  <span class="name"></span>


     <i class="chevron fa fa-fw"></i>
</div>

    </div>

    <div id="after-39" class="inner-level collapse collapsable-details ">
        <div class="hook">
          <div class="brief passed">
            <span class="keyword indention">After</span>
              <span class="location name">StepDefinition.Hooks.TestFail(io.cucumber.java.Scenario)</span>

  <span class="lead-duration duration">2.131</span>

          </div>







        </div>
    </div>
  </div>

  </div>
</div>


<div class="element">
    <div class="indention">
      <b>Feature:</b>
      <a href="report-feature_1273911844.html">Product and Items - Item_Service_Charge</a>
    </div>


<div class="tags indention">
    <b>Tags:</b>
       <a href="report-tag_1475048969.html">@Item_Service_Charge</a>
</div>


  <span class="lead-duration duration">1:44.368</span>


  <span data-toggle="collapse" class=" collapsable-control" data-target="#element-40">

<div class="brief failed">
  <span class="keyword indention">Scenario</span>
  <span class="name">Verify whether user can able to create a New Item Service Charge</span>


     <i class="chevron fa fa-fw"></i>
</div>

  </span>
  <div class="description indention"></div>

  <div id="element-40" class="collapse collapsable-details  in ">


  <div class="inner-level hooks-element-before">
    <div data-toggle="collapse" class=" collapsed  collapsable-control" data-target="#before-41">

<div class="brief passed">
  <span class="keyword indention">Hooks</span>
  <span class="name"></span>


     <i class="chevron fa fa-fw"></i>
</div>

    </div>

    <div id="before-41" class="inner-level collapse collapsable-details ">
        <div class="hook">
          <div class="brief passed">
            <span class="keyword indention">Before</span>
              <span class="location name">StepDefinition.Hooks.Start_Scenario(io.cucumber.java.Scenario)</span>

  <span class="lead-duration duration">30.426</span>

          </div>







        </div>
    </div>
  </div>



<div class="steps inner-level">
  <div data-toggle="collapse" class=" collapsable-control" data-target="#steps-42">

<div class="brief failed">
  <span class="keyword indention">Steps</span>
  <span class="name"></span>


     <i class="chevron fa fa-fw"></i>
</div>

  </div>

  <div id="steps-42" class="inner-level collapse collapsable-details  in ">
      <div class="step">


<div class="brief step-name-Given passed">
  <span class="keyword indention">Given</span>
  <span class="name">Click the New Item Service Charge button</span>

  <span class="lead-duration duration">5.096</span>

</div>
















      </div>
      <div class="step">


<div class="brief step-name-When passed">
  <span class="keyword indention">When</span>
  <span class="name">I Enter the New Item Service Charge Name</span>

  <span class="lead-duration duration">4.205</span>

</div>
















      </div>
      <div class="step">


<div class="brief step-name-And passed">
  <span class="keyword indention">And</span>
  <span class="name">I Enter the Item Service Charge Percentage</span>

  <span class="lead-duration duration">1.657</span>

</div>
















      </div>
      <div class="step">


<div class="brief step-name-And failed">
  <span class="keyword indention">And</span>
  <span class="name">I Select the Taxes in Item Service Charge</span>

  <span class="lead-duration duration">1:33.408</span>

</div>






  <div class="inner-level">
    <div class="message indention">
      <div data-toggle="collapse" class=" collapsable-control" data-target="#msg-43">
          <a>org.openqa.selenium.NoSuchElementException:</a>
      </div>
      <div id="msg-43" class="collapse collapsable-details  in ">
        <pre>org.openqa.selenium.NoSuchElementException: Timed out after 5 seconds. Unable to locate the element
	at org.openqa.selenium.support.pagefactory.AjaxElementLocator.findElement(AjaxElementLocator.java:90)
	at org.openqa.selenium.support.pagefactory.internal.LocatingElementHandler.invoke(LocatingElementHandler.java:38)
	at jdk.proxy2/jdk.proxy2.$Proxy25.click(Unknown Source)
	at com.Pages.ItemServiceChargePage.Select_Tax(ItemServiceChargePage.java:211)
	at StepDefinition.Product_and_Items_Item_Service_Charge.Select_Taxes(Product_and_Items_Item_Service_Charge.java:248)
	at &#10045;.I Select the Taxes in Item Service Charge(classpath:Product_and_Items_Features/Product_Items_Item_Service_Charge.feature:56)
Caused by: org.openqa.selenium.NoSuchElementException: no such element: Unable to locate element: {&quot;method&quot;:&quot;xpath&quot;,&quot;selector&quot;:&quot;//label[contains(.,'Taxes')]/../../div/div/input&quot;}
  (Session info: chrome=121.0.6167.86)
For documentation on this error, please visit: https://www.selenium.dev/documentation/webdriver/troubleshooting/errors#no-such-element-exception
Build info: version: '4.12.1', revision: '8e34639b11'
System info: os.name: 'Windows 10', os.arch: 'amd64', os.version: '10.0', java.version: '17.0.8'
Driver info: org.openqa.selenium.chrome.ChromeDriver
Command: [9de6a67f3b85c05403141ca58b9c3573, findElement {using=xpath, value=//label[contains(.,'Taxes')]/../../div/div/input}]
Capabilities {acceptInsecureCerts: false, browserName: chrome, browserVersion: 121.0.6167.86, chrome: {chromedriverVersion: 121.0.6167.85 (3f98d690ad7e..., userDataDir: C:\Users\raja.s\AppData\Loc...}, fedcm:accounts: true, goog:chromeOptions: {debuggerAddress: localhost:53647}, networkConnectionEnabled: false, pageLoadStrategy: normal, platformName: windows, proxy: Proxy(), se:cdp: ws://localhost:53647/devtoo..., se:cdpVersion: 121.0.6167.86, setWindowRect: true, strictFileInteractability: false, timeouts: {implicit: 0, pageLoad: 300000, script: 30000}, unhandledPromptBehavior: dismiss and notify, webauthn:extension:credBlob: true, webauthn:extension:largeBlob: true, webauthn:extension:minPinLength: true, webauthn:extension:prf: true, webauthn:virtualAuthenticators: true}
Session ID: 9de6a67f3b85c05403141ca58b9c3573
	at jdk.internal.reflect.GeneratedConstructorAccessor29.newInstance(Unknown Source)
	at java.base/jdk.internal.reflect.DelegatingConstructorAccessorImpl.newInstance(DelegatingConstructorAccessorImpl.java:45)
	at java.base/java.lang.reflect.Constructor.newInstanceWithCaller(Constructor.java:499)
	at java.base/java.lang.reflect.Constructor.newInstance(Constructor.java:480)
	at org.openqa.selenium.remote.codec.w3c.W3CHttpResponseCodec.createException(W3CHttpResponseCodec.java:200)
	at org.openqa.selenium.remote.codec.w3c.W3CHttpResponseCodec.decode(W3CHttpResponseCodec.java:133)
	at org.openqa.selenium.remote.codec.w3c.W3CHttpResponseCodec.decode(W3CHttpResponseCodec.java:52)
	at org.openqa.selenium.remote.HttpCommandExecutor.execute(HttpCommandExecutor.java:191)
	at org.openqa.selenium.remote.service.DriverCommandExecutor.invokeExecute(DriverCommandExecutor.java:196)
	at org.openqa.selenium.remote.service.DriverCommandExecutor.execute(DriverCommandExecutor.java:171)
	at org.openqa.selenium.remote.RemoteWebDriver.execute(RemoteWebDriver.java:602)
	at org.openqa.selenium.remote.ElementLocation$ElementFinder$2.findElement(ElementLocation.java:165)
	at org.openqa.selenium.remote.ElementLocation.findElement(ElementLocation.java:59)
	at org.openqa.selenium.remote.RemoteWebDriver.findElement(RemoteWebDriver.java:359)
	at org.openqa.selenium.remote.RemoteWebDriver.findElement(RemoteWebDriver.java:353)
	at com.epam.healenium.processor.FindElementProcessor.execute(FindElementProcessor.java:23)
	at com.epam.healenium.processor.BaseProcessor.process(BaseProcessor.java:42)
	at com.epam.healenium.handlers.proxy.BaseHandler.findElement(BaseHandler.java:63)
	at com.epam.healenium.handlers.proxy.SelfHealingProxyInvocationHandler.invoke(SelfHealingProxyInvocationHandler.java:39)
	at jdk.proxy2/jdk.proxy2.$Proxy29.findElement(Unknown Source)
	at org.openqa.selenium.support.pagefactory.DefaultElementLocator.findElement(DefaultElementLocator.java:68)
	at org.openqa.selenium.support.pagefactory.AjaxElementLocator.access$001(AjaxElementLocator.java:38)
	at org.openqa.selenium.support.pagefactory.AjaxElementLocator$SlowLoadingElement.isLoaded(AjaxElementLocator.java:156)
	at org.openqa.selenium.support.ui.SlowLoadableComponent.get(SlowLoadableComponent.java:71)
	at org.openqa.selenium.support.pagefactory.AjaxElementLocator.findElement(AjaxElementLocator.java:86)
	at org.openqa.selenium.support.pagefactory.internal.LocatingElementHandler.invoke(LocatingElementHandler.java:38)
	at jdk.proxy2/jdk.proxy2.$Proxy25.click(Unknown Source)
	at com.Pages.ItemServiceChargePage.Select_Tax(ItemServiceChargePage.java:211)
	at StepDefinition.Product_and_Items_Item_Service_Charge.Select_Taxes(Product_and_Items_Item_Service_Charge.java:248)
	at java.base/jdk.internal.reflect.NativeMethodAccessorImpl.invoke0(Native Method)
	at java.base/jdk.internal.reflect.NativeMethodAccessorImpl.invoke(NativeMethodAccessorImpl.java:77)
	at java.base/jdk.internal.reflect.DelegatingMethodAccessorImpl.invoke(DelegatingMethodAccessorImpl.java:43)
	at java.base/java.lang.reflect.Method.invoke(Method.java:568)
	at io.cucumber.java.Invoker.doInvoke(Invoker.java:66)
	at io.cucumber.java.Invoker.invoke(Invoker.java:24)
	at io.cucumber.java.AbstractGlueDefinition.invokeMethod(AbstractGlueDefinition.java:47)
	at io.cucumber.java.JavaStepDefinition.execute(JavaStepDefinition.java:29)
	at io.cucumber.core.runner.CoreStepDefinition.execute(CoreStepDefinition.java:66)
	at io.cucumber.core.runner.PickleStepDefinitionMatch.runStep(PickleStepDefinitionMatch.java:63)
	at io.cucumber.core.runner.ExecutionMode$1.execute(ExecutionMode.java:10)
	at io.cucumber.core.runner.TestStep.executeStep(TestStep.java:85)
	at io.cucumber.core.runner.TestStep.run(TestStep.java:57)
	at io.cucumber.core.runner.PickleStepTestStep.run(PickleStepTestStep.java:51)
	at io.cucumber.core.runner.TestCase.run(TestCase.java:84)
	at io.cucumber.core.runner.Runner.runPickle(Runner.java:75)
	at io.cucumber.junit.PickleRunners$NoStepDescriptions.lambda$run$0(PickleRunners.java:151)
	at io.cucumber.core.runtime.CucumberExecutionContext.lambda$runTestCase$5(CucumberExecutionContext.java:129)
	at io.cucumber.core.runtime.RethrowingThrowableCollector.executeAndThrow(RethrowingThrowableCollector.java:23)
	at io.cucumber.core.runtime.CucumberExecutionContext.runTestCase(CucumberExecutionContext.java:129)
	at io.cucumber.junit.PickleRunners$NoStepDescriptions.run(PickleRunners.java:148)
	at io.cucumber.junit.FeatureRunner.runChild(FeatureRunner.java:144)
	at io.cucumber.junit.FeatureRunner.runChild(FeatureRunner.java:28)
	at org.junit.runners.ParentRunner$4.run(ParentRunner.java:331)
	at org.junit.runners.ParentRunner$1.schedule(ParentRunner.java:79)
	at org.junit.runners.ParentRunner.runChildren(ParentRunner.java:329)
	at org.junit.runners.ParentRunner.access$100(ParentRunner.java:66)
	at org.junit.runners.ParentRunner$2.evaluate(ParentRunner.java:293)
	at org.junit.runners.ParentRunner$3.evaluate(ParentRunner.java:306)
	at org.junit.runners.ParentRunner.run(ParentRunner.java:413)
	at io.cucumber.junit.FeatureRunner.run(FeatureRunner.java:137)
	at io.cucumber.junit.Cucumber.runChild(Cucumber.java:196)
	at io.cucumber.junit.Cucumber.runChild(Cucumber.java:89)
	at org.junit.runners.ParentRunner$4.run(ParentRunner.java:331)
	at org.junit.runners.ParentRunner$1.schedule(ParentRunner.java:79)
	at org.junit.runners.ParentRunner.runChildren(ParentRunner.java:329)
	at org.junit.runners.ParentRunner.access$100(ParentRunner.java:66)
	at org.junit.runners.ParentRunner$2.evaluate(ParentRunner.java:293)
	at io.cucumber.junit.Cucumber$RunBeforeAllHooks.evaluate(Cucumber.java:266)
	at io.cucumber.junit.Cucumber$RunAfterAllHooks.evaluate(Cucumber.java:281)
	at io.cucumber.junit.Cucumber$StartTestRun.evaluate(Cucumber.java:233)
	at io.cucumber.junit.Cucumber$FinishTestRun.evaluate(Cucumber.java:248)
	at org.junit.runners.ParentRunner$3.evaluate(ParentRunner.java:306)
	at org.junit.runners.ParentRunner.run(ParentRunner.java:413)
	at org.junit.runner.JUnitCore.run(JUnitCore.java:137)
	at org.junit.runner.JUnitCore.run(JUnitCore.java:115)
	at org.junit.vintage.engine.execution.RunnerExecutor.execute(RunnerExecutor.java:42)
	at org.junit.vintage.engine.VintageTestEngine.executeAllChildren(VintageTestEngine.java:80)
	at org.junit.vintage.engine.VintageTestEngine.execute(VintageTestEngine.java:72)
	at org.junit.platform.launcher.core.EngineExecutionOrchestrator.execute(EngineExecutionOrchestrator.java:198)
	at org.junit.platform.launcher.core.EngineExecutionOrchestrator.execute(EngineExecutionOrchestrator.java:169)
	at org.junit.platform.launcher.core.EngineExecutionOrchestrator.execute(EngineExecutionOrchestrator.java:93)
	at org.junit.platform.launcher.core.EngineExecutionOrchestrator.lambda$execute$0(EngineExecutionOrchestrator.java:58)
	at org.junit.platform.launcher.core.EngineExecutionOrchestrator.withInterceptedStreams(EngineExecutionOrchestrator.java:141)
	at org.junit.platform.launcher.core.EngineExecutionOrchestrator.execute(EngineExecutionOrchestrator.java:57)
	at org.junit.platform.launcher.core.DefaultLauncher.execute(DefaultLauncher.java:103)
	at org.junit.platform.launcher.core.DefaultLauncher.execute(DefaultLauncher.java:94)
	at org.junit.platform.launcher.core.DelegatingLauncher.execute(DelegatingLauncher.java:52)
	at org.junit.platform.launcher.core.SessionPerRequestLauncher.execute(SessionPerRequestLauncher.java:70)
	at org.eclipse.jdt.internal.junit5.runner.JUnit5TestReference.run(JUnit5TestReference.java:98)
	at org.eclipse.jdt.internal.junit.runner.TestExecution.run(TestExecution.java:40)
	at org.eclipse.jdt.internal.junit.runner.RemoteTestRunner.runTests(RemoteTestRunner.java:529)
	at org.eclipse.jdt.internal.junit.runner.RemoteTestRunner.runTests(RemoteTestRunner.java:756)
	at org.eclipse.jdt.internal.junit.runner.RemoteTestRunner.run(RemoteTestRunner.java:452)
	at org.eclipse.jdt.internal.junit.runner.RemoteTestRunner.main(RemoteTestRunner.java:210)
</pre>
      </div>
    </div>
  </div>











      </div>
      <div class="step">


<div class="brief step-name-And skipped">
  <span class="keyword indention">And</span>
  <span class="name">I Click the Save button</span>

  <span class="lead-duration duration">0.000</span>

</div>
















      </div>
      <div class="step">


<div class="brief step-name-Then skipped">
  <span class="keyword indention">Then</span>
  <span class="name">Verify whether the Item Service Charge is Saved or not</span>

  <span class="lead-duration duration">0.000</span>

</div>
















      </div>
  </div>
</div>




  <div class="inner-level hooks-element-after">
    <div data-toggle="collapse" class=" collapsed  collapsable-control" data-target="#after-44">

<div class="brief passed">
  <span class="keyword indention">Hooks</span>
  <span class="name"></span>


     <i class="chevron fa fa-fw"></i>
</div>

    </div>

    <div id="after-44" class="inner-level collapse collapsable-details ">
        <div class="hook">
          <div class="brief passed">
            <span class="keyword indention">After</span>
              <span class="location name">StepDefinition.Hooks.TestFail(io.cucumber.java.Scenario)</span>

  <span class="lead-duration duration">2.174</span>

          </div>







        </div>
    </div>
  </div>

  </div>
</div>


<div class="element">
    <div class="indention">
      <b>Feature:</b>
      <a href="report-feature_1273911844.html">Product and Items - Item_Service_Charge</a>
    </div>


<div class="tags indention">
    <b>Tags:</b>
       <a href="report-tag_1475048969.html">@Item_Service_Charge</a>
</div>


  <span class="lead-duration duration">45.342</span>


  <span data-toggle="collapse" class=" collapsable-control" data-target="#element-45">

<div class="brief failed">
  <span class="keyword indention">Scenario</span>
  <span class="name">Verify the Update header by Editing Saved Item Service Charge</span>


     <i class="chevron fa fa-fw"></i>
</div>

  </span>
  <div class="description indention"></div>

  <div id="element-45" class="collapse collapsable-details  in ">


  <div class="inner-level hooks-element-before">
    <div data-toggle="collapse" class=" collapsed  collapsable-control" data-target="#before-46">

<div class="brief passed">
  <span class="keyword indention">Hooks</span>
  <span class="name"></span>


     <i class="chevron fa fa-fw"></i>
</div>

    </div>

    <div id="before-46" class="inner-level collapse collapsable-details ">
        <div class="hook">
          <div class="brief passed">
            <span class="keyword indention">Before</span>
              <span class="location name">StepDefinition.Hooks.Start_Scenario(io.cucumber.java.Scenario)</span>

  <span class="lead-duration duration">2:18.111</span>

          </div>







        </div>
    </div>
  </div>



<div class="steps inner-level">
  <div data-toggle="collapse" class=" collapsable-control" data-target="#steps-47">

<div class="brief failed">
  <span class="keyword indention">Steps</span>
  <span class="name"></span>


     <i class="chevron fa fa-fw"></i>
</div>

  </div>

  <div id="steps-47" class="inner-level collapse collapsable-details  in ">
      <div class="step">


<div class="brief step-name-Given failed">
  <span class="keyword indention">Given</span>
  <span class="name">I Search and Edit the Item Service Charge</span>

  <span class="lead-duration duration">45.342</span>

</div>






  <div class="inner-level">
    <div class="message indention">
      <div data-toggle="collapse" class=" collapsable-control" data-target="#msg-48">
          <a>org.openqa.selenium.NoSuchElementException:</a>
      </div>
      <div id="msg-48" class="collapse collapsable-details  in ">
        <pre>org.openqa.selenium.NoSuchElementException: Failed to find element using By.xpath: //span[.='ItemServChar065')]/../../div//div[1]/button
	at com.epam.healenium.handlers.proxy.BaseHandler.findElement(BaseHandler.java:75)
	at com.epam.healenium.handlers.proxy.SelfHealingProxyInvocationHandler.invoke(SelfHealingProxyInvocationHandler.java:39)
	at jdk.proxy2/jdk.proxy2.$Proxy29.findElement(Unknown Source)
	at com.Pages.Common_XPaths.SearchAndClickEdit(Common_XPaths.java:907)
	at StepDefinition.Product_and_Items_Item_Service_Charge.Search_And_Click_Edit(Product_and_Items_Item_Service_Charge.java:276)
	at &#10045;.I Search and Edit the Item Service Charge(classpath:Product_and_Items_Features/Product_Items_Item_Service_Charge.feature:61)
Caused by: org.openqa.selenium.InvalidSelectorException: invalid selector: Unable to locate an element with the xpath expression //span[.='ItemServChar065')]/../../div//div[1]/button because of the following error:
SyntaxError: Failed to execute 'evaluate' on 'Document': The string '//span[.='ItemServChar065')]/../../div//div[1]/button' is not a valid XPath expression.
  (Session info: chrome=121.0.6167.86)
For documentation on this error, please visit: https://www.selenium.dev/documentation/webdriver/troubleshooting/errors#invalid-selector-exception
Build info: version: '4.12.1', revision: '8e34639b11'
System info: os.name: 'Windows 10', os.arch: 'amd64', os.version: '10.0', java.version: '17.0.8'
Driver info: org.openqa.selenium.chrome.ChromeDriver
Command: [9de6a67f3b85c05403141ca58b9c3573, findElement {using=xpath, value=//span[.='ItemServChar065')]/../../div//div[1]/button}]
Capabilities {acceptInsecureCerts: false, browserName: chrome, browserVersion: 121.0.6167.86, chrome: {chromedriverVersion: 121.0.6167.85 (3f98d690ad7e..., userDataDir: C:\Users\raja.s\AppData\Loc...}, fedcm:accounts: true, goog:chromeOptions: {debuggerAddress: localhost:53647}, networkConnectionEnabled: false, pageLoadStrategy: normal, platformName: windows, proxy: Proxy(), se:cdp: ws://localhost:53647/devtoo..., se:cdpVersion: 121.0.6167.86, setWindowRect: true, strictFileInteractability: false, timeouts: {implicit: 0, pageLoad: 300000, script: 30000}, unhandledPromptBehavior: dismiss and notify, webauthn:extension:credBlob: true, webauthn:extension:largeBlob: true, webauthn:extension:minPinLength: true, webauthn:extension:prf: true, webauthn:virtualAuthenticators: true}
Session ID: 9de6a67f3b85c05403141ca58b9c3573
	at java.base/jdk.internal.reflect.NativeConstructorAccessorImpl.newInstance0(Native Method)
	at java.base/jdk.internal.reflect.NativeConstructorAccessorImpl.newInstance(NativeConstructorAccessorImpl.java:77)
	at java.base/jdk.internal.reflect.DelegatingConstructorAccessorImpl.newInstance(DelegatingConstructorAccessorImpl.java:45)
	at java.base/java.lang.reflect.Constructor.newInstanceWithCaller(Constructor.java:499)
	at java.base/java.lang.reflect.Constructor.newInstance(Constructor.java:480)
	at org.openqa.selenium.remote.codec.w3c.W3CHttpResponseCodec.createException(W3CHttpResponseCodec.java:200)
	at org.openqa.selenium.remote.codec.w3c.W3CHttpResponseCodec.decode(W3CHttpResponseCodec.java:133)
	at org.openqa.selenium.remote.codec.w3c.W3CHttpResponseCodec.decode(W3CHttpResponseCodec.java:52)
	at org.openqa.selenium.remote.HttpCommandExecutor.execute(HttpCommandExecutor.java:191)
	at org.openqa.selenium.remote.service.DriverCommandExecutor.invokeExecute(DriverCommandExecutor.java:196)
	at org.openqa.selenium.remote.service.DriverCommandExecutor.execute(DriverCommandExecutor.java:171)
	at org.openqa.selenium.remote.RemoteWebDriver.execute(RemoteWebDriver.java:602)
	at org.openqa.selenium.remote.ElementLocation$ElementFinder$2.findElement(ElementLocation.java:165)
	at org.openqa.selenium.remote.ElementLocation.findElement(ElementLocation.java:59)
	at org.openqa.selenium.remote.RemoteWebDriver.findElement(RemoteWebDriver.java:359)
	at org.openqa.selenium.remote.RemoteWebDriver.findElement(RemoteWebDriver.java:353)
	at com.epam.healenium.processor.FindElementProcessor.execute(FindElementProcessor.java:23)
	at com.epam.healenium.processor.BaseProcessor.process(BaseProcessor.java:42)
	at com.epam.healenium.handlers.proxy.BaseHandler.findElement(BaseHandler.java:63)
	at com.epam.healenium.handlers.proxy.SelfHealingProxyInvocationHandler.invoke(SelfHealingProxyInvocationHandler.java:39)
	at jdk.proxy2/jdk.proxy2.$Proxy29.findElement(Unknown Source)
	at com.Pages.Common_XPaths.SearchAndClickEdit(Common_XPaths.java:907)
	at StepDefinition.Product_and_Items_Item_Service_Charge.Search_And_Click_Edit(Product_and_Items_Item_Service_Charge.java:276)
	at java.base/jdk.internal.reflect.NativeMethodAccessorImpl.invoke0(Native Method)
	at java.base/jdk.internal.reflect.NativeMethodAccessorImpl.invoke(NativeMethodAccessorImpl.java:77)
	at java.base/jdk.internal.reflect.DelegatingMethodAccessorImpl.invoke(DelegatingMethodAccessorImpl.java:43)
	at java.base/java.lang.reflect.Method.invoke(Method.java:568)
	at io.cucumber.java.Invoker.doInvoke(Invoker.java:66)
	at io.cucumber.java.Invoker.invoke(Invoker.java:24)
	at io.cucumber.java.AbstractGlueDefinition.invokeMethod(AbstractGlueDefinition.java:47)
	at io.cucumber.java.JavaStepDefinition.execute(JavaStepDefinition.java:29)
	at io.cucumber.core.runner.CoreStepDefinition.execute(CoreStepDefinition.java:66)
	at io.cucumber.core.runner.PickleStepDefinitionMatch.runStep(PickleStepDefinitionMatch.java:63)
	at io.cucumber.core.runner.ExecutionMode$1.execute(ExecutionMode.java:10)
	at io.cucumber.core.runner.TestStep.executeStep(TestStep.java:85)
	at io.cucumber.core.runner.TestStep.run(TestStep.java:57)
	at io.cucumber.core.runner.PickleStepTestStep.run(PickleStepTestStep.java:51)
	at io.cucumber.core.runner.TestCase.run(TestCase.java:84)
	at io.cucumber.core.runner.Runner.runPickle(Runner.java:75)
	at io.cucumber.junit.PickleRunners$NoStepDescriptions.lambda$run$0(PickleRunners.java:151)
	at io.cucumber.core.runtime.CucumberExecutionContext.lambda$runTestCase$5(CucumberExecutionContext.java:129)
	at io.cucumber.core.runtime.RethrowingThrowableCollector.executeAndThrow(RethrowingThrowableCollector.java:23)
	at io.cucumber.core.runtime.CucumberExecutionContext.runTestCase(CucumberExecutionContext.java:129)
	at io.cucumber.junit.PickleRunners$NoStepDescriptions.run(PickleRunners.java:148)
	at io.cucumber.junit.FeatureRunner.runChild(FeatureRunner.java:144)
	at io.cucumber.junit.FeatureRunner.runChild(FeatureRunner.java:28)
	at org.junit.runners.ParentRunner$4.run(ParentRunner.java:331)
	at org.junit.runners.ParentRunner$1.schedule(ParentRunner.java:79)
	at org.junit.runners.ParentRunner.runChildren(ParentRunner.java:329)
	at org.junit.runners.ParentRunner.access$100(ParentRunner.java:66)
	at org.junit.runners.ParentRunner$2.evaluate(ParentRunner.java:293)
	at org.junit.runners.ParentRunner$3.evaluate(ParentRunner.java:306)
	at org.junit.runners.ParentRunner.run(ParentRunner.java:413)
	at io.cucumber.junit.FeatureRunner.run(FeatureRunner.java:137)
	at io.cucumber.junit.Cucumber.runChild(Cucumber.java:196)
	at io.cucumber.junit.Cucumber.runChild(Cucumber.java:89)
	at org.junit.runners.ParentRunner$4.run(ParentRunner.java:331)
	at org.junit.runners.ParentRunner$1.schedule(ParentRunner.java:79)
	at org.junit.runners.ParentRunner.runChildren(ParentRunner.java:329)
	at org.junit.runners.ParentRunner.access$100(ParentRunner.java:66)
	at org.junit.runners.ParentRunner$2.evaluate(ParentRunner.java:293)
	at io.cucumber.junit.Cucumber$RunBeforeAllHooks.evaluate(Cucumber.java:266)
	at io.cucumber.junit.Cucumber$RunAfterAllHooks.evaluate(Cucumber.java:281)
	at io.cucumber.junit.Cucumber$StartTestRun.evaluate(Cucumber.java:233)
	at io.cucumber.junit.Cucumber$FinishTestRun.evaluate(Cucumber.java:248)
	at org.junit.runners.ParentRunner$3.evaluate(ParentRunner.java:306)
	at org.junit.runners.ParentRunner.run(ParentRunner.java:413)
	at org.junit.runner.JUnitCore.run(JUnitCore.java:137)
	at org.junit.runner.JUnitCore.run(JUnitCore.java:115)
	at org.junit.vintage.engine.execution.RunnerExecutor.execute(RunnerExecutor.java:42)
	at org.junit.vintage.engine.VintageTestEngine.executeAllChildren(VintageTestEngine.java:80)
	at org.junit.vintage.engine.VintageTestEngine.execute(VintageTestEngine.java:72)
	at org.junit.platform.launcher.core.EngineExecutionOrchestrator.execute(EngineExecutionOrchestrator.java:198)
	at org.junit.platform.launcher.core.EngineExecutionOrchestrator.execute(EngineExecutionOrchestrator.java:169)
	at org.junit.platform.launcher.core.EngineExecutionOrchestrator.execute(EngineExecutionOrchestrator.java:93)
	at org.junit.platform.launcher.core.EngineExecutionOrchestrator.lambda$execute$0(EngineExecutionOrchestrator.java:58)
	at org.junit.platform.launcher.core.EngineExecutionOrchestrator.withInterceptedStreams(EngineExecutionOrchestrator.java:141)
	at org.junit.platform.launcher.core.EngineExecutionOrchestrator.execute(EngineExecutionOrchestrator.java:57)
	at org.junit.platform.launcher.core.DefaultLauncher.execute(DefaultLauncher.java:103)
	at org.junit.platform.launcher.core.DefaultLauncher.execute(DefaultLauncher.java:94)
	at org.junit.platform.launcher.core.DelegatingLauncher.execute(DelegatingLauncher.java:52)
	at org.junit.platform.launcher.core.SessionPerRequestLauncher.execute(SessionPerRequestLauncher.java:70)
	at org.eclipse.jdt.internal.junit5.runner.JUnit5TestReference.run(JUnit5TestReference.java:98)
	at org.eclipse.jdt.internal.junit.runner.TestExecution.run(TestExecution.java:40)
	at org.eclipse.jdt.internal.junit.runner.RemoteTestRunner.runTests(RemoteTestRunner.java:529)
	at org.eclipse.jdt.internal.junit.runner.RemoteTestRunner.runTests(RemoteTestRunner.java:756)
	at org.eclipse.jdt.internal.junit.runner.RemoteTestRunner.run(RemoteTestRunner.java:452)
	at org.eclipse.jdt.internal.junit.runner.RemoteTestRunner.main(RemoteTestRunner.java:210)
</pre>
      </div>
    </div>
  </div>











      </div>
      <div class="step">


<div class="brief step-name-Then skipped">
  <span class="keyword indention">Then</span>
  <span class="name">Verify the Update Item Service Charge Header</span>

  <span class="lead-duration duration">0.000</span>

</div>
















      </div>
  </div>
</div>




  <div class="inner-level hooks-element-after">
    <div data-toggle="collapse" class=" collapsed  collapsable-control" data-target="#after-49">

<div class="brief passed">
  <span class="keyword indention">Hooks</span>
  <span class="name"></span>


     <i class="chevron fa fa-fw"></i>
</div>

    </div>

    <div id="after-49" class="inner-level collapse collapsable-details ">
        <div class="hook">
          <div class="brief passed">
            <span class="keyword indention">After</span>
              <span class="location name">StepDefinition.Hooks.TestFail(io.cucumber.java.Scenario)</span>

  <span class="lead-duration duration">2.139</span>

          </div>







        </div>
    </div>
  </div>

  </div>
</div>


<div class="element">
    <div class="indention">
      <b>Feature:</b>
      <a href="report-feature_1273911844.html">Product and Items - Item_Service_Charge</a>
    </div>


<div class="tags indention">
    <b>Tags:</b>
       <a href="report-tag_1475048969.html">@Item_Service_Charge</a>
</div>


  <span class="lead-duration duration">32.081</span>


  <span data-toggle="collapse" class=" collapsable-control" data-target="#element-50">

<div class="brief failed">
  <span class="keyword indention">Scenario</span>
  <span class="name">Verify whether we can able to Cancel/Close the Item Service Charge Update screen</span>


     <i class="chevron fa fa-fw"></i>
</div>

  </span>
  <div class="description indention"></div>

  <div id="element-50" class="collapse collapsable-details  in ">


  <div class="inner-level hooks-element-before">
    <div data-toggle="collapse" class=" collapsed  collapsable-control" data-target="#before-51">

<div class="brief passed">
  <span class="keyword indention">Hooks</span>
  <span class="name"></span>


     <i class="chevron fa fa-fw"></i>
</div>

    </div>

    <div id="before-51" class="inner-level collapse collapsable-details ">
        <div class="hook">
          <div class="brief passed">
            <span class="keyword indention">Before</span>
              <span class="location name">StepDefinition.Hooks.Start_Scenario(io.cucumber.java.Scenario)</span>

  <span class="lead-duration duration">30.339</span>

          </div>







        </div>
    </div>
  </div>



<div class="steps inner-level">
  <div data-toggle="collapse" class=" collapsable-control" data-target="#steps-52">

<div class="brief failed">
  <span class="keyword indention">Steps</span>
  <span class="name"></span>


     <i class="chevron fa fa-fw"></i>
</div>

  </div>

  <div id="steps-52" class="inner-level collapse collapsable-details  in ">
      <div class="step">


<div class="brief step-name-Then failed">
  <span class="keyword indention">Then</span>
  <span class="name">I Click the Cancel button</span>

  <span class="lead-duration duration">32.081</span>

</div>






  <div class="inner-level">
    <div class="message indention">
      <div data-toggle="collapse" class=" collapsable-control" data-target="#msg-53">
          <a>org.openqa.selenium.ElementNotInteractableException:</a>
      </div>
      <div id="msg-53" class="collapse collapsable-details  in ">
        <pre>org.openqa.selenium.ElementNotInteractableException: element not interactable
  (Session info: chrome=121.0.6167.86)
Build info: version: '4.12.1', revision: '8e34639b11'
System info: os.name: 'Windows 10', os.arch: 'amd64', os.version: '10.0', java.version: '17.0.8'
Driver info: org.openqa.selenium.chrome.ChromeDriver
Command: [9de6a67f3b85c05403141ca58b9c3573, clickElement {id=31780B99C2F6847D51018887898751B3_element_751}]
Capabilities {acceptInsecureCerts: false, browserName: chrome, browserVersion: 121.0.6167.86, chrome: {chromedriverVersion: 121.0.6167.85 (3f98d690ad7e..., userDataDir: C:\Users\raja.s\AppData\Loc...}, fedcm:accounts: true, goog:chromeOptions: {debuggerAddress: localhost:53647}, networkConnectionEnabled: false, pageLoadStrategy: normal, platformName: windows, proxy: Proxy(), se:cdp: ws://localhost:53647/devtoo..., se:cdpVersion: 121.0.6167.86, setWindowRect: true, strictFileInteractability: false, timeouts: {implicit: 0, pageLoad: 300000, script: 30000}, unhandledPromptBehavior: dismiss and notify, webauthn:extension:credBlob: true, webauthn:extension:largeBlob: true, webauthn:extension:minPinLength: true, webauthn:extension:prf: true, webauthn:virtualAuthenticators: true}
Element: [[ChromeDriver: chrome on windows (9de6a67f3b85c05403141ca58b9c3573)] -&gt; xpath: //button[.='Cancel']]
Session ID: 9de6a67f3b85c05403141ca58b9c3573
	at java.base/jdk.internal.reflect.NativeConstructorAccessorImpl.newInstance0(Native Method)
	at java.base/jdk.internal.reflect.NativeConstructorAccessorImpl.newInstance(NativeConstructorAccessorImpl.java:77)
	at java.base/jdk.internal.reflect.DelegatingConstructorAccessorImpl.newInstance(DelegatingConstructorAccessorImpl.java:45)
	at java.base/java.lang.reflect.Constructor.newInstanceWithCaller(Constructor.java:499)
	at java.base/java.lang.reflect.Constructor.newInstance(Constructor.java:480)
	at org.openqa.selenium.remote.codec.w3c.W3CHttpResponseCodec.createException(W3CHttpResponseCodec.java:200)
	at org.openqa.selenium.remote.codec.w3c.W3CHttpResponseCodec.decode(W3CHttpResponseCodec.java:133)
	at org.openqa.selenium.remote.codec.w3c.W3CHttpResponseCodec.decode(W3CHttpResponseCodec.java:52)
	at org.openqa.selenium.remote.HttpCommandExecutor.execute(HttpCommandExecutor.java:191)
	at org.openqa.selenium.remote.service.DriverCommandExecutor.invokeExecute(DriverCommandExecutor.java:196)
	at org.openqa.selenium.remote.service.DriverCommandExecutor.execute(DriverCommandExecutor.java:171)
	at org.openqa.selenium.remote.RemoteWebDriver.execute(RemoteWebDriver.java:602)
	at org.openqa.selenium.remote.RemoteWebElement.execute(RemoteWebElement.java:224)
	at org.openqa.selenium.remote.RemoteWebElement.click(RemoteWebElement.java:77)
	at jdk.internal.reflect.GeneratedMethodAccessor78.invoke(Unknown Source)
	at java.base/jdk.internal.reflect.DelegatingMethodAccessorImpl.invoke(DelegatingMethodAccessorImpl.java:43)
	at java.base/java.lang.reflect.Method.invoke(Method.java:568)
	at com.epam.healenium.handlers.proxy.WebElementProxyHandler.invoke(WebElementProxyHandler.java:68)
	at jdk.proxy2/jdk.proxy2.$Proxy25.click(Unknown Source)
	at jdk.internal.reflect.GeneratedMethodAccessor78.invoke(Unknown Source)
	at java.base/jdk.internal.reflect.DelegatingMethodAccessorImpl.invoke(DelegatingMethodAccessorImpl.java:43)
	at java.base/java.lang.reflect.Method.invoke(Method.java:568)
	at org.openqa.selenium.support.pagefactory.internal.LocatingElementHandler.invoke(LocatingElementHandler.java:51)
	at jdk.proxy2/jdk.proxy2.$Proxy25.click(Unknown Source)
	at com.Pages.Common_XPaths.Click_CancelButton(Common_XPaths.java:486)
	at StepDefinition.Product_and_Items_Departments.iClick_the_Cancel_button(Product_and_Items_Departments.java:485)
	at &#10045;.I Click the Cancel button(classpath:Product_and_Items_Features/Product_Items_Item_Service_Charge.feature:65)
</pre>
      </div>
    </div>
  </div>











      </div>
      <div class="step">


<div class="brief step-name-Then skipped">
  <span class="keyword indention">Then</span>
  <span class="name">I Verify Item Service Charge Update screen Close or not</span>

  <span class="lead-duration duration">0.000</span>

</div>
















      </div>
  </div>
</div>




  <div class="inner-level hooks-element-after">
    <div data-toggle="collapse" class=" collapsed  collapsable-control" data-target="#after-54">

<div class="brief passed">
  <span class="keyword indention">Hooks</span>
  <span class="name"></span>


     <i class="chevron fa fa-fw"></i>
</div>

    </div>

    <div id="after-54" class="inner-level collapse collapsable-details ">
        <div class="hook">
          <div class="brief passed">
            <span class="keyword indention">After</span>
              <span class="location name">StepDefinition.Hooks.TestFail(io.cucumber.java.Scenario)</span>

  <span class="lead-duration duration">2.129</span>

          </div>







        </div>
    </div>
  </div>

  </div>
</div>


<div class="element">
    <div class="indention">
      <b>Feature:</b>
      <a href="report-feature_1273911844.html">Product and Items - Item_Service_Charge</a>
    </div>


<div class="tags indention">
    <b>Tags:</b>
       <a href="report-tag_1475048969.html">@Item_Service_Charge</a>
</div>


  <span class="lead-duration duration">6.314</span>


  <span data-toggle="collapse" class=" collapsed  collapsable-control" data-target="#element-55">

<div class="brief passed">
  <span class="keyword indention">Scenario</span>
  <span class="name">Verify able to search the Item Service Charge by entering 3 letters of Item Service Charge Name</span>


     <i class="chevron fa fa-fw"></i>
</div>

  </span>
  <div class="description indention"></div>

  <div id="element-55" class="collapse collapsable-details ">


  <div class="inner-level hooks-element-before">
    <div data-toggle="collapse" class=" collapsed  collapsable-control" data-target="#before-56">

<div class="brief passed">
  <span class="keyword indention">Hooks</span>
  <span class="name"></span>


     <i class="chevron fa fa-fw"></i>
</div>

    </div>

    <div id="before-56" class="inner-level collapse collapsable-details ">
        <div class="hook">
          <div class="brief passed">
            <span class="keyword indention">Before</span>
              <span class="location name">StepDefinition.Hooks.Start_Scenario(io.cucumber.java.Scenario)</span>

  <span class="lead-duration duration">30.289</span>

          </div>







        </div>
    </div>
  </div>



<div class="steps inner-level">
  <div data-toggle="collapse" class=" collapsed  collapsable-control" data-target="#steps-57">

<div class="brief passed">
  <span class="keyword indention">Steps</span>
  <span class="name"></span>


     <i class="chevron fa fa-fw"></i>
</div>

  </div>

  <div id="steps-57" class="inner-level collapse collapsable-details ">
      <div class="step">


<div class="brief step-name-And passed">
  <span class="keyword indention">And</span>
  <span class="name">I Verify Searching the Item when entering three letters</span>

  <span class="lead-duration duration">6.314</span>

</div>
















      </div>
  </div>
</div>




  <div class="inner-level hooks-element-after">
    <div data-toggle="collapse" class=" collapsed  collapsable-control" data-target="#after-58">

<div class="brief passed">
  <span class="keyword indention">Hooks</span>
  <span class="name"></span>


     <i class="chevron fa fa-fw"></i>
</div>

    </div>

    <div id="after-58" class="inner-level collapse collapsable-details ">
        <div class="hook">
          <div class="brief passed">
            <span class="keyword indention">After</span>
              <span class="location name">StepDefinition.Hooks.TestFail(io.cucumber.java.Scenario)</span>

  <span class="lead-duration duration">0.000</span>

          </div>







        </div>
    </div>
  </div>

  </div>
</div>


<div class="element">
    <div class="indention">
      <b>Feature:</b>
      <a href="report-feature_1273911844.html">Product and Items - Item_Service_Charge</a>
    </div>


<div class="tags indention">
    <b>Tags:</b>
       <a href="report-tag_1475048969.html">@Item_Service_Charge</a>
</div>


  <span class="lead-duration duration">45.286</span>


  <span data-toggle="collapse" class=" collapsable-control" data-target="#element-59">

<div class="brief failed">
  <span class="keyword indention">Scenario</span>
  <span class="name">Update Item Service Charge without Entering Item Service Charge name</span>


     <i class="chevron fa fa-fw"></i>
</div>

  </span>
  <div class="description indention"></div>

  <div id="element-59" class="collapse collapsable-details  in ">


  <div class="inner-level hooks-element-before">
    <div data-toggle="collapse" class=" collapsed  collapsable-control" data-target="#before-60">

<div class="brief passed">
  <span class="keyword indention">Hooks</span>
  <span class="name"></span>


     <i class="chevron fa fa-fw"></i>
</div>

    </div>

    <div id="before-60" class="inner-level collapse collapsable-details ">
        <div class="hook">
          <div class="brief passed">
            <span class="keyword indention">Before</span>
              <span class="location name">StepDefinition.Hooks.Start_Scenario(io.cucumber.java.Scenario)</span>

  <span class="lead-duration duration">30.367</span>

          </div>







        </div>
    </div>
  </div>



<div class="steps inner-level">
  <div data-toggle="collapse" class=" collapsable-control" data-target="#steps-61">

<div class="brief failed">
  <span class="keyword indention">Steps</span>
  <span class="name"></span>


     <i class="chevron fa fa-fw"></i>
</div>

  </div>

  <div id="steps-61" class="inner-level collapse collapsable-details  in ">
      <div class="step">


<div class="brief step-name-Given failed">
  <span class="keyword indention">Given</span>
  <span class="name">I Search and Edit the Item Service Charge</span>

  <span class="lead-duration duration">45.286</span>

</div>






  <div class="inner-level">
    <div class="message indention">
      <div data-toggle="collapse" class=" collapsable-control" data-target="#msg-62">
          <a>org.openqa.selenium.NoSuchElementException:</a>
      </div>
      <div id="msg-62" class="collapse collapsable-details  in ">
        <pre>org.openqa.selenium.NoSuchElementException: Failed to find element using By.xpath: //span[.='ItemServChar065')]/../../div//div[1]/button
	at com.epam.healenium.handlers.proxy.BaseHandler.findElement(BaseHandler.java:75)
	at com.epam.healenium.handlers.proxy.SelfHealingProxyInvocationHandler.invoke(SelfHealingProxyInvocationHandler.java:39)
	at jdk.proxy2/jdk.proxy2.$Proxy29.findElement(Unknown Source)
	at com.Pages.Common_XPaths.SearchAndClickEdit(Common_XPaths.java:907)
	at StepDefinition.Product_and_Items_Item_Service_Charge.Search_And_Click_Edit(Product_and_Items_Item_Service_Charge.java:276)
	at &#10045;.I Search and Edit the Item Service Charge(classpath:Product_and_Items_Features/Product_Items_Item_Service_Charge.feature:72)
Caused by: org.openqa.selenium.InvalidSelectorException: invalid selector: Unable to locate an element with the xpath expression //span[.='ItemServChar065')]/../../div//div[1]/button because of the following error:
SyntaxError: Failed to execute 'evaluate' on 'Document': The string '//span[.='ItemServChar065')]/../../div//div[1]/button' is not a valid XPath expression.
  (Session info: chrome=121.0.6167.86)
For documentation on this error, please visit: https://www.selenium.dev/documentation/webdriver/troubleshooting/errors#invalid-selector-exception
Build info: version: '4.12.1', revision: '8e34639b11'
System info: os.name: 'Windows 10', os.arch: 'amd64', os.version: '10.0', java.version: '17.0.8'
Driver info: org.openqa.selenium.chrome.ChromeDriver
Command: [9de6a67f3b85c05403141ca58b9c3573, findElement {using=xpath, value=//span[.='ItemServChar065')]/../../div//div[1]/button}]
Capabilities {acceptInsecureCerts: false, browserName: chrome, browserVersion: 121.0.6167.86, chrome: {chromedriverVersion: 121.0.6167.85 (3f98d690ad7e..., userDataDir: C:\Users\raja.s\AppData\Loc...}, fedcm:accounts: true, goog:chromeOptions: {debuggerAddress: localhost:53647}, networkConnectionEnabled: false, pageLoadStrategy: normal, platformName: windows, proxy: Proxy(), se:cdp: ws://localhost:53647/devtoo..., se:cdpVersion: 121.0.6167.86, setWindowRect: true, strictFileInteractability: false, timeouts: {implicit: 0, pageLoad: 300000, script: 30000}, unhandledPromptBehavior: dismiss and notify, webauthn:extension:credBlob: true, webauthn:extension:largeBlob: true, webauthn:extension:minPinLength: true, webauthn:extension:prf: true, webauthn:virtualAuthenticators: true}
Session ID: 9de6a67f3b85c05403141ca58b9c3573
	at java.base/jdk.internal.reflect.NativeConstructorAccessorImpl.newInstance0(Native Method)
	at java.base/jdk.internal.reflect.NativeConstructorAccessorImpl.newInstance(NativeConstructorAccessorImpl.java:77)
	at java.base/jdk.internal.reflect.DelegatingConstructorAccessorImpl.newInstance(DelegatingConstructorAccessorImpl.java:45)
	at java.base/java.lang.reflect.Constructor.newInstanceWithCaller(Constructor.java:499)
	at java.base/java.lang.reflect.Constructor.newInstance(Constructor.java:480)
	at org.openqa.selenium.remote.codec.w3c.W3CHttpResponseCodec.createException(W3CHttpResponseCodec.java:200)
	at org.openqa.selenium.remote.codec.w3c.W3CHttpResponseCodec.decode(W3CHttpResponseCodec.java:133)
	at org.openqa.selenium.remote.codec.w3c.W3CHttpResponseCodec.decode(W3CHttpResponseCodec.java:52)
	at org.openqa.selenium.remote.HttpCommandExecutor.execute(HttpCommandExecutor.java:191)
	at org.openqa.selenium.remote.service.DriverCommandExecutor.invokeExecute(DriverCommandExecutor.java:196)
	at org.openqa.selenium.remote.service.DriverCommandExecutor.execute(DriverCommandExecutor.java:171)
	at org.openqa.selenium.remote.RemoteWebDriver.execute(RemoteWebDriver.java:602)
	at org.openqa.selenium.remote.ElementLocation$ElementFinder$2.findElement(ElementLocation.java:165)
	at org.openqa.selenium.remote.ElementLocation.findElement(ElementLocation.java:59)
	at org.openqa.selenium.remote.RemoteWebDriver.findElement(RemoteWebDriver.java:359)
	at org.openqa.selenium.remote.RemoteWebDriver.findElement(RemoteWebDriver.java:353)
	at com.epam.healenium.processor.FindElementProcessor.execute(FindElementProcessor.java:23)
	at com.epam.healenium.processor.BaseProcessor.process(BaseProcessor.java:42)
	at com.epam.healenium.handlers.proxy.BaseHandler.findElement(BaseHandler.java:63)
	at com.epam.healenium.handlers.proxy.SelfHealingProxyInvocationHandler.invoke(SelfHealingProxyInvocationHandler.java:39)
	at jdk.proxy2/jdk.proxy2.$Proxy29.findElement(Unknown Source)
	at com.Pages.Common_XPaths.SearchAndClickEdit(Common_XPaths.java:907)
	at StepDefinition.Product_and_Items_Item_Service_Charge.Search_And_Click_Edit(Product_and_Items_Item_Service_Charge.java:276)
	at java.base/jdk.internal.reflect.NativeMethodAccessorImpl.invoke0(Native Method)
	at java.base/jdk.internal.reflect.NativeMethodAccessorImpl.invoke(NativeMethodAccessorImpl.java:77)
	at java.base/jdk.internal.reflect.DelegatingMethodAccessorImpl.invoke(DelegatingMethodAccessorImpl.java:43)
	at java.base/java.lang.reflect.Method.invoke(Method.java:568)
	at io.cucumber.java.Invoker.doInvoke(Invoker.java:66)
	at io.cucumber.java.Invoker.invoke(Invoker.java:24)
	at io.cucumber.java.AbstractGlueDefinition.invokeMethod(AbstractGlueDefinition.java:47)
	at io.cucumber.java.JavaStepDefinition.execute(JavaStepDefinition.java:29)
	at io.cucumber.core.runner.CoreStepDefinition.execute(CoreStepDefinition.java:66)
	at io.cucumber.core.runner.PickleStepDefinitionMatch.runStep(PickleStepDefinitionMatch.java:63)
	at io.cucumber.core.runner.ExecutionMode$1.execute(ExecutionMode.java:10)
	at io.cucumber.core.runner.TestStep.executeStep(TestStep.java:85)
	at io.cucumber.core.runner.TestStep.run(TestStep.java:57)
	at io.cucumber.core.runner.PickleStepTestStep.run(PickleStepTestStep.java:51)
	at io.cucumber.core.runner.TestCase.run(TestCase.java:84)
	at io.cucumber.core.runner.Runner.runPickle(Runner.java:75)
	at io.cucumber.junit.PickleRunners$NoStepDescriptions.lambda$run$0(PickleRunners.java:151)
	at io.cucumber.core.runtime.CucumberExecutionContext.lambda$runTestCase$5(CucumberExecutionContext.java:129)
	at io.cucumber.core.runtime.RethrowingThrowableCollector.executeAndThrow(RethrowingThrowableCollector.java:23)
	at io.cucumber.core.runtime.CucumberExecutionContext.runTestCase(CucumberExecutionContext.java:129)
	at io.cucumber.junit.PickleRunners$NoStepDescriptions.run(PickleRunners.java:148)
	at io.cucumber.junit.FeatureRunner.runChild(FeatureRunner.java:144)
	at io.cucumber.junit.FeatureRunner.runChild(FeatureRunner.java:28)
	at org.junit.runners.ParentRunner$4.run(ParentRunner.java:331)
	at org.junit.runners.ParentRunner$1.schedule(ParentRunner.java:79)
	at org.junit.runners.ParentRunner.runChildren(ParentRunner.java:329)
	at org.junit.runners.ParentRunner.access$100(ParentRunner.java:66)
	at org.junit.runners.ParentRunner$2.evaluate(ParentRunner.java:293)
	at org.junit.runners.ParentRunner$3.evaluate(ParentRunner.java:306)
	at org.junit.runners.ParentRunner.run(ParentRunner.java:413)
	at io.cucumber.junit.FeatureRunner.run(FeatureRunner.java:137)
	at io.cucumber.junit.Cucumber.runChild(Cucumber.java:196)
	at io.cucumber.junit.Cucumber.runChild(Cucumber.java:89)
	at org.junit.runners.ParentRunner$4.run(ParentRunner.java:331)
	at org.junit.runners.ParentRunner$1.schedule(ParentRunner.java:79)
	at org.junit.runners.ParentRunner.runChildren(ParentRunner.java:329)
	at org.junit.runners.ParentRunner.access$100(ParentRunner.java:66)
	at org.junit.runners.ParentRunner$2.evaluate(ParentRunner.java:293)
	at io.cucumber.junit.Cucumber$RunBeforeAllHooks.evaluate(Cucumber.java:266)
	at io.cucumber.junit.Cucumber$RunAfterAllHooks.evaluate(Cucumber.java:281)
	at io.cucumber.junit.Cucumber$StartTestRun.evaluate(Cucumber.java:233)
	at io.cucumber.junit.Cucumber$FinishTestRun.evaluate(Cucumber.java:248)
	at org.junit.runners.ParentRunner$3.evaluate(ParentRunner.java:306)
	at org.junit.runners.ParentRunner.run(ParentRunner.java:413)
	at org.junit.runner.JUnitCore.run(JUnitCore.java:137)
	at org.junit.runner.JUnitCore.run(JUnitCore.java:115)
	at org.junit.vintage.engine.execution.RunnerExecutor.execute(RunnerExecutor.java:42)
	at org.junit.vintage.engine.VintageTestEngine.executeAllChildren(VintageTestEngine.java:80)
	at org.junit.vintage.engine.VintageTestEngine.execute(VintageTestEngine.java:72)
	at org.junit.platform.launcher.core.EngineExecutionOrchestrator.execute(EngineExecutionOrchestrator.java:198)
	at org.junit.platform.launcher.core.EngineExecutionOrchestrator.execute(EngineExecutionOrchestrator.java:169)
	at org.junit.platform.launcher.core.EngineExecutionOrchestrator.execute(EngineExecutionOrchestrator.java:93)
	at org.junit.platform.launcher.core.EngineExecutionOrchestrator.lambda$execute$0(EngineExecutionOrchestrator.java:58)
	at org.junit.platform.launcher.core.EngineExecutionOrchestrator.withInterceptedStreams(EngineExecutionOrchestrator.java:141)
	at org.junit.platform.launcher.core.EngineExecutionOrchestrator.execute(EngineExecutionOrchestrator.java:57)
	at org.junit.platform.launcher.core.DefaultLauncher.execute(DefaultLauncher.java:103)
	at org.junit.platform.launcher.core.DefaultLauncher.execute(DefaultLauncher.java:94)
	at org.junit.platform.launcher.core.DelegatingLauncher.execute(DelegatingLauncher.java:52)
	at org.junit.platform.launcher.core.SessionPerRequestLauncher.execute(SessionPerRequestLauncher.java:70)
	at org.eclipse.jdt.internal.junit5.runner.JUnit5TestReference.run(JUnit5TestReference.java:98)
	at org.eclipse.jdt.internal.junit.runner.TestExecution.run(TestExecution.java:40)
	at org.eclipse.jdt.internal.junit.runner.RemoteTestRunner.runTests(RemoteTestRunner.java:529)
	at org.eclipse.jdt.internal.junit.runner.RemoteTestRunner.runTests(RemoteTestRunner.java:756)
	at org.eclipse.jdt.internal.junit.runner.RemoteTestRunner.run(RemoteTestRunner.java:452)
	at org.eclipse.jdt.internal.junit.runner.RemoteTestRunner.main(RemoteTestRunner.java:210)
</pre>
      </div>
    </div>
  </div>











      </div>
      <div class="step">


<div class="brief step-name-And skipped">
  <span class="keyword indention">And</span>
  <span class="name">I Clicking the Update button without entering Item Service Charge Name</span>

  <span class="lead-duration duration">0.000</span>

</div>
















      </div>
  </div>
</div>




  <div class="inner-level hooks-element-after">
    <div data-toggle="collapse" class=" collapsed  collapsable-control" data-target="#after-63">

<div class="brief passed">
  <span class="keyword indention">Hooks</span>
  <span class="name"></span>


     <i class="chevron fa fa-fw"></i>
</div>

    </div>

    <div id="after-63" class="inner-level collapse collapsable-details ">
        <div class="hook">
          <div class="brief passed">
            <span class="keyword indention">After</span>
              <span class="location name">StepDefinition.Hooks.TestFail(io.cucumber.java.Scenario)</span>

  <span class="lead-duration duration">2.172</span>

          </div>







        </div>
    </div>
  </div>

  </div>
</div>


<div class="element">
    <div class="indention">
      <b>Feature:</b>
      <a href="report-feature_1273911844.html">Product and Items - Item_Service_Charge</a>
    </div>


<div class="tags indention">
    <b>Tags:</b>
       <a href="report-tag_1475048969.html">@Item_Service_Charge</a>
</div>


  <span class="lead-duration duration">45.287</span>


  <span data-toggle="collapse" class=" collapsable-control" data-target="#element-64">

<div class="brief failed">
  <span class="keyword indention">Scenario</span>
  <span class="name">Updating Item Service Charge</span>


     <i class="chevron fa fa-fw"></i>
</div>

  </span>
  <div class="description indention"></div>

  <div id="element-64" class="collapse collapsable-details  in ">


  <div class="inner-level hooks-element-before">
    <div data-toggle="collapse" class=" collapsed  collapsable-control" data-target="#before-65">

<div class="brief passed">
  <span class="keyword indention">Hooks</span>
  <span class="name"></span>


     <i class="chevron fa fa-fw"></i>
</div>

    </div>

    <div id="before-65" class="inner-level collapse collapsable-details ">
        <div class="hook">
          <div class="brief passed">
            <span class="keyword indention">Before</span>
              <span class="location name">StepDefinition.Hooks.Start_Scenario(io.cucumber.java.Scenario)</span>

  <span class="lead-duration duration">30.333</span>

          </div>







        </div>
    </div>
  </div>



<div class="steps inner-level">
  <div data-toggle="collapse" class=" collapsable-control" data-target="#steps-66">

<div class="brief failed">
  <span class="keyword indention">Steps</span>
  <span class="name"></span>


     <i class="chevron fa fa-fw"></i>
</div>

  </div>

  <div id="steps-66" class="inner-level collapse collapsable-details  in ">
      <div class="step">


<div class="brief step-name-Given failed">
  <span class="keyword indention">Given</span>
  <span class="name">I Search and Edit the Item Service Charge</span>

  <span class="lead-duration duration">45.287</span>

</div>






  <div class="inner-level">
    <div class="message indention">
      <div data-toggle="collapse" class=" collapsable-control" data-target="#msg-67">
          <a>org.openqa.selenium.NoSuchElementException:</a>
      </div>
      <div id="msg-67" class="collapse collapsable-details  in ">
        <pre>org.openqa.selenium.NoSuchElementException: Failed to find element using By.xpath: //span[.='ItemServChar065')]/../../div//div[1]/button
	at com.epam.healenium.handlers.proxy.BaseHandler.findElement(BaseHandler.java:75)
	at com.epam.healenium.handlers.proxy.SelfHealingProxyInvocationHandler.invoke(SelfHealingProxyInvocationHandler.java:39)
	at jdk.proxy2/jdk.proxy2.$Proxy29.findElement(Unknown Source)
	at com.Pages.Common_XPaths.SearchAndClickEdit(Common_XPaths.java:907)
	at StepDefinition.Product_and_Items_Item_Service_Charge.Search_And_Click_Edit(Product_and_Items_Item_Service_Charge.java:276)
	at &#10045;.I Search and Edit the Item Service Charge(classpath:Product_and_Items_Features/Product_Items_Item_Service_Charge.feature:78)
Caused by: org.openqa.selenium.InvalidSelectorException: invalid selector: Unable to locate an element with the xpath expression //span[.='ItemServChar065')]/../../div//div[1]/button because of the following error:
SyntaxError: Failed to execute 'evaluate' on 'Document': The string '//span[.='ItemServChar065')]/../../div//div[1]/button' is not a valid XPath expression.
  (Session info: chrome=121.0.6167.86)
For documentation on this error, please visit: https://www.selenium.dev/documentation/webdriver/troubleshooting/errors#invalid-selector-exception
Build info: version: '4.12.1', revision: '8e34639b11'
System info: os.name: 'Windows 10', os.arch: 'amd64', os.version: '10.0', java.version: '17.0.8'
Driver info: org.openqa.selenium.chrome.ChromeDriver
Command: [9de6a67f3b85c05403141ca58b9c3573, findElement {using=xpath, value=//span[.='ItemServChar065')]/../../div//div[1]/button}]
Capabilities {acceptInsecureCerts: false, browserName: chrome, browserVersion: 121.0.6167.86, chrome: {chromedriverVersion: 121.0.6167.85 (3f98d690ad7e..., userDataDir: C:\Users\raja.s\AppData\Loc...}, fedcm:accounts: true, goog:chromeOptions: {debuggerAddress: localhost:53647}, networkConnectionEnabled: false, pageLoadStrategy: normal, platformName: windows, proxy: Proxy(), se:cdp: ws://localhost:53647/devtoo..., se:cdpVersion: 121.0.6167.86, setWindowRect: true, strictFileInteractability: false, timeouts: {implicit: 0, pageLoad: 300000, script: 30000}, unhandledPromptBehavior: dismiss and notify, webauthn:extension:credBlob: true, webauthn:extension:largeBlob: true, webauthn:extension:minPinLength: true, webauthn:extension:prf: true, webauthn:virtualAuthenticators: true}
Session ID: 9de6a67f3b85c05403141ca58b9c3573
	at java.base/jdk.internal.reflect.NativeConstructorAccessorImpl.newInstance0(Native Method)
	at java.base/jdk.internal.reflect.NativeConstructorAccessorImpl.newInstance(NativeConstructorAccessorImpl.java:77)
	at java.base/jdk.internal.reflect.DelegatingConstructorAccessorImpl.newInstance(DelegatingConstructorAccessorImpl.java:45)
	at java.base/java.lang.reflect.Constructor.newInstanceWithCaller(Constructor.java:499)
	at java.base/java.lang.reflect.Constructor.newInstance(Constructor.java:480)
	at org.openqa.selenium.remote.codec.w3c.W3CHttpResponseCodec.createException(W3CHttpResponseCodec.java:200)
	at org.openqa.selenium.remote.codec.w3c.W3CHttpResponseCodec.decode(W3CHttpResponseCodec.java:133)
	at org.openqa.selenium.remote.codec.w3c.W3CHttpResponseCodec.decode(W3CHttpResponseCodec.java:52)
	at org.openqa.selenium.remote.HttpCommandExecutor.execute(HttpCommandExecutor.java:191)
	at org.openqa.selenium.remote.service.DriverCommandExecutor.invokeExecute(DriverCommandExecutor.java:196)
	at org.openqa.selenium.remote.service.DriverCommandExecutor.execute(DriverCommandExecutor.java:171)
	at org.openqa.selenium.remote.RemoteWebDriver.execute(RemoteWebDriver.java:602)
	at org.openqa.selenium.remote.ElementLocation$ElementFinder$2.findElement(ElementLocation.java:165)
	at org.openqa.selenium.remote.ElementLocation.findElement(ElementLocation.java:59)
	at org.openqa.selenium.remote.RemoteWebDriver.findElement(RemoteWebDriver.java:359)
	at org.openqa.selenium.remote.RemoteWebDriver.findElement(RemoteWebDriver.java:353)
	at com.epam.healenium.processor.FindElementProcessor.execute(FindElementProcessor.java:23)
	at com.epam.healenium.processor.BaseProcessor.process(BaseProcessor.java:42)
	at com.epam.healenium.handlers.proxy.BaseHandler.findElement(BaseHandler.java:63)
	at com.epam.healenium.handlers.proxy.SelfHealingProxyInvocationHandler.invoke(SelfHealingProxyInvocationHandler.java:39)
	at jdk.proxy2/jdk.proxy2.$Proxy29.findElement(Unknown Source)
	at com.Pages.Common_XPaths.SearchAndClickEdit(Common_XPaths.java:907)
	at StepDefinition.Product_and_Items_Item_Service_Charge.Search_And_Click_Edit(Product_and_Items_Item_Service_Charge.java:276)
	at java.base/jdk.internal.reflect.NativeMethodAccessorImpl.invoke0(Native Method)
	at java.base/jdk.internal.reflect.NativeMethodAccessorImpl.invoke(NativeMethodAccessorImpl.java:77)
	at java.base/jdk.internal.reflect.DelegatingMethodAccessorImpl.invoke(DelegatingMethodAccessorImpl.java:43)
	at java.base/java.lang.reflect.Method.invoke(Method.java:568)
	at io.cucumber.java.Invoker.doInvoke(Invoker.java:66)
	at io.cucumber.java.Invoker.invoke(Invoker.java:24)
	at io.cucumber.java.AbstractGlueDefinition.invokeMethod(AbstractGlueDefinition.java:47)
	at io.cucumber.java.JavaStepDefinition.execute(JavaStepDefinition.java:29)
	at io.cucumber.core.runner.CoreStepDefinition.execute(CoreStepDefinition.java:66)
	at io.cucumber.core.runner.PickleStepDefinitionMatch.runStep(PickleStepDefinitionMatch.java:63)
	at io.cucumber.core.runner.ExecutionMode$1.execute(ExecutionMode.java:10)
	at io.cucumber.core.runner.TestStep.executeStep(TestStep.java:85)
	at io.cucumber.core.runner.TestStep.run(TestStep.java:57)
	at io.cucumber.core.runner.PickleStepTestStep.run(PickleStepTestStep.java:51)
	at io.cucumber.core.runner.TestCase.run(TestCase.java:84)
	at io.cucumber.core.runner.Runner.runPickle(Runner.java:75)
	at io.cucumber.junit.PickleRunners$NoStepDescriptions.lambda$run$0(PickleRunners.java:151)
	at io.cucumber.core.runtime.CucumberExecutionContext.lambda$runTestCase$5(CucumberExecutionContext.java:129)
	at io.cucumber.core.runtime.RethrowingThrowableCollector.executeAndThrow(RethrowingThrowableCollector.java:23)
	at io.cucumber.core.runtime.CucumberExecutionContext.runTestCase(CucumberExecutionContext.java:129)
	at io.cucumber.junit.PickleRunners$NoStepDescriptions.run(PickleRunners.java:148)
	at io.cucumber.junit.FeatureRunner.runChild(FeatureRunner.java:144)
	at io.cucumber.junit.FeatureRunner.runChild(FeatureRunner.java:28)
	at org.junit.runners.ParentRunner$4.run(ParentRunner.java:331)
	at org.junit.runners.ParentRunner$1.schedule(ParentRunner.java:79)
	at org.junit.runners.ParentRunner.runChildren(ParentRunner.java:329)
	at org.junit.runners.ParentRunner.access$100(ParentRunner.java:66)
	at org.junit.runners.ParentRunner$2.evaluate(ParentRunner.java:293)
	at org.junit.runners.ParentRunner$3.evaluate(ParentRunner.java:306)
	at org.junit.runners.ParentRunner.run(ParentRunner.java:413)
	at io.cucumber.junit.FeatureRunner.run(FeatureRunner.java:137)
	at io.cucumber.junit.Cucumber.runChild(Cucumber.java:196)
	at io.cucumber.junit.Cucumber.runChild(Cucumber.java:89)
	at org.junit.runners.ParentRunner$4.run(ParentRunner.java:331)
	at org.junit.runners.ParentRunner$1.schedule(ParentRunner.java:79)
	at org.junit.runners.ParentRunner.runChildren(ParentRunner.java:329)
	at org.junit.runners.ParentRunner.access$100(ParentRunner.java:66)
	at org.junit.runners.ParentRunner$2.evaluate(ParentRunner.java:293)
	at io.cucumber.junit.Cucumber$RunBeforeAllHooks.evaluate(Cucumber.java:266)
	at io.cucumber.junit.Cucumber$RunAfterAllHooks.evaluate(Cucumber.java:281)
	at io.cucumber.junit.Cucumber$StartTestRun.evaluate(Cucumber.java:233)
	at io.cucumber.junit.Cucumber$FinishTestRun.evaluate(Cucumber.java:248)
	at org.junit.runners.ParentRunner$3.evaluate(ParentRunner.java:306)
	at org.junit.runners.ParentRunner.run(ParentRunner.java:413)
	at org.junit.runner.JUnitCore.run(JUnitCore.java:137)
	at org.junit.runner.JUnitCore.run(JUnitCore.java:115)
	at org.junit.vintage.engine.execution.RunnerExecutor.execute(RunnerExecutor.java:42)
	at org.junit.vintage.engine.VintageTestEngine.executeAllChildren(VintageTestEngine.java:80)
	at org.junit.vintage.engine.VintageTestEngine.execute(VintageTestEngine.java:72)
	at org.junit.platform.launcher.core.EngineExecutionOrchestrator.execute(EngineExecutionOrchestrator.java:198)
	at org.junit.platform.launcher.core.EngineExecutionOrchestrator.execute(EngineExecutionOrchestrator.java:169)
	at org.junit.platform.launcher.core.EngineExecutionOrchestrator.execute(EngineExecutionOrchestrator.java:93)
	at org.junit.platform.launcher.core.EngineExecutionOrchestrator.lambda$execute$0(EngineExecutionOrchestrator.java:58)
	at org.junit.platform.launcher.core.EngineExecutionOrchestrator.withInterceptedStreams(EngineExecutionOrchestrator.java:141)
	at org.junit.platform.launcher.core.EngineExecutionOrchestrator.execute(EngineExecutionOrchestrator.java:57)
	at org.junit.platform.launcher.core.DefaultLauncher.execute(DefaultLauncher.java:103)
	at org.junit.platform.launcher.core.DefaultLauncher.execute(DefaultLauncher.java:94)
	at org.junit.platform.launcher.core.DelegatingLauncher.execute(DelegatingLauncher.java:52)
	at org.junit.platform.launcher.core.SessionPerRequestLauncher.execute(SessionPerRequestLauncher.java:70)
	at org.eclipse.jdt.internal.junit5.runner.JUnit5TestReference.run(JUnit5TestReference.java:98)
	at org.eclipse.jdt.internal.junit.runner.TestExecution.run(TestExecution.java:40)
	at org.eclipse.jdt.internal.junit.runner.RemoteTestRunner.runTests(RemoteTestRunner.java:529)
	at org.eclipse.jdt.internal.junit.runner.RemoteTestRunner.runTests(RemoteTestRunner.java:756)
	at org.eclipse.jdt.internal.junit.runner.RemoteTestRunner.run(RemoteTestRunner.java:452)
	at org.eclipse.jdt.internal.junit.runner.RemoteTestRunner.main(RemoteTestRunner.java:210)
</pre>
      </div>
    </div>
  </div>











      </div>
      <div class="step">


<div class="brief step-name-When skipped">
  <span class="keyword indention">When</span>
  <span class="name">I Enter the New Item Service Charge Name</span>

  <span class="lead-duration duration">0.000</span>

</div>
















      </div>
      <div class="step">


<div class="brief step-name-And skipped">
  <span class="keyword indention">And</span>
  <span class="name">I Enter the Item Service Charge Percentage</span>

  <span class="lead-duration duration">0.000</span>

</div>
















      </div>
      <div class="step">


<div class="brief step-name-And skipped">
  <span class="keyword indention">And</span>
  <span class="name">I Remove all the Selected Taxes</span>

  <span class="lead-duration duration">0.000</span>

</div>
















      </div>
      <div class="step">


<div class="brief step-name-And skipped">
  <span class="keyword indention">And</span>
  <span class="name">I Click the Update button</span>

  <span class="lead-duration duration">0.000</span>

</div>
















      </div>
      <div class="step">


<div class="brief step-name-Then skipped">
  <span class="keyword indention">Then</span>
  <span class="name">Verify the Item Service Charge is Updated or not</span>

  <span class="lead-duration duration">0.000</span>

</div>
















      </div>
  </div>
</div>




  <div class="inner-level hooks-element-after">
    <div data-toggle="collapse" class=" collapsed  collapsable-control" data-target="#after-68">

<div class="brief passed">
  <span class="keyword indention">Hooks</span>
  <span class="name"></span>


     <i class="chevron fa fa-fw"></i>
</div>

    </div>

    <div id="after-68" class="inner-level collapse collapsable-details ">
        <div class="hook">
          <div class="brief passed">
            <span class="keyword indention">After</span>
              <span class="location name">StepDefinition.Hooks.TestFail(io.cucumber.java.Scenario)</span>

  <span class="lead-duration duration">2.144</span>

          </div>







        </div>
    </div>
  </div>

  </div>
</div>


<div class="element">
    <div class="indention">
      <b>Feature:</b>
      <a href="report-feature_1273911844.html">Product and Items - Item_Service_Charge</a>
    </div>


<div class="tags indention">
    <b>Tags:</b>
       <a href="report-tag_1475048969.html">@Item_Service_Charge</a>
</div>


  <span class="lead-duration duration">1:12.447</span>


  <span data-toggle="collapse" class=" collapsable-control" data-target="#element-69">

<div class="brief failed">
  <span class="keyword indention">Scenario</span>
  <span class="name">Verify whether Unable to Inactivate the Item Service Charge Clicking Cancel/No button</span>


     <i class="chevron fa fa-fw"></i>
</div>

  </span>
  <div class="description indention"></div>

  <div id="element-69" class="collapse collapsable-details  in ">


  <div class="inner-level hooks-element-before">
    <div data-toggle="collapse" class=" collapsed  collapsable-control" data-target="#before-70">

<div class="brief passed">
  <span class="keyword indention">Hooks</span>
  <span class="name"></span>


     <i class="chevron fa fa-fw"></i>
</div>

    </div>

    <div id="before-70" class="inner-level collapse collapsable-details ">
        <div class="hook">
          <div class="brief passed">
            <span class="keyword indention">Before</span>
              <span class="location name">StepDefinition.Hooks.Start_Scenario(io.cucumber.java.Scenario)</span>

  <span class="lead-duration duration">30.354</span>

          </div>







        </div>
    </div>
  </div>



<div class="steps inner-level">
  <div data-toggle="collapse" class=" collapsable-control" data-target="#steps-71">

<div class="brief failed">
  <span class="keyword indention">Steps</span>
  <span class="name"></span>


     <i class="chevron fa fa-fw"></i>
</div>

  </div>

  <div id="steps-71" class="inner-level collapse collapsable-details  in ">
      <div class="step">


<div class="brief step-name-Given failed">
  <span class="keyword indention">Given</span>
  <span class="name">I Search the Item Service Charge and Click the Delete button</span>

  <span class="lead-duration duration">1:12.447</span>

</div>






  <div class="inner-level">
    <div class="message indention">
      <div data-toggle="collapse" class=" collapsable-control" data-target="#msg-72">
          <a>org.openqa.selenium.NoSuchElementException:</a>
      </div>
      <div id="msg-72" class="collapse collapsable-details  in ">
        <pre>org.openqa.selenium.NoSuchElementException: no such element: Unable to locate element: {&quot;method&quot;:&quot;xpath&quot;,&quot;selector&quot;:&quot;//span[.='ItemServChar065 ']/../../div//div[2]/button&quot;}
  (Session info: chrome=121.0.6167.86)
For documentation on this error, please visit: https://www.selenium.dev/documentation/webdriver/troubleshooting/errors#no-such-element-exception
Build info: version: '4.12.1', revision: '8e34639b11'
System info: os.name: 'Windows 10', os.arch: 'amd64', os.version: '10.0', java.version: '17.0.8'
Driver info: org.openqa.selenium.chrome.ChromeDriver
Command: [9de6a67f3b85c05403141ca58b9c3573, findElement {using=xpath, value=//span[.='ItemServChar065 ']/../../div//div[2]/button}]
Capabilities {acceptInsecureCerts: false, browserName: chrome, browserVersion: 121.0.6167.86, chrome: {chromedriverVersion: 121.0.6167.85 (3f98d690ad7e..., userDataDir: C:\Users\raja.s\AppData\Loc...}, fedcm:accounts: true, goog:chromeOptions: {debuggerAddress: localhost:53647}, networkConnectionEnabled: false, pageLoadStrategy: normal, platformName: windows, proxy: Proxy(), se:cdp: ws://localhost:53647/devtoo..., se:cdpVersion: 121.0.6167.86, setWindowRect: true, strictFileInteractability: false, timeouts: {implicit: 0, pageLoad: 300000, script: 30000}, unhandledPromptBehavior: dismiss and notify, webauthn:extension:credBlob: true, webauthn:extension:largeBlob: true, webauthn:extension:minPinLength: true, webauthn:extension:prf: true, webauthn:virtualAuthenticators: true}
Session ID: 9de6a67f3b85c05403141ca58b9c3573
	at jdk.internal.reflect.GeneratedConstructorAccessor29.newInstance(Unknown Source)
	at java.base/jdk.internal.reflect.DelegatingConstructorAccessorImpl.newInstance(DelegatingConstructorAccessorImpl.java:45)
	at java.base/java.lang.reflect.Constructor.newInstanceWithCaller(Constructor.java:499)
	at java.base/java.lang.reflect.Constructor.newInstance(Constructor.java:480)
	at org.openqa.selenium.remote.codec.w3c.W3CHttpResponseCodec.createException(W3CHttpResponseCodec.java:200)
	at org.openqa.selenium.remote.codec.w3c.W3CHttpResponseCodec.decode(W3CHttpResponseCodec.java:133)
	at org.openqa.selenium.remote.codec.w3c.W3CHttpResponseCodec.decode(W3CHttpResponseCodec.java:52)
	at org.openqa.selenium.remote.HttpCommandExecutor.execute(HttpCommandExecutor.java:191)
	at org.openqa.selenium.remote.service.DriverCommandExecutor.invokeExecute(DriverCommandExecutor.java:196)
	at org.openqa.selenium.remote.service.DriverCommandExecutor.execute(DriverCommandExecutor.java:171)
	at org.openqa.selenium.remote.RemoteWebDriver.execute(RemoteWebDriver.java:602)
	at org.openqa.selenium.remote.ElementLocation$ElementFinder$2.findElement(ElementLocation.java:165)
	at org.openqa.selenium.remote.ElementLocation.findElement(ElementLocation.java:59)
	at org.openqa.selenium.remote.RemoteWebDriver.findElement(RemoteWebDriver.java:359)
	at org.openqa.selenium.remote.RemoteWebDriver.findElement(RemoteWebDriver.java:353)
	at com.epam.healenium.processor.FindElementProcessor.execute(FindElementProcessor.java:23)
	at com.epam.healenium.processor.BaseProcessor.process(BaseProcessor.java:42)
	at com.epam.healenium.handlers.proxy.BaseHandler.findElement(BaseHandler.java:63)
	at com.epam.healenium.handlers.proxy.SelfHealingProxyInvocationHandler.invoke(SelfHealingProxyInvocationHandler.java:39)
	at jdk.proxy2/jdk.proxy2.$Proxy29.findElement(Unknown Source)
	at com.Pages.Common_XPaths.SearchAndClickDelete(Common_XPaths.java:938)
	at StepDefinition.Product_and_Items_Item_Service_Charge.Search_Item_ServiceCharge_Click_Delete(Product_and_Items_Item_Service_Charge.java:368)
	at &#10045;.I Search the Item Service Charge and Click the Delete button(classpath:Product_and_Items_Features/Product_Items_Item_Service_Charge.feature:87)
</pre>
      </div>
    </div>
  </div>











      </div>
      <div class="step">


<div class="brief step-name-And skipped">
  <span class="keyword indention">And</span>
  <span class="name">I Click the Cancel button in Pop Up</span>

  <span class="lead-duration duration">0.000</span>

</div>
















      </div>
      <div class="step">


<div class="brief step-name-Then skipped">
  <span class="keyword indention">Then</span>
  <span class="name">Verify the Cancelled Item Service Charge Deleted/Inactivated or not</span>

  <span class="lead-duration duration">0.000</span>

</div>
















      </div>
  </div>
</div>




  <div class="inner-level hooks-element-after">
    <div data-toggle="collapse" class=" collapsed  collapsable-control" data-target="#after-73">

<div class="brief passed">
  <span class="keyword indention">Hooks</span>
  <span class="name"></span>


     <i class="chevron fa fa-fw"></i>
</div>

    </div>

    <div id="after-73" class="inner-level collapse collapsable-details ">
        <div class="hook">
          <div class="brief passed">
            <span class="keyword indention">After</span>
              <span class="location name">StepDefinition.Hooks.TestFail(io.cucumber.java.Scenario)</span>

  <span class="lead-duration duration">2.138</span>

          </div>







        </div>
    </div>
  </div>

  </div>
</div>


<div class="element">
    <div class="indention">
      <b>Feature:</b>
      <a href="report-feature_1273911844.html">Product and Items - Item_Service_Charge</a>
    </div>


<div class="tags indention">
    <b>Tags:</b>
       <a href="report-tag_1475048969.html">@Item_Service_Charge</a>
</div>


  <span class="lead-duration duration">1:12.443</span>


  <span data-toggle="collapse" class=" collapsable-control" data-target="#element-74">

<div class="brief failed">
  <span class="keyword indention">Scenario</span>
  <span class="name">Verify whether Able to Inactivate the Item Service Charge Clicking Delete/Yes button</span>


     <i class="chevron fa fa-fw"></i>
</div>

  </span>
  <div class="description indention"></div>

  <div id="element-74" class="collapse collapsable-details  in ">


  <div class="inner-level hooks-element-before">
    <div data-toggle="collapse" class=" collapsed  collapsable-control" data-target="#before-75">

<div class="brief passed">
  <span class="keyword indention">Hooks</span>
  <span class="name"></span>


     <i class="chevron fa fa-fw"></i>
</div>

    </div>

    <div id="before-75" class="inner-level collapse collapsable-details ">
        <div class="hook">
          <div class="brief passed">
            <span class="keyword indention">Before</span>
              <span class="location name">StepDefinition.Hooks.Start_Scenario(io.cucumber.java.Scenario)</span>

  <span class="lead-duration duration">30.296</span>

          </div>







        </div>
    </div>
  </div>



<div class="steps inner-level">
  <div data-toggle="collapse" class=" collapsable-control" data-target="#steps-76">

<div class="brief failed">
  <span class="keyword indention">Steps</span>
  <span class="name"></span>


     <i class="chevron fa fa-fw"></i>
</div>

  </div>

  <div id="steps-76" class="inner-level collapse collapsable-details  in ">
      <div class="step">


<div class="brief step-name-Given failed">
  <span class="keyword indention">Given</span>
  <span class="name">I Search the Item Service Charge and Click the Delete button</span>

  <span class="lead-duration duration">1:12.443</span>

</div>






  <div class="inner-level">
    <div class="message indention">
      <div data-toggle="collapse" class=" collapsable-control" data-target="#msg-77">
          <a>org.openqa.selenium.NoSuchElementException:</a>
      </div>
      <div id="msg-77" class="collapse collapsable-details  in ">
        <pre>org.openqa.selenium.NoSuchElementException: no such element: Unable to locate element: {&quot;method&quot;:&quot;xpath&quot;,&quot;selector&quot;:&quot;//span[.='ItemServChar065 ']/../../div//div[2]/button&quot;}
  (Session info: chrome=121.0.6167.86)
For documentation on this error, please visit: https://www.selenium.dev/documentation/webdriver/troubleshooting/errors#no-such-element-exception
Build info: version: '4.12.1', revision: '8e34639b11'
System info: os.name: 'Windows 10', os.arch: 'amd64', os.version: '10.0', java.version: '17.0.8'
Driver info: org.openqa.selenium.chrome.ChromeDriver
Command: [9de6a67f3b85c05403141ca58b9c3573, findElement {using=xpath, value=//span[.='ItemServChar065 ']/../../div//div[2]/button}]
Capabilities {acceptInsecureCerts: false, browserName: chrome, browserVersion: 121.0.6167.86, chrome: {chromedriverVersion: 121.0.6167.85 (3f98d690ad7e..., userDataDir: C:\Users\raja.s\AppData\Loc...}, fedcm:accounts: true, goog:chromeOptions: {debuggerAddress: localhost:53647}, networkConnectionEnabled: false, pageLoadStrategy: normal, platformName: windows, proxy: Proxy(), se:cdp: ws://localhost:53647/devtoo..., se:cdpVersion: 121.0.6167.86, setWindowRect: true, strictFileInteractability: false, timeouts: {implicit: 0, pageLoad: 300000, script: 30000}, unhandledPromptBehavior: dismiss and notify, webauthn:extension:credBlob: true, webauthn:extension:largeBlob: true, webauthn:extension:minPinLength: true, webauthn:extension:prf: true, webauthn:virtualAuthenticators: true}
Session ID: 9de6a67f3b85c05403141ca58b9c3573
	at jdk.internal.reflect.GeneratedConstructorAccessor29.newInstance(Unknown Source)
	at java.base/jdk.internal.reflect.DelegatingConstructorAccessorImpl.newInstance(DelegatingConstructorAccessorImpl.java:45)
	at java.base/java.lang.reflect.Constructor.newInstanceWithCaller(Constructor.java:499)
	at java.base/java.lang.reflect.Constructor.newInstance(Constructor.java:480)
	at org.openqa.selenium.remote.codec.w3c.W3CHttpResponseCodec.createException(W3CHttpResponseCodec.java:200)
	at org.openqa.selenium.remote.codec.w3c.W3CHttpResponseCodec.decode(W3CHttpResponseCodec.java:133)
	at org.openqa.selenium.remote.codec.w3c.W3CHttpResponseCodec.decode(W3CHttpResponseCodec.java:52)
	at org.openqa.selenium.remote.HttpCommandExecutor.execute(HttpCommandExecutor.java:191)
	at org.openqa.selenium.remote.service.DriverCommandExecutor.invokeExecute(DriverCommandExecutor.java:196)
	at org.openqa.selenium.remote.service.DriverCommandExecutor.execute(DriverCommandExecutor.java:171)
	at org.openqa.selenium.remote.RemoteWebDriver.execute(RemoteWebDriver.java:602)
	at org.openqa.selenium.remote.ElementLocation$ElementFinder$2.findElement(ElementLocation.java:165)
	at org.openqa.selenium.remote.ElementLocation.findElement(ElementLocation.java:59)
	at org.openqa.selenium.remote.RemoteWebDriver.findElement(RemoteWebDriver.java:359)
	at org.openqa.selenium.remote.RemoteWebDriver.findElement(RemoteWebDriver.java:353)
	at com.epam.healenium.processor.FindElementProcessor.execute(FindElementProcessor.java:23)
	at com.epam.healenium.processor.BaseProcessor.process(BaseProcessor.java:42)
	at com.epam.healenium.handlers.proxy.BaseHandler.findElement(BaseHandler.java:63)
	at com.epam.healenium.handlers.proxy.SelfHealingProxyInvocationHandler.invoke(SelfHealingProxyInvocationHandler.java:39)
	at jdk.proxy2/jdk.proxy2.$Proxy29.findElement(Unknown Source)
	at com.Pages.Common_XPaths.SearchAndClickDelete(Common_XPaths.java:938)
	at StepDefinition.Product_and_Items_Item_Service_Charge.Search_Item_ServiceCharge_Click_Delete(Product_and_Items_Item_Service_Charge.java:368)
	at &#10045;.I Search the Item Service Charge and Click the Delete button(classpath:Product_and_Items_Features/Product_Items_Item_Service_Charge.feature:93)
</pre>
      </div>
    </div>
  </div>











      </div>
      <div class="step">


<div class="brief step-name-And skipped">
  <span class="keyword indention">And</span>
  <span class="name">I Click the Delete button</span>

  <span class="lead-duration duration">0.000</span>

</div>
















      </div>
      <div class="step">


<div class="brief step-name-Then skipped">
  <span class="keyword indention">Then</span>
  <span class="name">I Verifying the Item Service Charge Deleted or not</span>

  <span class="lead-duration duration">0.000</span>

</div>
















      </div>
      <div class="step">


<div class="brief step-name-And skipped">
  <span class="keyword indention">And</span>
  <span class="name">I Click the Inactive button to navigate Inactivated screen to Verify Inactivated Item Service Charge</span>

  <span class="lead-duration duration">0.000</span>

</div>
















      </div>
  </div>
</div>




  <div class="inner-level hooks-element-after">
    <div data-toggle="collapse" class=" collapsed  collapsable-control" data-target="#after-78">

<div class="brief passed">
  <span class="keyword indention">Hooks</span>
  <span class="name"></span>


     <i class="chevron fa fa-fw"></i>
</div>

    </div>

    <div id="after-78" class="inner-level collapse collapsable-details ">
        <div class="hook">
          <div class="brief passed">
            <span class="keyword indention">After</span>
              <span class="location name">StepDefinition.Hooks.TestFail(io.cucumber.java.Scenario)</span>

  <span class="lead-duration duration">2.117</span>

          </div>







        </div>
    </div>
  </div>

  </div>
</div>


<div class="element">
    <div class="indention">
      <b>Feature:</b>
      <a href="report-feature_1273911844.html">Product and Items - Item_Service_Charge</a>
    </div>


<div class="tags indention">
    <b>Tags:</b>
       <a href="report-tag_1475048969.html">@Item_Service_Charge</a>
</div>


  <span class="lead-duration duration">1:4.331</span>


  <span data-toggle="collapse" class=" collapsable-control" data-target="#element-79">

<div class="brief failed">
  <span class="keyword indention">Scenario</span>
  <span class="name">Verify whether Unable to Activate the Item Service Charge Clicking Cancel/No button</span>


     <i class="chevron fa fa-fw"></i>
</div>

  </span>
  <div class="description indention"></div>

  <div id="element-79" class="collapse collapsable-details  in ">


  <div class="inner-level hooks-element-before">
    <div data-toggle="collapse" class=" collapsed  collapsable-control" data-target="#before-80">

<div class="brief passed">
  <span class="keyword indention">Hooks</span>
  <span class="name"></span>


     <i class="chevron fa fa-fw"></i>
</div>

    </div>

    <div id="before-80" class="inner-level collapse collapsable-details ">
        <div class="hook">
          <div class="brief passed">
            <span class="keyword indention">Before</span>
              <span class="location name">StepDefinition.Hooks.Start_Scenario(io.cucumber.java.Scenario)</span>

  <span class="lead-duration duration">30.343</span>

          </div>







        </div>
    </div>
  </div>



<div class="steps inner-level">
  <div data-toggle="collapse" class=" collapsable-control" data-target="#steps-81">

<div class="brief failed">
  <span class="keyword indention">Steps</span>
  <span class="name"></span>


     <i class="chevron fa fa-fw"></i>
</div>

  </div>

  <div id="steps-81" class="inner-level collapse collapsable-details  in ">
      <div class="step">


<div class="brief step-name-Given failed">
  <span class="keyword indention">Given</span>
  <span class="name">I Search the Item Service Charge and Click the Active button</span>

  <span class="lead-duration duration">1:4.331</span>

</div>






  <div class="inner-level">
    <div class="message indention">
      <div data-toggle="collapse" class=" collapsable-control" data-target="#msg-82">
          <a>org.openqa.selenium.NoSuchElementException:</a>
      </div>
      <div id="msg-82" class="collapse collapsable-details  in ">
        <pre>org.openqa.selenium.NoSuchElementException: no such element: Unable to locate element: {&quot;method&quot;:&quot;xpath&quot;,&quot;selector&quot;:&quot;//span[.='ItemServChar065 ']/../../div//div/button&quot;}
  (Session info: chrome=121.0.6167.86)
For documentation on this error, please visit: https://www.selenium.dev/documentation/webdriver/troubleshooting/errors#no-such-element-exception
Build info: version: '4.12.1', revision: '8e34639b11'
System info: os.name: 'Windows 10', os.arch: 'amd64', os.version: '10.0', java.version: '17.0.8'
Driver info: org.openqa.selenium.chrome.ChromeDriver
Command: [9de6a67f3b85c05403141ca58b9c3573, findElement {using=xpath, value=//span[.='ItemServChar065 ']/../../div//div/button}]
Capabilities {acceptInsecureCerts: false, browserName: chrome, browserVersion: 121.0.6167.86, chrome: {chromedriverVersion: 121.0.6167.85 (3f98d690ad7e..., userDataDir: C:\Users\raja.s\AppData\Loc...}, fedcm:accounts: true, goog:chromeOptions: {debuggerAddress: localhost:53647}, networkConnectionEnabled: false, pageLoadStrategy: normal, platformName: windows, proxy: Proxy(), se:cdp: ws://localhost:53647/devtoo..., se:cdpVersion: 121.0.6167.86, setWindowRect: true, strictFileInteractability: false, timeouts: {implicit: 0, pageLoad: 300000, script: 30000}, unhandledPromptBehavior: dismiss and notify, webauthn:extension:credBlob: true, webauthn:extension:largeBlob: true, webauthn:extension:minPinLength: true, webauthn:extension:prf: true, webauthn:virtualAuthenticators: true}
Session ID: 9de6a67f3b85c05403141ca58b9c3573
	at jdk.internal.reflect.GeneratedConstructorAccessor29.newInstance(Unknown Source)
	at java.base/jdk.internal.reflect.DelegatingConstructorAccessorImpl.newInstance(DelegatingConstructorAccessorImpl.java:45)
	at java.base/java.lang.reflect.Constructor.newInstanceWithCaller(Constructor.java:499)
	at java.base/java.lang.reflect.Constructor.newInstance(Constructor.java:480)
	at org.openqa.selenium.remote.codec.w3c.W3CHttpResponseCodec.createException(W3CHttpResponseCodec.java:200)
	at org.openqa.selenium.remote.codec.w3c.W3CHttpResponseCodec.decode(W3CHttpResponseCodec.java:133)
	at org.openqa.selenium.remote.codec.w3c.W3CHttpResponseCodec.decode(W3CHttpResponseCodec.java:52)
	at org.openqa.selenium.remote.HttpCommandExecutor.execute(HttpCommandExecutor.java:191)
	at org.openqa.selenium.remote.service.DriverCommandExecutor.invokeExecute(DriverCommandExecutor.java:196)
	at org.openqa.selenium.remote.service.DriverCommandExecutor.execute(DriverCommandExecutor.java:171)
	at org.openqa.selenium.remote.RemoteWebDriver.execute(RemoteWebDriver.java:602)
	at org.openqa.selenium.remote.ElementLocation$ElementFinder$2.findElement(ElementLocation.java:165)
	at org.openqa.selenium.remote.ElementLocation.findElement(ElementLocation.java:59)
	at org.openqa.selenium.remote.RemoteWebDriver.findElement(RemoteWebDriver.java:359)
	at org.openqa.selenium.remote.RemoteWebDriver.findElement(RemoteWebDriver.java:353)
	at com.epam.healenium.processor.FindElementProcessor.execute(FindElementProcessor.java:23)
	at com.epam.healenium.processor.BaseProcessor.process(BaseProcessor.java:42)
	at com.epam.healenium.handlers.proxy.BaseHandler.findElement(BaseHandler.java:63)
	at com.epam.healenium.handlers.proxy.SelfHealingProxyInvocationHandler.invoke(SelfHealingProxyInvocationHandler.java:39)
	at jdk.proxy2/jdk.proxy2.$Proxy29.findElement(Unknown Source)
	at com.Pages.Common_XPaths.SearchAndClickActivate(Common_XPaths.java:975)
	at StepDefinition.Product_and_Items_Item_Service_Charge.i_Search_the_ItemServiceCharge_and_Click_the_Active_button(Product_and_Items_Item_Service_Charge.java:440)
	at &#10045;.I Search the Item Service Charge and Click the Active button(classpath:Product_and_Items_Features/Product_Items_Item_Service_Charge.feature:99)
</pre>
      </div>
    </div>
  </div>











      </div>
      <div class="step">


<div class="brief step-name-And skipped">
  <span class="keyword indention">And</span>
  <span class="name">I Click the Cancel button in Pop Up</span>

  <span class="lead-duration duration">0.000</span>

</div>
















      </div>
      <div class="step">


<div class="brief step-name-Then skipped">
  <span class="keyword indention">Then</span>
  <span class="name">Verify the Cancelled Item Service Charge is Activated or not</span>

  <span class="lead-duration duration">0.000</span>

</div>
















      </div>
  </div>
</div>




  <div class="inner-level hooks-element-after">
    <div data-toggle="collapse" class=" collapsed  collapsable-control" data-target="#after-83">

<div class="brief passed">
  <span class="keyword indention">Hooks</span>
  <span class="name"></span>


     <i class="chevron fa fa-fw"></i>
</div>

    </div>

    <div id="after-83" class="inner-level collapse collapsable-details ">
        <div class="hook">
          <div class="brief passed">
            <span class="keyword indention">After</span>
              <span class="location name">StepDefinition.Hooks.TestFail(io.cucumber.java.Scenario)</span>

  <span class="lead-duration duration">2.162</span>

          </div>







        </div>
    </div>
  </div>

  </div>
</div>


<div class="element">
    <div class="indention">
      <b>Feature:</b>
      <a href="report-feature_1273911844.html">Product and Items - Item_Service_Charge</a>
    </div>


<div class="tags indention">
    <b>Tags:</b>
       <a href="report-tag_1475048969.html">@Item_Service_Charge</a>
</div>


  <span class="lead-duration duration">1:4.303</span>


  <span data-toggle="collapse" class=" collapsable-control" data-target="#element-84">

<div class="brief failed">
  <span class="keyword indention">Scenario</span>
  <span class="name">Verify whether Able to Activate the Item Service Charge Clicking Delete/Yes button</span>


     <i class="chevron fa fa-fw"></i>
</div>

  </span>
  <div class="description indention"></div>

  <div id="element-84" class="collapse collapsable-details  in ">


  <div class="inner-level hooks-element-before">
    <div data-toggle="collapse" class=" collapsed  collapsable-control" data-target="#before-85">

<div class="brief passed">
  <span class="keyword indention">Hooks</span>
  <span class="name"></span>


     <i class="chevron fa fa-fw"></i>
</div>

    </div>

    <div id="before-85" class="inner-level collapse collapsable-details ">
        <div class="hook">
          <div class="brief passed">
            <span class="keyword indention">Before</span>
              <span class="location name">StepDefinition.Hooks.Start_Scenario(io.cucumber.java.Scenario)</span>

  <span class="lead-duration duration">30.355</span>

          </div>







        </div>
    </div>
  </div>



<div class="steps inner-level">
  <div data-toggle="collapse" class=" collapsable-control" data-target="#steps-86">

<div class="brief failed">
  <span class="keyword indention">Steps</span>
  <span class="name"></span>


     <i class="chevron fa fa-fw"></i>
</div>

  </div>

  <div id="steps-86" class="inner-level collapse collapsable-details  in ">
      <div class="step">


<div class="brief step-name-Given failed">
  <span class="keyword indention">Given</span>
  <span class="name">I Search the Item Service Charge and Click the Active button</span>

  <span class="lead-duration duration">1:4.303</span>

</div>






  <div class="inner-level">
    <div class="message indention">
      <div data-toggle="collapse" class=" collapsable-control" data-target="#msg-87">
          <a>org.openqa.selenium.NoSuchElementException:</a>
      </div>
      <div id="msg-87" class="collapse collapsable-details  in ">
        <pre>org.openqa.selenium.NoSuchElementException: no such element: Unable to locate element: {&quot;method&quot;:&quot;xpath&quot;,&quot;selector&quot;:&quot;//span[.='ItemServChar065 ']/../../div//div/button&quot;}
  (Session info: chrome=121.0.6167.86)
For documentation on this error, please visit: https://www.selenium.dev/documentation/webdriver/troubleshooting/errors#no-such-element-exception
Build info: version: '4.12.1', revision: '8e34639b11'
System info: os.name: 'Windows 10', os.arch: 'amd64', os.version: '10.0', java.version: '17.0.8'
Driver info: org.openqa.selenium.chrome.ChromeDriver
Command: [9de6a67f3b85c05403141ca58b9c3573, findElement {using=xpath, value=//span[.='ItemServChar065 ']/../../div//div/button}]
Capabilities {acceptInsecureCerts: false, browserName: chrome, browserVersion: 121.0.6167.86, chrome: {chromedriverVersion: 121.0.6167.85 (3f98d690ad7e..., userDataDir: C:\Users\raja.s\AppData\Loc...}, fedcm:accounts: true, goog:chromeOptions: {debuggerAddress: localhost:53647}, networkConnectionEnabled: false, pageLoadStrategy: normal, platformName: windows, proxy: Proxy(), se:cdp: ws://localhost:53647/devtoo..., se:cdpVersion: 121.0.6167.86, setWindowRect: true, strictFileInteractability: false, timeouts: {implicit: 0, pageLoad: 300000, script: 30000}, unhandledPromptBehavior: dismiss and notify, webauthn:extension:credBlob: true, webauthn:extension:largeBlob: true, webauthn:extension:minPinLength: true, webauthn:extension:prf: true, webauthn:virtualAuthenticators: true}
Session ID: 9de6a67f3b85c05403141ca58b9c3573
	at jdk.internal.reflect.GeneratedConstructorAccessor29.newInstance(Unknown Source)
	at java.base/jdk.internal.reflect.DelegatingConstructorAccessorImpl.newInstance(DelegatingConstructorAccessorImpl.java:45)
	at java.base/java.lang.reflect.Constructor.newInstanceWithCaller(Constructor.java:499)
	at java.base/java.lang.reflect.Constructor.newInstance(Constructor.java:480)
	at org.openqa.selenium.remote.codec.w3c.W3CHttpResponseCodec.createException(W3CHttpResponseCodec.java:200)
	at org.openqa.selenium.remote.codec.w3c.W3CHttpResponseCodec.decode(W3CHttpResponseCodec.java:133)
	at org.openqa.selenium.remote.codec.w3c.W3CHttpResponseCodec.decode(W3CHttpResponseCodec.java:52)
	at org.openqa.selenium.remote.HttpCommandExecutor.execute(HttpCommandExecutor.java:191)
	at org.openqa.selenium.remote.service.DriverCommandExecutor.invokeExecute(DriverCommandExecutor.java:196)
	at org.openqa.selenium.remote.service.DriverCommandExecutor.execute(DriverCommandExecutor.java:171)
	at org.openqa.selenium.remote.RemoteWebDriver.execute(RemoteWebDriver.java:602)
	at org.openqa.selenium.remote.ElementLocation$ElementFinder$2.findElement(ElementLocation.java:165)
	at org.openqa.selenium.remote.ElementLocation.findElement(ElementLocation.java:59)
	at org.openqa.selenium.remote.RemoteWebDriver.findElement(RemoteWebDriver.java:359)
	at org.openqa.selenium.remote.RemoteWebDriver.findElement(RemoteWebDriver.java:353)
	at com.epam.healenium.processor.FindElementProcessor.execute(FindElementProcessor.java:23)
	at com.epam.healenium.processor.BaseProcessor.process(BaseProcessor.java:42)
	at com.epam.healenium.handlers.proxy.BaseHandler.findElement(BaseHandler.java:63)
	at com.epam.healenium.handlers.proxy.SelfHealingProxyInvocationHandler.invoke(SelfHealingProxyInvocationHandler.java:39)
	at jdk.proxy2/jdk.proxy2.$Proxy29.findElement(Unknown Source)
	at com.Pages.Common_XPaths.SearchAndClickActivate(Common_XPaths.java:975)
	at StepDefinition.Product_and_Items_Item_Service_Charge.i_Search_the_ItemServiceCharge_and_Click_the_Active_button(Product_and_Items_Item_Service_Charge.java:440)
	at &#10045;.I Search the Item Service Charge and Click the Active button(classpath:Product_and_Items_Features/Product_Items_Item_Service_Charge.feature:104)
</pre>
      </div>
    </div>
  </div>











      </div>
      <div class="step">


<div class="brief step-name-And skipped">
  <span class="keyword indention">And</span>
  <span class="name">I Click the Activate button</span>

  <span class="lead-duration duration">0.000</span>

</div>
















      </div>
      <div class="step">


<div class="brief step-name-Then skipped">
  <span class="keyword indention">Then</span>
  <span class="name">I Verifying the Item Service Charge Activated or not</span>

  <span class="lead-duration duration">0.000</span>

</div>
















      </div>
      <div class="step">


<div class="brief step-name-And skipped">
  <span class="keyword indention">And</span>
  <span class="name">I Click the Active button to navigate Activated screen to Verify Activated Item Service Charge</span>

  <span class="lead-duration duration">0.000</span>

</div>
















      </div>
  </div>
</div>




  <div class="inner-level hooks-element-after">
    <div data-toggle="collapse" class=" collapsed  collapsable-control" data-target="#after-88">

<div class="brief passed">
  <span class="keyword indention">Hooks</span>
  <span class="name"></span>


     <i class="chevron fa fa-fw"></i>
</div>

    </div>

    <div id="after-88" class="inner-level collapse collapsable-details ">
        <div class="hook">
          <div class="brief passed">
            <span class="keyword indention">After</span>
              <span class="location name">StepDefinition.Hooks.TestFail(io.cucumber.java.Scenario)</span>

  <span class="lead-duration duration">2.152</span>

          </div>







        </div>
    </div>
  </div>

  </div>
</div>


<div class="element">
    <div class="indention">
      <b>Feature:</b>
      <a href="report-feature_1273911844.html">Product and Items - Item_Service_Charge</a>
    </div>


<div class="tags indention">
    <b>Tags:</b>
       <a href="report-tag_1475048969.html">@Item_Service_Charge</a>
</div>


  <span class="lead-duration duration">19.228</span>


  <span data-toggle="collapse" class=" collapsed  collapsable-control" data-target="#element-89">

<div class="brief passed">
  <span class="keyword indention">Scenario</span>
  <span class="name">Verify whether able to Creating Duplicate Item Service Charge</span>


     <i class="chevron fa fa-fw"></i>
</div>

  </span>
  <div class="description indention"></div>

  <div id="element-89" class="collapse collapsable-details ">


  <div class="inner-level hooks-element-before">
    <div data-toggle="collapse" class=" collapsed  collapsable-control" data-target="#before-90">

<div class="brief passed">
  <span class="keyword indention">Hooks</span>
  <span class="name"></span>


     <i class="chevron fa fa-fw"></i>
</div>

    </div>

    <div id="before-90" class="inner-level collapse collapsable-details ">
        <div class="hook">
          <div class="brief passed">
            <span class="keyword indention">Before</span>
              <span class="location name">StepDefinition.Hooks.Start_Scenario(io.cucumber.java.Scenario)</span>

  <span class="lead-duration duration">30.284</span>

          </div>







        </div>
    </div>
  </div>



<div class="steps inner-level">
  <div data-toggle="collapse" class=" collapsed  collapsable-control" data-target="#steps-91">

<div class="brief passed">
  <span class="keyword indention">Steps</span>
  <span class="name"></span>


     <i class="chevron fa fa-fw"></i>
</div>

  </div>

  <div id="steps-91" class="inner-level collapse collapsable-details ">
      <div class="step">


<div class="brief step-name-Given passed">
  <span class="keyword indention">Given</span>
  <span class="name">Click the New Item Service Charge button</span>

  <span class="lead-duration duration">5.111</span>

</div>
















      </div>
      <div class="step">


<div class="brief step-name-When passed">
  <span class="keyword indention">When</span>
  <span class="name">I Enter the New Item Service Charge Name</span>

  <span class="lead-duration duration">4.195</span>

</div>
















      </div>
      <div class="step">


<div class="brief step-name-And passed">
  <span class="keyword indention">And</span>
  <span class="name">I Enter the Item Service Charge Percentage</span>

  <span class="lead-duration duration">1.664</span>

</div>
















      </div>
      <div class="step">


<div class="brief step-name-And passed">
  <span class="keyword indention">And</span>
  <span class="name">I Click the Save button</span>

  <span class="lead-duration duration">2.087</span>

</div>
















      </div>
      <div class="step">


<div class="brief step-name-Then passed">
  <span class="keyword indention">Then</span>
  <span class="name">Verify whether the Duplicate Item Service Charge is Saved or not</span>

  <span class="lead-duration duration">6.168</span>

</div>
















      </div>
  </div>
</div>




  <div class="inner-level hooks-element-after">
    <div data-toggle="collapse" class=" collapsed  collapsable-control" data-target="#after-92">

<div class="brief passed">
  <span class="keyword indention">Hooks</span>
  <span class="name"></span>


     <i class="chevron fa fa-fw"></i>
</div>

    </div>

    <div id="after-92" class="inner-level collapse collapsable-details ">
        <div class="hook">
          <div class="brief passed">
            <span class="keyword indention">After</span>
              <span class="location name">StepDefinition.Hooks.TestFail(io.cucumber.java.Scenario)</span>

  <span class="lead-duration duration">0.000</span>

          </div>







        </div>
    </div>
  </div>

  </div>
</div>


<div class="element">
    <div class="indention">
      <b>Feature:</b>
      <a href="report-feature_1273911844.html">Product and Items - Item_Service_Charge</a>
    </div>


<div class="tags indention">
    <b>Tags:</b>
       <a href="report-tag_1475048969.html">@Item_Service_Charge</a>
</div>


  <span class="lead-duration duration">11.425</span>


  <span data-toggle="collapse" class=" collapsed  collapsable-control" data-target="#element-93">

<div class="brief passed">
  <span class="keyword indention">Scenario</span>
  <span class="name">Verify whether the available Item Service Charge is Displayed or not</span>


     <i class="chevron fa fa-fw"></i>
</div>

  </span>
  <div class="description indention"></div>

  <div id="element-93" class="collapse collapsable-details ">


  <div class="inner-level hooks-element-before">
    <div data-toggle="collapse" class=" collapsed  collapsable-control" data-target="#before-94">

<div class="brief passed">
  <span class="keyword indention">Hooks</span>
  <span class="name"></span>


     <i class="chevron fa fa-fw"></i>
</div>

    </div>

    <div id="before-94" class="inner-level collapse collapsable-details ">
        <div class="hook">
          <div class="brief passed">
            <span class="keyword indention">Before</span>
              <span class="location name">StepDefinition.Hooks.Start_Scenario(io.cucumber.java.Scenario)</span>

  <span class="lead-duration duration">30.357</span>

          </div>







        </div>
    </div>
  </div>



<div class="steps inner-level">
  <div data-toggle="collapse" class=" collapsed  collapsable-control" data-target="#steps-95">

<div class="brief passed">
  <span class="keyword indention">Steps</span>
  <span class="name"></span>


     <i class="chevron fa fa-fw"></i>
</div>

  </div>

  <div id="steps-95" class="inner-level collapse collapsable-details ">
      <div class="step">


<div class="brief step-name-Then passed">
  <span class="keyword indention">Then</span>
  <span class="name">Verify the Available Item Service Charge is Displayed ot not</span>

  <span class="lead-duration duration">11.425</span>

</div>
















      </div>
  </div>
</div>




  <div class="inner-level hooks-element-after">
    <div data-toggle="collapse" class=" collapsed  collapsable-control" data-target="#after-96">

<div class="brief passed">
  <span class="keyword indention">Hooks</span>
  <span class="name"></span>


     <i class="chevron fa fa-fw"></i>
</div>

    </div>

    <div id="after-96" class="inner-level collapse collapsable-details ">
        <div class="hook">
          <div class="brief passed">
            <span class="keyword indention">After</span>
              <span class="location name">StepDefinition.Hooks.TestFail(io.cucumber.java.Scenario)</span>

  <span class="lead-duration duration">0.000</span>

          </div>







        </div>
    </div>
  </div>

  </div>
</div>


<div class="element">
    <div class="indention">
      <b>Feature:</b>
      <a href="report-feature_1273911844.html">Product and Items - Item_Service_Charge</a>
    </div>


<div class="tags indention">
    <b>Tags:</b>
       <a href="report-tag_1475048969.html">@Item_Service_Charge</a>
</div>


  <span class="lead-duration duration">12.199</span>


  <span data-toggle="collapse" class=" collapsed  collapsable-control" data-target="#element-97">

<div class="brief passed">
  <span class="keyword indention">Scenario</span>
  <span class="name">Verify whether the Item Service Charge Saved by Entering Special Characters</span>


     <i class="chevron fa fa-fw"></i>
</div>

  </span>
  <div class="description indention"></div>

  <div id="element-97" class="collapse collapsable-details ">


  <div class="inner-level hooks-element-before">
    <div data-toggle="collapse" class=" collapsed  collapsable-control" data-target="#before-98">

<div class="brief passed">
  <span class="keyword indention">Hooks</span>
  <span class="name"></span>


     <i class="chevron fa fa-fw"></i>
</div>

    </div>

    <div id="before-98" class="inner-level collapse collapsable-details ">
        <div class="hook">
          <div class="brief passed">
            <span class="keyword indention">Before</span>
              <span class="location name">StepDefinition.Hooks.Start_Scenario(io.cucumber.java.Scenario)</span>

  <span class="lead-duration duration">30.319</span>

          </div>







        </div>
    </div>
  </div>



<div class="steps inner-level">
  <div data-toggle="collapse" class=" collapsed  collapsable-control" data-target="#steps-99">

<div class="brief passed">
  <span class="keyword indention">Steps</span>
  <span class="name"></span>


     <i class="chevron fa fa-fw"></i>
</div>

  </div>

  <div id="steps-99" class="inner-level collapse collapsable-details ">
      <div class="step">


<div class="brief step-name-Given passed">
  <span class="keyword indention">Given</span>
  <span class="name">Click the New Item Service Charge button</span>

  <span class="lead-duration duration">5.111</span>

</div>
















      </div>
      <div class="step">


<div class="brief step-name-When passed">
  <span class="keyword indention">When</span>
  <span class="name">I Enter the New Item Service Charge Name with Special Characters</span>

  <span class="lead-duration duration">4.197</span>

</div>
















      </div>
      <div class="step">


<div class="brief step-name-And passed">
  <span class="keyword indention">And</span>
  <span class="name">I Click the Save button</span>

  <span class="lead-duration duration">2.068</span>

</div>
















      </div>
      <div class="step">


<div class="brief step-name-Then passed">
  <span class="keyword indention">Then</span>
  <span class="name">Verify whether the Item Service Charge with Special Characters is Saved or not</span>

  <span class="lead-duration duration">0.821</span>

</div>
















      </div>
  </div>
</div>




  <div class="inner-level hooks-element-after">
    <div data-toggle="collapse" class=" collapsed  collapsable-control" data-target="#after-100">

<div class="brief passed">
  <span class="keyword indention">Hooks</span>
  <span class="name"></span>


     <i class="chevron fa fa-fw"></i>
</div>

    </div>

    <div id="after-100" class="inner-level collapse collapsable-details ">
        <div class="hook">
          <div class="brief passed">
            <span class="keyword indention">After</span>
              <span class="location name">StepDefinition.Hooks.TestFail(io.cucumber.java.Scenario)</span>

  <span class="lead-duration duration">0.000</span>

          </div>







        </div>
    </div>
  </div>

  </div>
</div>


<div class="element">
    <div class="indention">
      <b>Feature:</b>
      <a href="report-feature_1273911844.html">Product and Items - Item_Service_Charge</a>
    </div>


<div class="tags indention">
    <b>Tags:</b>
       <a href="report-tag_1475048969.html">@Item_Service_Charge</a>
</div>


  <span class="lead-duration duration">19.100</span>


  <span data-toggle="collapse" class=" collapsed  collapsable-control" data-target="#element-101">

<div class="brief passed">
  <span class="keyword indention">Scenario</span>
  <span class="name">Verify whether the Item Service Charge Updating with Space in the end of Item Service Charge name</span>


     <i class="chevron fa fa-fw"></i>
</div>

  </span>
  <div class="description indention"></div>

  <div id="element-101" class="collapse collapsable-details ">


  <div class="inner-level hooks-element-before">
    <div data-toggle="collapse" class=" collapsed  collapsable-control" data-target="#before-102">

<div class="brief passed">
  <span class="keyword indention">Hooks</span>
  <span class="name"></span>


     <i class="chevron fa fa-fw"></i>
</div>

    </div>

    <div id="before-102" class="inner-level collapse collapsable-details ">
        <div class="hook">
          <div class="brief passed">
            <span class="keyword indention">Before</span>
              <span class="location name">StepDefinition.Hooks.Start_Scenario(io.cucumber.java.Scenario)</span>

  <span class="lead-duration duration">30.297</span>

          </div>







        </div>
    </div>
  </div>



<div class="steps inner-level">
  <div data-toggle="collapse" class=" collapsed  collapsable-control" data-target="#steps-103">

<div class="brief passed">
  <span class="keyword indention">Steps</span>
  <span class="name"></span>


     <i class="chevron fa fa-fw"></i>
</div>

  </div>

  <div id="steps-103" class="inner-level collapse collapsable-details ">
      <div class="step">


<div class="brief step-name-Given passed">
  <span class="keyword indention">Given</span>
  <span class="name">I Search and Edit the Item Service Charge</span>

  <span class="lead-duration duration">15.320</span>

</div>
















      </div>
      <div class="step">


<div class="brief step-name-When passed">
  <span class="keyword indention">When</span>
  <span class="name">I Enter the New Item Service Charge Name with Space</span>

  <span class="lead-duration duration">2.237</span>

</div>
















      </div>
      <div class="step">


<div class="brief step-name-And passed">
  <span class="keyword indention">And</span>
  <span class="name">I Click the Update button</span>

  <span class="lead-duration duration">0.598</span>

</div>
















      </div>
      <div class="step">


<div class="brief step-name-Then passed">
  <span class="keyword indention">Then</span>
  <span class="name">Verify whether the Item Service Charge Name with Space in end is Updated or not</span>

  <span class="lead-duration duration">0.943</span>

</div>
















      </div>
  </div>
</div>




  <div class="inner-level hooks-element-after">
    <div data-toggle="collapse" class=" collapsed  collapsable-control" data-target="#after-104">

<div class="brief passed">
  <span class="keyword indention">Hooks</span>
  <span class="name"></span>


     <i class="chevron fa fa-fw"></i>
</div>

    </div>

    <div id="after-104" class="inner-level collapse collapsable-details ">
        <div class="hook">
          <div class="brief passed">
            <span class="keyword indention">After</span>
              <span class="location name">StepDefinition.Hooks.TestFail(io.cucumber.java.Scenario)</span>

  <span class="lead-duration duration">0.000</span>

          </div>







        </div>
    </div>
  </div>

  </div>
</div>


      </div>
    </div>
  </div>
</div>


<div class="container-fluid">
  <div class="row">
    <div class="col-md-1 col-md-offset-10">
      <i class="fa fa-chevron-circle-down fa-2x collapsable-control"
        onClick="javascript:$('#report .collapsable-details').collapse('show')"></i>
      <i class="fa fa-chevron-circle-up fa-2x collapsable-control"
        onClick="javascript:$('#report .collapsable-details').collapse('hide')"></i>
    </div>
  </div>
</div>

<br/>

<nav class="navbar navbar-default" id="footer">
  <div class="container-fluid">
    <p class="navbar-text navbar-right">
        <small>generate Cucumber HTML reports via:&nbsp;</small>
        <a class="navbar-link" href="https://github.com/jenkinsci/cucumber-reports-plugin">Jenkins Plugin</a> |
        <a class="navbar-link" href="https://github.com/damianszczepanik/cucumber-reporting">Standalone</a> |
        <a class="navbar-link" href="https://github.com/damianszczepanik/cucumber-sandwich">Sandwich</a> |
        <a class="navbar-link" href="https://github.com/damianszczepanik/maven-cucumber-reporting">Maven</a>
        &nbsp;&nbsp;
    </p>
  </div>
</nav>

</body>
</html>
